<?xml version="1.0" encoding="UTF-8"?>
<robot generator="Robot 4.1.3 (Python 3.10.2 on win32)" generated="20220131 21:50:04.730" rpa="false" schemaversion="2">
<suite id="s1" name="Webautomation" source="C:\Users\user\OneDrive - Prime Control\Documentos\Curso Robot Básico\tests\features\webautomation.robot">
<test id="s1-t1" name="Cenario: Criar usuário através da sessão de lista de">
<kw name="Abrir navegador" library="hooks" type="SETUP">
<kw name="Open Browser" library="SeleniumLibrary">
<arg>about:blank</arg>
<arg>chrome</arg>
<arg>options=add_experimental_option('excludeSwitches', ['enable-logging'])</arg>
<doc>Opens a new browser instance to the optional ``url``.</doc>
<msg timestamp="20220131 21:50:04.972" level="INFO">Opening browser 'chrome' to base url 'about:blank'.</msg>
<status status="PASS" starttime="20220131 21:50:04.972" endtime="20220131 21:50:06.141"/>
</kw>
<kw name="Maximize Browser Window" library="SeleniumLibrary">
<doc>Maximizes current browser window.</doc>
<status status="PASS" starttime="20220131 21:50:06.142" endtime="20220131 21:50:06.269"/>
</kw>
<kw name="Go To" library="SeleniumLibrary">
<arg>https://automacaocombatista.herokuapp.com/users</arg>
<doc>Navigates the current browser window to the provided ``url``.</doc>
<msg timestamp="20220131 21:50:06.270" level="INFO">Opening url 'https://automacaocombatista.herokuapp.com/users'</msg>
<status status="PASS" starttime="20220131 21:50:06.269" endtime="20220131 21:50:08.744"/>
</kw>
<kw name="Maximize Browser Window" library="SeleniumLibrary">
<doc>Maximizes current browser window.</doc>
<status status="PASS" starttime="20220131 21:50:08.744" endtime="20220131 21:50:08.746"/>
</kw>
<kw name="Set Selenium Timeout" library="SeleniumLibrary">
<arg>20</arg>
<doc>Sets the timeout that is used by various keywords.</doc>
<status status="PASS" starttime="20220131 21:50:08.746" endtime="20220131 21:50:08.748"/>
</kw>
<status status="PASS" starttime="20220131 21:50:04.972" endtime="20220131 21:50:08.748"/>
</kw>
<kw name="Dado que eu esteja na tela de lista de usuários" library="kws_web">
<kw name="Go To" library="SeleniumLibrary">
<arg>https://automacaocombatista.herokuapp.com/users</arg>
<doc>Navigates the current browser window to the provided ``url``.</doc>
<msg timestamp="20220131 21:50:08.750" level="INFO">Opening url 'https://automacaocombatista.herokuapp.com/users'</msg>
<status status="PASS" starttime="20220131 21:50:08.750" endtime="20220131 21:50:09.030"/>
</kw>
<kw name="Maximize Browser Window" library="SeleniumLibrary">
<doc>Maximizes current browser window.</doc>
<status status="PASS" starttime="20220131 21:50:09.031" endtime="20220131 21:50:09.035"/>
</kw>
<kw name="Set Selenium Timeout" library="SeleniumLibrary">
<arg>20</arg>
<doc>Sets the timeout that is used by various keywords.</doc>
<status status="PASS" starttime="20220131 21:50:09.035" endtime="20220131 21:50:09.041"/>
</kw>
<kw name="Title Should Be" library="SeleniumLibrary">
<arg>Automação com Batista</arg>
<doc>Verifies that the current page title equals ``title``.</doc>
<msg timestamp="20220131 21:50:09.047" level="INFO">Page title is 'Automação com Batista'.</msg>
<status status="PASS" starttime="20220131 21:50:09.042" endtime="20220131 21:50:09.048"/>
</kw>
<kw name="Wait Until Element Is Visible" library="SeleniumLibrary">
<arg>xpath=//*[contains(text(), 'Lista de Usuários!!')]</arg>
<doc>Waits until the element ``locator`` is visible.</doc>
<status status="PASS" starttime="20220131 21:50:09.048" endtime="20220131 21:50:09.084"/>
</kw>
<status status="PASS" starttime="20220131 21:50:08.748" endtime="20220131 21:50:09.084"/>
</kw>
<kw name="E clique na opção NOVO USUÁRIO" library="kws_web">
<kw name="Click Element" library="SeleniumLibrary">
<arg>xpath=//*[contains(text(), 'Novo Usuário')]</arg>
<doc>Click the element identified by ``locator``.</doc>
<msg timestamp="20220131 21:50:09.086" level="INFO">Clicking element 'xpath=//*[contains(text(), 'Novo Usuário')]'.</msg>
<status status="PASS" starttime="20220131 21:50:09.086" endtime="20220131 21:50:09.172"/>
</kw>
<status status="PASS" starttime="20220131 21:50:09.085" endtime="20220131 21:50:09.173"/>
</kw>
<kw name="Quando finalizar o cadastro preenchendo todos os campos" library="kws_web">
<kw name="Sleep" library="BuiltIn">
<arg>3</arg>
<doc>Pauses the test executed for the given time.</doc>
<msg timestamp="20220131 21:50:12.177" level="INFO">Slept 3 seconds</msg>
<status status="PASS" starttime="20220131 21:50:09.175" endtime="20220131 21:50:12.177"/>
</kw>
<kw name="Input Text" library="SeleniumLibrary">
<arg>id=user_name</arg>
<arg>${NOVO_USUARIO.nome}</arg>
<doc>Types the given ``text`` into the text field identified by ``locator``.</doc>
<msg timestamp="20220131 21:50:12.177" level="INFO">Typing text 'Thiago' into text field 'id=user_name'.</msg>
<status status="PASS" starttime="20220131 21:50:12.177" endtime="20220131 21:50:12.281"/>
</kw>
<kw name="Input Text" library="SeleniumLibrary">
<arg>id=user_lastname</arg>
<arg>${NOVO_USUARIO.ult_nome}</arg>
<doc>Types the given ``text`` into the text field identified by ``locator``.</doc>
<msg timestamp="20220131 21:50:12.282" level="INFO">Typing text 'Costa' into text field 'id=user_lastname'.</msg>
<status status="PASS" starttime="20220131 21:50:12.281" endtime="20220131 21:50:12.388"/>
</kw>
<kw name="Input Text" library="SeleniumLibrary">
<arg>id=user_email</arg>
<arg>${NOVO_USUARIO.email}</arg>
<doc>Types the given ``text`` into the text field identified by ``locator``.</doc>
<msg timestamp="20220131 21:50:12.389" level="INFO">Typing text 'thiago.teste@robot.com' into text field 'id=user_email'.</msg>
<status status="PASS" starttime="20220131 21:50:12.388" endtime="20220131 21:50:12.516"/>
</kw>
<kw name="Input Text" library="SeleniumLibrary">
<arg>id=user_address</arg>
<arg>${NOVO_USUARIO.endereço}</arg>
<doc>Types the given ``text`` into the text field identified by ``locator``.</doc>
<msg timestamp="20220131 21:50:12.519" level="INFO">Typing text 'Rua Teste teste' into text field 'id=user_address'.</msg>
<status status="PASS" starttime="20220131 21:50:12.516" endtime="20220131 21:50:12.638"/>
</kw>
<kw name="Input Text" library="SeleniumLibrary">
<arg>id=user_university</arg>
<arg>${NOVO_USUARIO.universidade}</arg>
<doc>Types the given ``text`` into the text field identified by ``locator``.</doc>
<msg timestamp="20220131 21:50:12.639" level="INFO">Typing text 'Estácio' into text field 'id=user_university'.</msg>
<status status="PASS" starttime="20220131 21:50:12.638" endtime="20220131 21:50:12.741"/>
</kw>
<kw name="Input Text" library="SeleniumLibrary">
<arg>id=user_profile</arg>
<arg>${NOVO_USUARIO.profissao}</arg>
<doc>Types the given ``text`` into the text field identified by ``locator``.</doc>
<msg timestamp="20220131 21:50:12.742" level="INFO">Typing text 'Analista de Teste' into text field 'id=user_profile'.</msg>
<status status="PASS" starttime="20220131 21:50:12.741" endtime="20220131 21:50:12.868"/>
</kw>
<kw name="Input Text" library="SeleniumLibrary">
<arg>id=user_gender</arg>
<arg>${NOVO_USUARIO.genero}</arg>
<doc>Types the given ``text`` into the text field identified by ``locator``.</doc>
<msg timestamp="20220131 21:50:12.869" level="INFO">Typing text 'Masculino' into text field 'id=user_gender'.</msg>
<status status="PASS" starttime="20220131 21:50:12.868" endtime="20220131 21:50:12.978"/>
</kw>
<kw name="Input Text" library="SeleniumLibrary">
<arg>id=user_age</arg>
<arg>${NOVO_USUARIO.idade}</arg>
<doc>Types the given ``text`` into the text field identified by ``locator``.</doc>
<msg timestamp="20220131 21:50:12.979" level="INFO">Typing text '37' into text field 'id=user_age'.</msg>
<status status="PASS" starttime="20220131 21:50:12.979" endtime="20220131 21:50:13.075"/>
</kw>
<kw name="Click Element" library="SeleniumLibrary">
<arg>xpath=//input[@value='Criar']</arg>
<doc>Click the element identified by ``locator``.</doc>
<msg timestamp="20220131 21:50:13.075" level="INFO">Clicking element 'xpath=//input[@value='Criar']'.</msg>
<status status="PASS" starttime="20220131 21:50:13.075" endtime="20220131 21:50:14.119"/>
</kw>
<status status="PASS" starttime="20220131 21:50:09.173" endtime="20220131 21:50:14.119"/>
</kw>
<kw name="Então deverá ser apresentada a mensagem &quot;Usuário criado com sucesso&quot;" library="kws_web">
<kw name="Wait Until Element Is Visible" library="SeleniumLibrary">
<arg>xpath=//*[contains(text(), 'Usuário Criado com sucesso')]</arg>
<doc>Waits until the element ``locator`` is visible.</doc>
<status status="PASS" starttime="20220131 21:50:14.121" endtime="20220131 21:50:14.148"/>
</kw>
<kw name="Wait Until Page Contains" library="SeleniumLibrary">
<arg>${NOVO_USUARIO.nome}</arg>
<doc>Waits until ``text`` appears on the current page.</doc>
<status status="PASS" starttime="20220131 21:50:14.148" endtime="20220131 21:50:14.166"/>
</kw>
<kw name="Wait Until Page Contains" library="SeleniumLibrary">
<arg>${NOVO_USUARIO.ult_nome}</arg>
<doc>Waits until ``text`` appears on the current page.</doc>
<status status="PASS" starttime="20220131 21:50:14.166" endtime="20220131 21:50:14.179"/>
</kw>
<kw name="Wait Until Page Contains" library="SeleniumLibrary">
<arg>${NOVO_USUARIO.email}</arg>
<doc>Waits until ``text`` appears on the current page.</doc>
<status status="PASS" starttime="20220131 21:50:14.179" endtime="20220131 21:50:14.192"/>
</kw>
<kw name="Wait Until Page Contains" library="SeleniumLibrary">
<arg>${NOVO_USUARIO.endereço}</arg>
<doc>Waits until ``text`` appears on the current page.</doc>
<status status="PASS" starttime="20220131 21:50:14.192" endtime="20220131 21:50:14.203"/>
</kw>
<kw name="Wait Until Page Contains" library="SeleniumLibrary">
<arg>${NOVO_USUARIO.universidade}</arg>
<doc>Waits until ``text`` appears on the current page.</doc>
<status status="PASS" starttime="20220131 21:50:14.203" endtime="20220131 21:50:14.215"/>
</kw>
<kw name="Wait Until Page Contains" library="SeleniumLibrary">
<arg>${NOVO_USUARIO.profissao}</arg>
<doc>Waits until ``text`` appears on the current page.</doc>
<status status="PASS" starttime="20220131 21:50:14.215" endtime="20220131 21:50:14.230"/>
</kw>
<kw name="Wait Until Page Contains" library="SeleniumLibrary">
<arg>${NOVO_USUARIO.genero}</arg>
<doc>Waits until ``text`` appears on the current page.</doc>
<status status="PASS" starttime="20220131 21:50:14.230" endtime="20220131 21:50:14.245"/>
</kw>
<kw name="Wait Until Page Contains" library="SeleniumLibrary">
<arg>${NOVO_USUARIO.idade}</arg>
<doc>Waits until ``text`` appears on the current page.</doc>
<status status="PASS" starttime="20220131 21:50:14.245" endtime="20220131 21:50:14.258"/>
</kw>
<status status="PASS" starttime="20220131 21:50:14.120" endtime="20220131 21:50:14.258"/>
</kw>
<kw name="Fechar navegador" library="hooks" type="TEARDOWN">
<kw name="Capture Page Screenshot" library="SeleniumLibrary">
<doc>Takes a screenshot of the current page and embeds it into a log file.</doc>
<msg timestamp="20220131 21:50:14.415" level="INFO" html="true">&lt;/td&gt;&lt;/tr&gt;&lt;tr&gt;&lt;td colspan="3"&gt;&lt;a href="selenium-screenshot-5.png"&gt;&lt;img src="selenium-screenshot-5.png" width="800px"&gt;&lt;/a&gt;</msg>
<status status="PASS" starttime="20220131 21:50:14.259" endtime="20220131 21:50:14.415"/>
</kw>
<kw name="Close Browser" library="SeleniumLibrary">
<doc>Closes the current browser.</doc>
<status status="PASS" starttime="20220131 21:50:14.415" endtime="20220131 21:50:16.776"/>
</kw>
<status status="PASS" starttime="20220131 21:50:14.259" endtime="20220131 21:50:16.776"/>
</kw>
<tag>BDD_NOVO</tag>
<status status="PASS" starttime="20220131 21:50:04.970" endtime="20220131 21:50:16.776"/>
</test>
<doc>Aqui estarão presentes todos os testes automatizados do módulo de Automação Web</doc>
<status status="PASS" starttime="20220131 21:50:04.732" endtime="20220131 21:50:16.778"/>
</suite>
<statistics>
<total>
<stat pass="1" fail="0" skip="0">All Tests</stat>
</total>
<tag>
<stat pass="1" fail="0" skip="0">BDD_NOVO</stat>
</tag>
<suite>
<stat pass="1" fail="0" skip="0" id="s1" name="Webautomation">Webautomation</stat>
</suite>
</statistics>
<errors>
</errors>
</robot>
