<?xml version="1.0" encoding="UTF-8"?>
<robot generator="Robot 4.1.3 (Python 3.10.2 on win32)" generated="20220131 21:05:27.411" rpa="false" schemaversion="2">
<suite id="s1" name="Webautomation" source="C:\Users\user\OneDrive - Prime Control\Documentos\Curso Robot Básico\tests\features\webautomation.robot">
<test id="s1-t1" name="Cenario: Criar usuário através da sessão de lista de">
<kw name="Abrir navegador" library="hooks" type="SETUP">
<kw name="Open Browser" library="SeleniumLibrary">
<arg>about:blank</arg>
<arg>chrome</arg>
<doc>Opens a new browser instance to the optional ``url``.</doc>
<msg timestamp="20220131 21:05:27.680" level="INFO">Opening browser 'chrome' to base url 'about:blank'.</msg>
<status status="PASS" starttime="20220131 21:05:27.680" endtime="20220131 21:05:28.938"/>
</kw>
<kw name="Go To" library="SeleniumLibrary">
<arg>https://automacaocombatista.herokuapp.com/users</arg>
<doc>Navigates the current browser window to the provided ``url``.</doc>
<msg timestamp="20220131 21:05:28.939" level="INFO">Opening url 'https://automacaocombatista.herokuapp.com/users'</msg>
<status status="PASS" starttime="20220131 21:05:28.939" endtime="20220131 21:05:31.238"/>
</kw>
<kw name="Maximize Browser Window" library="SeleniumLibrary">
<doc>Maximizes current browser window.</doc>
<status status="PASS" starttime="20220131 21:05:31.238" endtime="20220131 21:05:31.386"/>
</kw>
<kw name="Set Selenium Timeout" library="SeleniumLibrary">
<arg>20</arg>
<doc>Sets the timeout that is used by various keywords.</doc>
<status status="PASS" starttime="20220131 21:05:31.388" endtime="20220131 21:05:31.396"/>
</kw>
<status status="PASS" starttime="20220131 21:05:27.679" endtime="20220131 21:05:31.396"/>
</kw>
<kw name="Dado que eu esteja na tela de lista de usuários" library="kws_web">
<kw name="Go To" library="SeleniumLibrary">
<arg>https://automacaocombatista.herokuapp.com/users</arg>
<doc>Navigates the current browser window to the provided ``url``.</doc>
<msg timestamp="20220131 21:05:31.403" level="INFO">Opening url 'https://automacaocombatista.herokuapp.com/users'</msg>
<status status="PASS" starttime="20220131 21:05:31.402" endtime="20220131 21:05:31.734"/>
</kw>
<kw name="Maximize Browser Window" library="SeleniumLibrary">
<doc>Maximizes current browser window.</doc>
<status status="PASS" starttime="20220131 21:05:31.735" endtime="20220131 21:05:31.738"/>
</kw>
<kw name="Set Selenium Timeout" library="SeleniumLibrary">
<arg>20</arg>
<doc>Sets the timeout that is used by various keywords.</doc>
<status status="PASS" starttime="20220131 21:05:31.738" endtime="20220131 21:05:31.740"/>
</kw>
<kw name="Title Should Be" library="SeleniumLibrary">
<arg>Automação com Batista</arg>
<doc>Verifies that the current page title equals ``title``.</doc>
<msg timestamp="20220131 21:05:31.748" level="INFO">Page title is 'Automação com Batista'.</msg>
<status status="PASS" starttime="20220131 21:05:31.740" endtime="20220131 21:05:31.748"/>
</kw>
<kw name="Wait Until Element Is Visible" library="SeleniumLibrary">
<arg>xpath=//*[contains(text(), 'Lista de Usuários!!')]</arg>
<doc>Waits until the element ``locator`` is visible.</doc>
<status status="PASS" starttime="20220131 21:05:31.749" endtime="20220131 21:05:31.833"/>
</kw>
<status status="PASS" starttime="20220131 21:05:31.399" endtime="20220131 21:05:31.834"/>
</kw>
<kw name="E clique na opção NOVO USUÁRIO" library="kws_web">
<kw name="Click Element" library="SeleniumLibrary">
<arg>xpath=//*[contains(text(), 'Novo Usuário')]</arg>
<doc>Click the element identified by ``locator``.</doc>
<msg timestamp="20220131 21:05:31.836" level="INFO">Clicking element 'xpath=//*[contains(text(), 'Novo Usuário')]'.</msg>
<status status="PASS" starttime="20220131 21:05:31.836" endtime="20220131 21:05:31.914"/>
</kw>
<status status="PASS" starttime="20220131 21:05:31.835" endtime="20220131 21:05:31.915"/>
</kw>
<kw name="Quando finalizar o cadastro preenchendo todos os campos" library="kws_web">
<kw name="Input Text" library="SeleniumLibrary">
<arg>id=user_name</arg>
<arg>${NOVO_USUARIO.nome}</arg>
<doc>Types the given ``text`` into the text field identified by ``locator``.</doc>
<msg timestamp="20220131 21:05:31.918" level="INFO">Typing text 'Thiago' into text field 'id=user_name'.</msg>
<msg timestamp="20220131 21:05:32.239" level="INFO" html="true">&lt;/td&gt;&lt;/tr&gt;&lt;tr&gt;&lt;td colspan="3"&gt;&lt;a href="selenium-screenshot-23.png"&gt;&lt;img src="selenium-screenshot-23.png" width="800px"&gt;&lt;/a&gt;</msg>
<msg timestamp="20220131 21:05:32.244" level="FAIL">Element with locator 'id=user_name' not found.</msg>
<status status="FAIL" starttime="20220131 21:05:31.916" endtime="20220131 21:05:32.244"/>
</kw>
<kw name="Input Text" library="SeleniumLibrary">
<arg>id=user_lastname</arg>
<arg>${NOVO_USUARIO.ult_nome}</arg>
<doc>Types the given ``text`` into the text field identified by ``locator``.</doc>
<status status="NOT RUN" starttime="20220131 21:05:32.245" endtime="20220131 21:05:32.245"/>
</kw>
<kw name="Input Text" library="SeleniumLibrary">
<arg>id=user_email</arg>
<arg>${NOVO_USUARIO.email}</arg>
<doc>Types the given ``text`` into the text field identified by ``locator``.</doc>
<status status="NOT RUN" starttime="20220131 21:05:32.245" endtime="20220131 21:05:32.245"/>
</kw>
<kw name="Input Text" library="SeleniumLibrary">
<arg>id=user_address</arg>
<arg>${NOVO_USUARIO.endereço}</arg>
<doc>Types the given ``text`` into the text field identified by ``locator``.</doc>
<status status="NOT RUN" starttime="20220131 21:05:32.245" endtime="20220131 21:05:32.245"/>
</kw>
<kw name="Input Text" library="SeleniumLibrary">
<arg>id=user_university</arg>
<arg>${NOVO_USUARIO.universidade}</arg>
<doc>Types the given ``text`` into the text field identified by ``locator``.</doc>
<status status="NOT RUN" starttime="20220131 21:05:32.245" endtime="20220131 21:05:32.245"/>
</kw>
<kw name="Input Text" library="SeleniumLibrary">
<arg>id=user_profile</arg>
<arg>${NOVO_USUARIO.profissao}</arg>
<doc>Types the given ``text`` into the text field identified by ``locator``.</doc>
<status status="NOT RUN" starttime="20220131 21:05:32.246" endtime="20220131 21:05:32.246"/>
</kw>
<kw name="Input Text" library="SeleniumLibrary">
<arg>id=user_gender</arg>
<arg>${NOVO_USUARIO.genero}</arg>
<doc>Types the given ``text`` into the text field identified by ``locator``.</doc>
<status status="NOT RUN" starttime="20220131 21:05:32.246" endtime="20220131 21:05:32.246"/>
</kw>
<kw name="Input Text" library="SeleniumLibrary">
<arg>id=user_age</arg>
<arg>${NOVO_USUARIO.idade}</arg>
<doc>Types the given ``text`` into the text field identified by ``locator``.</doc>
<status status="NOT RUN" starttime="20220131 21:05:32.246" endtime="20220131 21:05:32.246"/>
</kw>
<kw name="Click Element" library="SeleniumLibrary">
<arg>xpath=//input[@value='Criar']</arg>
<doc>Click the element identified by ``locator``.</doc>
<status status="NOT RUN" starttime="20220131 21:05:32.246" endtime="20220131 21:05:32.246"/>
</kw>
<status status="FAIL" starttime="20220131 21:05:31.915" endtime="20220131 21:05:32.247"/>
</kw>
<kw name="Então deve ser apresentada a mensagem &quot;Usuário criado com sucesso&quot;" library="kws_web">
<status status="NOT RUN" starttime="20220131 21:05:32.247" endtime="20220131 21:05:32.248"/>
</kw>
<kw name="Fechar navegador" type="TEARDOWN">
<msg timestamp="20220131 21:05:32.254" level="FAIL">No keyword with name 'Fechar navegador' found.</msg>
<status status="FAIL" starttime="20220131 21:05:32.254" endtime="20220131 21:05:32.254">No keyword with name 'Fechar navegador' found.</status>
</kw>
<tag>BDD_NOVO</tag>
<status status="FAIL" starttime="20220131 21:05:27.678" endtime="20220131 21:05:32.255">Element with locator 'id=user_name' not found.

Also teardown failed:
No keyword with name 'Fechar navegador' found.</status>
</test>
<doc>Aqui estarão presentes todos os testes automatizados do módulo de Automação Web</doc>
<status status="FAIL" starttime="20220131 21:05:27.413" endtime="20220131 21:05:32.257"/>
</suite>
<statistics>
<total>
<stat pass="0" fail="1" skip="0">All Tests</stat>
</total>
<tag>
<stat pass="0" fail="1" skip="0">BDD_NOVO</stat>
</tag>
<suite>
<stat pass="0" fail="1" skip="0" id="s1" name="Webautomation">Webautomation</stat>
</suite>
</statistics>
<errors>
<msg timestamp="20220131 21:05:27.670" level="ERROR">Error in resource file 'C:\Users\user\OneDrive - Prime Control\Documentos\Curso Robot Básico\src\auto\keywords\kws_web.robot': Creating keyword 'Então deve ser apresentada a mensagem "Usuário criado com sucesso"' failed: Keyword with same name defined multiple times.</msg>
<msg timestamp="20220131 21:05:27.674" level="ERROR">Error in file 'C:\Users\user\OneDrive - Prime Control\Documentos\Curso Robot Básico\src\config\package.robot' on line 20: Invalid resource file extension '.yaml'. Supported extensions are '.resource', '.robot', '.txt', '.tsv', '.rst' and '.rest'.</msg>
</errors>
</robot>
