<?xml version="1.0" encoding="UTF-8"?>
<robot generator="Robot 4.1 (Python 3.10.2 on win32)" generated="20220202 19:59:46.491" rpa="false" schemaversion="2">
<suite id="s1" name="Apiautomation" source="C:\Users\user\OneDrive - Prime Control\Área de Trabalho\cursorobotframework\tests\features\apiautomation.robot">
<kw name="Conectar na minha API" library="hooks" type="SETUP">
<kw name="Create Session" library="RequestsLibrary">
<arg>booksAPI</arg>
<arg>https://fakerestapi.azurewebsites.net/api/v1</arg>
<arg>disable_warnings=${True}</arg>
<doc>Create Session: create a HTTP session to a server</doc>
<msg timestamp="20220202 19:59:46.781" level="INFO">Creating Session using : alias=booksAPI, url=https://fakerestapi.azurewebsites.net/api/v1, headers={},                     cookies={}, auth=None, timeout=None, proxies=None, verify=False,                     debug=0 </msg>
<status status="PASS" starttime="20220202 19:59:46.781" endtime="20220202 19:59:46.781"/>
</kw>
<kw name="Create Dictionary" library="BuiltIn">
<var>${HEADERS}</var>
<arg>content-type=application/json</arg>
<doc>Creates and returns a dictionary based on the given ``items``.</doc>
<msg timestamp="20220202 19:59:46.782" level="INFO">${HEADERS} = {'content-type': 'application/json'}</msg>
<status status="PASS" starttime="20220202 19:59:46.781" endtime="20220202 19:59:46.782"/>
</kw>
<kw name="Set Suite Variable" library="BuiltIn">
<arg>${HEADERS}</arg>
<doc>Makes a variable available everywhere within the scope of the current suite.</doc>
<msg timestamp="20220202 19:59:46.782" level="INFO">${HEADERS} = {'content-type': 'application/json'}</msg>
<status status="PASS" starttime="20220202 19:59:46.782" endtime="20220202 19:59:46.782"/>
</kw>
<status status="PASS" starttime="20220202 19:59:46.780" endtime="20220202 19:59:46.782"/>
</kw>
<test id="s1-t1" name="Cenario: Buscar listagem de todos os livros (GET em todos os livros)">
<kw name="Dado que eu tenha o endpoint de consulta de livros" library="kws_api">
<kw name="Log" library="BuiltIn">
<arg>https://fakerestapi.azurewebsites.net/api/v1</arg>
<doc>Logs the given message with the given level.</doc>
<msg timestamp="20220202 19:59:46.784" level="INFO">https://fakerestapi.azurewebsites.net/api/v1</msg>
<status status="PASS" starttime="20220202 19:59:46.784" endtime="20220202 19:59:46.784"/>
</kw>
<status status="PASS" starttime="20220202 19:59:46.783" endtime="20220202 19:59:46.784"/>
</kw>
<kw name="Quando executar a requisição de consulta de todos" library="kws_api">
<kw name="GET On Session" library="RequestsLibrary">
<var>${RESPOSTA}</var>
<arg>booksAPI</arg>
<arg>Books</arg>
<arg>expected_status=any</arg>
<doc>Sends a GET request on a previously created HTTP Session.</doc>
<msg timestamp="20220202 19:59:49.186" level="INFO">GET Request : url=https://fakerestapi.azurewebsites.net/api/v1/Books 
 path_url=/api/v1/Books 
 headers={'User-Agent': 'python-requests/2.27.1', 'Accept-Encoding': 'gzip, deflate', 'Accept': '*/*', 'Connection': 'keep-alive'} 
 body=None 
 </msg>
<msg timestamp="20220202 19:59:49.187" level="INFO">GET Response : url=https://fakerestapi.azurewebsites.net/api/v1/Books 
 status=200, reason=OK 
 headers={'Transfer-Encoding': 'chunked', 'Content-Type': 'application/json; charset=utf-8; v=1.0', 'Server': 'Kestrel', 'api-supported-versions': '1.0', 'Date': 'Wed, 02 Feb 2022 22:59:46 GMT'} 
 body=[{"id":1,"title":"Book 1","description":"Aliquam nonummy ut amet et at ipsum accusam. Odio et tempor vero ea sit. Tempor dolore dolore sit tincidunt ut lorem nonumy dolor vulputate magna elitr gubergren ut elitr elitr lorem. Sadipscing facilisis rebum. In eum takimata autem in eu sed et. Amet tempor eos dolore dolor vero. Duo elit ut sit tempor ut aliquam est kasd dolore commodo magna duo in. Consetetur et ipsum erat accusam amet in sadipscing nonumy autem et kasd accusam est clita. Nonumy labore lorem duo nulla dolor duo rebum nisl vero volutpat erat erat ut kasd.\n","pageCount":100,"excerpt":"Sed duis commodo blandit eos lorem nonumy gubergren vulputate ut autem vero at ut amet eirmod. No sit sed eirmod amet sed ea labore elitr dolor feugait est diam est aliquam magna velit. Kasd eirmod dolor et aliquyam luptatum diam invidunt duo aliquyam sea eu in lorem eos amet voluptua. Eirmod duo dolore accusam eu ut zzril sanctus commodo sanctus sea stet at molestie clita no nonumy. Duis exerci luptatum sed dolore no et doming voluptua dolor dolore aliquyam zzril et erat exerci adipiscing diam gubergren. Consectetuer et luptatum sea tempor accusam sed lorem stet est dolor magna magna eos aliquam. Illum kasd tempor vero zzril tempor feugait sanctus et no vulputate veniam ea. Diam erat ipsum dolore duo duis gubergren diam te gubergren magna wisi. Velit eos quod vero kasd in sit sed accusam ut molestie suscipit autem sea dolor sea. Ipsum ut stet diam magna dolores praesent consectetuer nonumy voluptua et lorem blandit duis consetetur dolor ipsum lorem. Vulputate ut rebum illum accusam sea.\nExerci no ut assum duo invidunt ut clita nulla dolore aliquyam nostrud ea. Quis labore et sadipscing eos. Takimata tincidunt vero gubergren lorem dolor. Sea ut consequat ea in sanctus et diam eos eirmod. Eirmod duo ipsum molestie ipsum amet amet augue sadipscing rebum in sed.\nMolestie sit nonumy et ea at molestie vel wisi facilisi voluptua rebum et. Magna sadipscing dolor tempor labore. Est sanctus adipiscing placerat rebum sed sit nostrud no molestie duo consetetur sed.\nSed commodo takimata sea ad accusam dolore labore ad nulla ut consequat diam dolores amet clita facilisi takimata facilisi. Erat ut dolor esse lorem vel at laoreet dolor ut eu lorem magna dolor justo diam nonummy. Diam takimata delenit. Accusam dolore aliquyam imperdiet option. No et eros tempor voluptua no in diam justo vulputate lorem ea sit dolor clita nonumy sed. Ut lorem ipsum et amet. Consectetuer sit imperdiet tation aliquyam ea exerci et lorem. Quis eos adipiscing nibh invidunt accusam. Elitr elitr sadipscing vero tincidunt gubergren stet dignissim ea elitr sed vero zzril erat tempor sadipscing. Et vero magna tempor feugiat lorem sed dolor dolores rebum tation rebum nulla sit elit stet iriure. Commodo eos liber kasd accumsan labore invidunt ipsum et aliquyam rebum dolores lorem laoreet stet lorem consetetur lorem. Dolor facilisis in ipsum te et sit est ullamcorper elitr amet. Stet est facilisi tation stet imperdiet. Labore ipsum labore duo magna duis consequat duo kasd magna duo tempor invidunt magna eos quod. Kasd no gubergren et consequat sed lorem sanctus at et dolor. Et justo veniam ipsum ut et amet dolor amet ut ea sit justo dolor at. Rebum gubergren nobis no elit magna consequat kasd consectetuer consequat molestie invidunt ut clita vulputate sit. Takimata rebum eum eos vero consectetuer et sed lorem amet molestie sed eu.\nLorem sadipscing elitr cum rebum eros eu et lorem amet dolor et clita. Duo et et ipsum rebum et eirmod duis et nostrud iriure esse dolor nonumy rebum eros. Lorem dignissim kasd magna vero stet labore velit aliquip sea autem sanctus accumsan justo diam esse lorem magna et. Aliquyam illum duo. Eros sadipscing eleifend kasd ipsum delenit elitr sit aliquyam et ipsum clita dolor consetetur sea feugiat. Nonummy consetetur nulla eos. Ullamcorper invidunt est augue consetetur sit luptatum no tempor lorem. Lorem eos duis dignissim eos nonumy sed ut feugiat at. Sed euismod molestie no lorem vel aliquyam sit. Consetetur dolore tempor justo ea sanctus adipiscing accusam in cum accusam. At consetetur dolor lorem ullamcorper diam rebum in lorem diam sed augue et consetetur autem voluptua. Invidunt dolor nulla labore aliquyam sadipscing lorem diam delenit eos et et molestie. Erat est enim consequat eos nonumy est. Sea ea sadipscing et et elitr dolor invidunt accusam. Accumsan lorem est odio vero diam ipsum labore kasd ipsum amet laoreet magna ipsum. Et stet vero accusam ut amet tempor clita erat nonumy. Erat feugiat voluptua minim amet clita.\n","publishDate":"2022-02-01T22:59:47.3896893+00:00"},{"id":2,"title":"Book 2","description":"Autem amet labore elitr lorem et congue ipsum duis eirmod. Lorem blandit suscipit ut diam erat enim ea lorem voluptua. Tation quod feugiat ullamcorper elit hendrerit sea lorem. Praesent magna lobortis velit dolor dolor hendrerit vel. Dolores ipsum nulla vero dolor. Dolor dignissim in stet et clita nihil ipsum eu. Eos gubergren te. Sadipscing gubergren hendrerit nihil diam diam labore sit. Labore sit suscipit vero et invidunt eos rebum consequat takimata clita augue at sit stet sit sed est et. Quis sed voluptua erat justo est sea adipiscing clita kasd vero ut dolor amet at et et eirmod nulla. Suscipit stet voluptua soluta commodo clita dolor ipsum diam stet ipsum lobortis illum accusam vero. Justo dolor eirmod clita erat gubergren dolor takimata. Sed dolore vero accusam sit at. Mazim voluptua ut et est in lorem nulla laoreet facilisis. Ipsum vero dolore eos aliquyam dolor justo ipsum aliquyam qui justo. Dolore kasd sit consequat eirmod erat consetetur sadipscing magna eirmod nulla ea est ex facilisi sit. Rebum nibh lobortis duo est ipsum dolor wisi tempor feugiat kasd dolor magna consetetur. Vero elitr ipsum. Sea accusam diam at sed invidunt et kasd dolore tempor justo sit velit dolor ipsum vel nonumy kasd duis.\n","pageCount":200,"excerpt":"Amet nonumy dolores invidunt dolores invidunt sit. Ullamcorper sed clita ex soluta elitr at ipsum lobortis rebum dolore amet et. Sed duo clita et ut erat consetetur dolore sit consetetur gubergren. Clita consequat at labore clita clita ut dolor dolor aliquyam et amet accusam takimata. Vel lorem ut blandit voluptua dolor sanctus gubergren dolores vel. Velit voluptua amet vero quis ea vulputate voluptua aliquyam vero sea dolore dolor justo. Eos liber lorem sanctus vero amet. Sit iriure eum erat no et sed tincidunt lorem nulla erat consectetuer dolor. Ipsum consetetur eleifend at nonumy lorem erat esse et eirmod lorem autem amet sed sit. Est kasd vel erat est. Aliquyam lorem no iusto sed ut duo et sed nobis consequat quod esse. Volutpat accusam ut sit et ad nulla no option tation dolore duo magna sadipscing labore. Sed dolor ipsum rebum stet luptatum illum aliquip possim ipsum aliquip. Tincidunt sed clita et diam accumsan stet labore no mazim erat nostrud aliquyam.\nEt eirmod gubergren amet ut elit justo gubergren labore et vulputate dolore et exerci illum. Autem no tempor eu et vero sadipscing feugiat amet ea est eleifend ad. Velit ut eos et ipsum minim elit est aliquyam elitr suscipit sanctus tempor et sit nulla. Feugait voluptua clita soluta duis vero eos dolor elitr sit. Sit no at vulputate tincidunt dolores placerat ipsum no justo. Sed amet vulputate commodo erat no sed diam sit sed voluptua sit erat at suscipit. Vero facilisis sit rebum est minim aliquyam lorem dignissim. Accusam nostrud et velit eu dolore erat molestie justo sit clita sit et. Eos ut sit voluptua consetetur sea dolor. Eos ut dolores ipsum no est eirmod feugait et ipsum sed sadipscing tempor et ea sea ipsum hendrerit.\nSanctus gubergren sit et. Clita diam dolore minim nulla euismod vero aliquyam no in ex accusam dolore euismod takimata iriure. At amet vero nonumy diam sea nonumy sadipscing sea commodo invidunt sit laoreet. Diam vel accusam eos magna sanctus consetetur stet takimata sit magna erat consetetur duis sit commodo ut ea ea. Blandit tempor adipiscing eirmod iriure et nostrud esse et sed et lorem sit facilisis accusam amet kasd blandit tation. Consequat rebum assum et option dolor eu et. Sanctus amet est et vel et nonumy gubergren dolore lorem lorem sanctus takimata sed erat quod magna.\nEuismod est in. Nonumy delenit duis vero esse duis sea autem erat diam nulla. Iriure est stet lorem dolor eleifend invidunt aliquyam tempor dolore kasd. Labore accumsan imperdiet erat qui veniam amet tempor duo et et stet ut est. Et hendrerit ipsum congue eirmod id ut justo nonumy. In et sed et kasd aliquyam iriure ipsum clita diam ea et erat voluptua lorem amet. Sed at labore sit qui et lorem ipsum ullamcorper amet stet nonumy dolore. Facer sea erat. No dolores sit. Ipsum est ut. Et molestie dolores dolor diam te. Sit eos at amet labore nonumy ad erat dolores est delenit eu stet ipsum sed iriure ut eleifend. Consetetur kasd sadipscing nonumy.\nEa justo quis erat volutpat. Nam diam sit praesent diam et takimata delenit tempor rebum iusto duo duo eos eos. Magna eros amet nostrud diam diam zzril luptatum sea dolores ex labore duo justo lorem dolore.\n","publishDate":"2022-01-31T22:59:47.389772+00:00"},{"id":3,"title":"Book 3","description":"No et duo justo dolor diam ipsum ut rebum. Velit in eirmod sit consetetur nibh iusto duis dolor. Imperdiet sed iusto stet quis no dolore vero magna dolores kasd lorem justo suscipit ea minim tempor. Consequat sit diam dolore stet sit diam ipsum erat delenit nonumy aliquam dolore eirmod nulla. Labore consequat nulla vero feugiat tempor dolor erat velit vel labore labore eos consequat odio eleifend. Eu stet ut sanctus sit et dolore esse clita magna ut labore mazim justo. At sit accusam amet et stet labore gubergren sea kasd et lorem clita consetetur tincidunt rebum sed sea. Dolor dolores rebum dolor et magna accusam eirmod kasd takimata no ad magna. Ea sea eos aliquyam. Iriure no iriure diam. Augue sed dolores accumsan placerat ut et takimata at stet dolores sanctus facilisis. Eirmod liber... (set the log level to DEBUG or TRACE to see the full content) 
 </msg>
<msg timestamp="20220202 19:59:49.188" level="INFO">${RESPOSTA} = &lt;Response [200]&gt;</msg>
<status status="PASS" starttime="20220202 19:59:46.785" endtime="20220202 19:59:49.188"/>
</kw>
<kw name="Log" library="BuiltIn">
<arg>${RESPOSTA.text}</arg>
<doc>Logs the given message with the given level.</doc>
<msg timestamp="20220202 19:59:49.200" level="INFO">[{"id":1,"title":"Book 1","description":"Aliquam nonummy ut amet et at ipsum accusam. Odio et tempor vero ea sit. Tempor dolore dolore sit tincidunt ut lorem nonumy dolor vulputate magna elitr gubergren ut elitr elitr lorem. Sadipscing facilisis rebum. In eum takimata autem in eu sed et. Amet tempor eos dolore dolor vero. Duo elit ut sit tempor ut aliquam est kasd dolore commodo magna duo in. Consetetur et ipsum erat accusam amet in sadipscing nonumy autem et kasd accusam est clita. Nonumy labore lorem duo nulla dolor duo rebum nisl vero volutpat erat erat ut kasd.\n","pageCount":100,"excerpt":"Sed duis commodo blandit eos lorem nonumy gubergren vulputate ut autem vero at ut amet eirmod. No sit sed eirmod amet sed ea labore elitr dolor feugait est diam est aliquam magna velit. Kasd eirmod dolor et aliquyam luptatum diam invidunt duo aliquyam sea eu in lorem eos amet voluptua. Eirmod duo dolore accusam eu ut zzril sanctus commodo sanctus sea stet at molestie clita no nonumy. Duis exerci luptatum sed dolore no et doming voluptua dolor dolore aliquyam zzril et erat exerci adipiscing diam gubergren. Consectetuer et luptatum sea tempor accusam sed lorem stet est dolor magna magna eos aliquam. Illum kasd tempor vero zzril tempor feugait sanctus et no vulputate veniam ea. Diam erat ipsum dolore duo duis gubergren diam te gubergren magna wisi. Velit eos quod vero kasd in sit sed accusam ut molestie suscipit autem sea dolor sea. Ipsum ut stet diam magna dolores praesent consectetuer nonumy voluptua et lorem blandit duis consetetur dolor ipsum lorem. Vulputate ut rebum illum accusam sea.\nExerci no ut assum duo invidunt ut clita nulla dolore aliquyam nostrud ea. Quis labore et sadipscing eos. Takimata tincidunt vero gubergren lorem dolor. Sea ut consequat ea in sanctus et diam eos eirmod. Eirmod duo ipsum molestie ipsum amet amet augue sadipscing rebum in sed.\nMolestie sit nonumy et ea at molestie vel wisi facilisi voluptua rebum et. Magna sadipscing dolor tempor labore. Est sanctus adipiscing placerat rebum sed sit nostrud no molestie duo consetetur sed.\nSed commodo takimata sea ad accusam dolore labore ad nulla ut consequat diam dolores amet clita facilisi takimata facilisi. Erat ut dolor esse lorem vel at laoreet dolor ut eu lorem magna dolor justo diam nonummy. Diam takimata delenit. Accusam dolore aliquyam imperdiet option. No et eros tempor voluptua no in diam justo vulputate lorem ea sit dolor clita nonumy sed. Ut lorem ipsum et amet. Consectetuer sit imperdiet tation aliquyam ea exerci et lorem. Quis eos adipiscing nibh invidunt accusam. Elitr elitr sadipscing vero tincidunt gubergren stet dignissim ea elitr sed vero zzril erat tempor sadipscing. Et vero magna tempor feugiat lorem sed dolor dolores rebum tation rebum nulla sit elit stet iriure. Commodo eos liber kasd accumsan labore invidunt ipsum et aliquyam rebum dolores lorem laoreet stet lorem consetetur lorem. Dolor facilisis in ipsum te et sit est ullamcorper elitr amet. Stet est facilisi tation stet imperdiet. Labore ipsum labore duo magna duis consequat duo kasd magna duo tempor invidunt magna eos quod. Kasd no gubergren et consequat sed lorem sanctus at et dolor. Et justo veniam ipsum ut et amet dolor amet ut ea sit justo dolor at. Rebum gubergren nobis no elit magna consequat kasd consectetuer consequat molestie invidunt ut clita vulputate sit. Takimata rebum eum eos vero consectetuer et sed lorem amet molestie sed eu.\nLorem sadipscing elitr cum rebum eros eu et lorem amet dolor et clita. Duo et et ipsum rebum et eirmod duis et nostrud iriure esse dolor nonumy rebum eros. Lorem dignissim kasd magna vero stet labore velit aliquip sea autem sanctus accumsan justo diam esse lorem magna et. Aliquyam illum duo. Eros sadipscing eleifend kasd ipsum delenit elitr sit aliquyam et ipsum clita dolor consetetur sea feugiat. Nonummy consetetur nulla eos. Ullamcorper invidunt est augue consetetur sit luptatum no tempor lorem. Lorem eos duis dignissim eos nonumy sed ut feugiat at. Sed euismod molestie no lorem vel aliquyam sit. Consetetur dolore tempor justo ea sanctus adipiscing accusam in cum accusam. At consetetur dolor lorem ullamcorper diam rebum in lorem diam sed augue et consetetur autem voluptua. Invidunt dolor nulla labore aliquyam sadipscing lorem diam delenit eos et et molestie. Erat est enim consequat eos nonumy est. Sea ea sadipscing et et elitr dolor invidunt accusam. Accumsan lorem est odio vero diam ipsum labore kasd ipsum amet laoreet magna ipsum. Et stet vero accusam ut amet tempor clita erat nonumy. Erat feugiat voluptua minim amet clita.\n","publishDate":"2022-02-01T22:59:47.3896893+00:00"},{"id":2,"title":"Book 2","description":"Autem amet labore elitr lorem et congue ipsum duis eirmod. Lorem blandit suscipit ut diam erat enim ea lorem voluptua. Tation quod feugiat ullamcorper elit hendrerit sea lorem. Praesent magna lobortis velit dolor dolor hendrerit vel. Dolores ipsum nulla vero dolor. Dolor dignissim in stet et clita nihil ipsum eu. Eos gubergren te. Sadipscing gubergren hendrerit nihil diam diam labore sit. Labore sit suscipit vero et invidunt eos rebum consequat takimata clita augue at sit stet sit sed est et. Quis sed voluptua erat justo est sea adipiscing clita kasd vero ut dolor amet at et et eirmod nulla. Suscipit stet voluptua soluta commodo clita dolor ipsum diam stet ipsum lobortis illum accusam vero. Justo dolor eirmod clita erat gubergren dolor takimata. Sed dolore vero accusam sit at. Mazim voluptua ut et est in lorem nulla laoreet facilisis. Ipsum vero dolore eos aliquyam dolor justo ipsum aliquyam qui justo. Dolore kasd sit consequat eirmod erat consetetur sadipscing magna eirmod nulla ea est ex facilisi sit. Rebum nibh lobortis duo est ipsum dolor wisi tempor feugiat kasd dolor magna consetetur. Vero elitr ipsum. Sea accusam diam at sed invidunt et kasd dolore tempor justo sit velit dolor ipsum vel nonumy kasd duis.\n","pageCount":200,"excerpt":"Amet nonumy dolores invidunt dolores invidunt sit. Ullamcorper sed clita ex soluta elitr at ipsum lobortis rebum dolore amet et. Sed duo clita et ut erat consetetur dolore sit consetetur gubergren. Clita consequat at labore clita clita ut dolor dolor aliquyam et amet accusam takimata. Vel lorem ut blandit voluptua dolor sanctus gubergren dolores vel. Velit voluptua amet vero quis ea vulputate voluptua aliquyam vero sea dolore dolor justo. Eos liber lorem sanctus vero amet. Sit iriure eum erat no et sed tincidunt lorem nulla erat consectetuer dolor. Ipsum consetetur eleifend at nonumy lorem erat esse et eirmod lorem autem amet sed sit. Est kasd vel erat est. Aliquyam lorem no iusto sed ut duo et sed nobis consequat quod esse. Volutpat accusam ut sit et ad nulla no option tation dolore duo magna sadipscing labore. Sed dolor ipsum rebum stet luptatum illum aliquip possim ipsum aliquip. Tincidunt sed clita et diam accumsan stet labore no mazim erat nostrud aliquyam.\nEt eirmod gubergren amet ut elit justo gubergren labore et vulputate dolore et exerci illum. Autem no tempor eu et vero sadipscing feugiat amet ea est eleifend ad. Velit ut eos et ipsum minim elit est aliquyam elitr suscipit sanctus tempor et sit nulla. Feugait voluptua clita soluta duis vero eos dolor elitr sit. Sit no at vulputate tincidunt dolores placerat ipsum no justo. Sed amet vulputate commodo erat no sed diam sit sed voluptua sit erat at suscipit. Vero facilisis sit rebum est minim aliquyam lorem dignissim. Accusam nostrud et velit eu dolore erat molestie justo sit clita sit et. Eos ut sit voluptua consetetur sea dolor. Eos ut dolores ipsum no est eirmod feugait et ipsum sed sadipscing tempor et ea sea ipsum hendrerit.\nSanctus gubergren sit et. Clita diam dolore minim nulla euismod vero aliquyam no in ex accusam dolore euismod takimata iriure. At amet vero nonumy diam sea nonumy sadipscing sea commodo invidunt sit laoreet. Diam vel accusam eos magna sanctus consetetur stet takimata sit magna erat consetetur duis sit commodo ut ea ea. Blandit tempor adipiscing eirmod iriure et nostrud esse et sed et lorem sit facilisis accusam amet kasd blandit tation. Consequat rebum assum et option dolor eu et. Sanctus amet est et vel et nonumy gubergren dolore lorem lorem sanctus takimata sed erat quod magna.\nEuismod est in. Nonumy delenit duis vero esse duis sea autem erat diam nulla. Iriure est stet lorem dolor eleifend invidunt aliquyam tempor dolore kasd. Labore accumsan imperdiet erat qui veniam amet tempor duo et et stet ut est. Et hendrerit ipsum congue eirmod id ut justo nonumy. In et sed et kasd aliquyam iriure ipsum clita diam ea et erat voluptua lorem amet. Sed at labore sit qui et lorem ipsum ullamcorper amet stet nonumy dolore. Facer sea erat. No dolores sit. Ipsum est ut. Et molestie dolores dolor diam te. Sit eos at amet labore nonumy ad erat dolores est delenit eu stet ipsum sed iriure ut eleifend. Consetetur kasd sadipscing nonumy.\nEa justo quis erat volutpat. Nam diam sit praesent diam et takimata delenit tempor rebum iusto duo duo eos eos. Magna eros amet nostrud diam diam zzril luptatum sea dolores ex labore duo justo lorem dolore.\n","publishDate":"2022-01-31T22:59:47.389772+00:00"},{"id":3,"title":"Book 3","description":"No et duo justo dolor diam ipsum ut rebum. Velit in eirmod sit consetetur nibh iusto duis dolor. Imperdiet sed iusto stet quis no dolore vero magna dolores kasd lorem justo suscipit ea minim tempor. Consequat sit diam dolore stet sit diam ipsum erat delenit nonumy aliquam dolore eirmod nulla. Labore consequat nulla vero feugiat tempor dolor erat velit vel labore labore eos consequat odio eleifend. Eu stet ut sanctus sit et dolore esse clita magna ut labore mazim justo. At sit accusam amet et stet labore gubergren sea kasd et lorem clita consetetur tincidunt rebum sed sea. Dolor dolores rebum dolor et magna accusam eirmod kasd takimata no ad magna. Ea sea eos aliquyam. Iriure no iriure diam. Augue sed dolores accumsan placerat ut et takimata at stet dolores sanctus facilisis. Eirmod liber dolore at ipsum consequat lorem dolor hendrerit dolore feugiat. Aliquip et sadipscing nostrud et.\n","pageCount":300,"excerpt":"Invidunt enim aliquyam rebum dolore et iriure. Dolor assum duo kasd gubergren consequat aliquam at dolor sit sanctus. Vero erat eu tempor rebum sed dignissim lorem dolore congue erat dolor at amet in est lorem elitr. In diam magna dolor tempor accumsan eros iusto sea dolore no aliquyam volutpat gubergren et duo in. Justo illum ipsum iriure. Facilisi laoreet sed accusam invidunt at ipsum quis voluptua est elitr. Justo gubergren lorem eos sit dolor ut magna et vero wisi rebum tempor. Et dolores lorem feugiat. Ut et duo facilisi quod tempor ipsum nonumy. Lobortis diam et. Tincidunt consectetuer stet. Vero duis sanctus aliquyam erat ipsum clita elit lorem nulla ut elitr minim invidunt et sed magna. No illum vulputate et tempor hendrerit rebum sed diam duo diam nulla takimata iusto aliquyam voluptua takimata. Vero at sanctus duo ipsum no ipsum at duo sit ex erat. Magna euismod dolores dolor aliquyam erat lorem no lorem amet. Et dolor sea sit justo magna stet ipsum duis gubergren lorem erat dolor sit odio. Labore no magna dolores aliquyam sed invidunt invidunt ea sed lorem amet.\nDolores voluptua stet iusto ut nulla labore quod gubergren iusto labore stet accusam nonumy lorem. Magna sanctus nibh sadipscing justo duo eum consequat nonumy elitr sed placerat magna sea voluptua stet ipsum at lorem. Sadipscing rebum erat sanctus erat gubergren duo dolores wisi et nam. Magna sea dolore. Elitr sit dolor labore dolor erat ut tincidunt molestie ut clita. Amet et adipiscing rebum erat diam elit amet diam volutpat ipsum in et euismod ea nonumy est. Ullamcorper vero eleifend dolor facer duo invidunt et at stet clita vero eirmod lorem dolor ut eos. Lorem elitr illum est elitr gubergren magna iusto ipsum elitr dolores. Ea stet et suscipit dolores aliquyam. Et autem ut sed ad consequat lorem eirmod iusto. Eu sit eu dolor dolores et erat ut liber ea velit diam. Accusam magna duis dolore ipsum blandit. Dolore magna eros vel laoreet amet et sit et velit eirmod et ipsum invidunt consequat. Justo sadipscing stet vulputate diam eirmod dolore ut sed possim. Sit gubergren facilisis nonumy sanctus nonumy.\nNo eirmod magna vero molestie diam sed consetetur. At volutpat sed diam ut lorem ipsum eirmod sit diam rebum dolor diam lorem lobortis tempor accusam suscipit. Diam dolore dolore. Zzril et ut elitr nonumy. Dolor ea clita augue clita kasd eu te. Sadipscing nonumy lorem sit diam sea eirmod lorem et sit iriure accumsan rebum ipsum tempor. Accusam nulla consequat magna ipsum voluptua stet gubergren accusam tempor stet aliquip et duis tempor erat id vel dolore. Sed magna eros et vero volutpat et takimata eum elitr et dolore voluptua doming in ea erat. Et duo diam est gubergren justo ea suscipit velit no sea no magna euismod hendrerit labore. Diam justo at. Dolor est est dolor lorem diam. Dolore esse diam sed et ea eirmod. No eos accusam mazim veniam et dolor vel eirmod aliquip clita. Dolor elitr liber eleifend et lorem no rebum rebum accusam in nonummy ea dolore magna ut.\nAliquyam adipiscing invidunt gubergren quod dolores justo. Consectetuer enim est at placerat sit tempor rebum stet vel labore dolore magna facilisis. Et aliquyam eirmod dolore. Tincidunt erat invidunt stet dolore soluta odio sit lorem est duo hendrerit diam labore.\nIn et ipsum amet nulla sit et. Dolor dolor ipsum ea dolor lorem tempor est labore diam ea lorem diam placerat veniam eirmod sadipscing sed ea. Dolor duis elitr dolor vero rebum adipiscing lobortis nonumy. Dolore elitr in sed duis vel ex dolore nobis amet erat aliquyam suscipit lorem amet. Labore invidunt sadipscing gubergren magna. Dignissim dolor aliquip tation est dolor amet zzril velit ipsum. Sed eum eros exerci tempor amet dolore lorem sea sea lorem takimata labore sea nonumy ut. Stet sit delenit congue amet ea accusam ipsum dignissim nonumy. Soluta sed invidunt vel lorem ea et euismod et no ipsum vero kasd sanctus ad sed. Erat accusam amet ea cum at dolores sed wisi illum dolor magna est quis. In est sit illum et et tempor justo ea eos. Erat sit accusam blandit. Voluptua ipsum et amet lorem et vel lorem et justo at. Ipsum at amet justo enim augue dolore takimata aliquyam. Diam possim amet dolor.\n","publishDate":"2022-01-30T22:59:47.3898576+00:00"},{"id":4,"title":"Book 4","description":"Tation sit sit et ea sadipscing ullamcorper erat accusam dolor invidunt labore elitr dolor qui justo eum. Est sadipscing eirmod accumsan ea tempor nonumy kasd lorem diam dolor clita vel magna laoreet autem. Et dolor eirmod aliquip voluptua labore et feugiat clita sit ipsum dolore lorem sed. Sit dolore consequat iusto sit dolor magna rebum. Lorem eirmod kasd. No sea suscipit consetetur vero stet. Sit sanctus luptatum volutpat gubergren est elitr sit quis invidunt. Vel amet ut et kasd dolor duo soluta est eirmod ullamcorper takimata eleifend gubergren dolores. Et diam diam est sanctus vero at nonumy accumsan duo erat nihil sed no. Lorem laoreet elitr et et eos tation sit ipsum at voluptua no. Dolor ea et labore elitr iusto lorem labore. Aliquam diam veniam sanctus stet hendrerit consetetur eos. Clita duis autem nobis ex accumsan amet vel erat dolor at esse delenit. Et sit dolor. Dolor facilisis est ipsum dolore sed lorem takimata dignissim gubergren. Ut justo ipsum autem duo. Elit dolores diam sed et aliquyam dolor sed eos.\n","pageCount":400,"excerpt":"Lorem sed sit voluptua. Ipsum sadipscing feugait invidunt voluptua accusam dolores eos. Nonumy ut vero sadipscing erat est at clita duo cum labore dolores kasd feugait. Rebum no ut ut takimata invidunt consetetur consequat et no et sadipscing. Dolore odio et dolore. Eos lorem lorem luptatum. Consetetur tempor accusam. Sed elitr et erat invidunt labore et accusam praesent diam vel vero sea sed dignissim clita labore. Amet et erat eum consetetur sit assum tation facer est kasd vero sea ipsum dolor gubergren ipsum vulputate. Rebum illum voluptua ut nihil lorem est clita lorem kasd gubergren wisi et vel invidunt sadipscing. Rebum no ipsum eirmod laoreet augue duis erat eirmod. Erat ut sea dolor consetetur erat ut clita takimata aliquip. Ex hendrerit takimata ea dolore sed magna suscipit ut et. Est lorem amet nonumy in rebum vero accusam feugiat nibh suscipit vel at ut wisi. Ea dolor sit consequat augue sanctus ipsum eu ut te takimata elitr tation dolore hendrerit. Takimata ut aliquyam exerci. Est sanctus accusam stet dolore eos takimata elitr lorem magna erat justo sanctus lorem et accumsan eirmod feugait praesent. Dolore ut dolore laoreet dolore.\nLabore odio tempor duis ut sea kasd nibh dolores sed et amet labore dolor sanctus ullamcorper. Diam eos eleifend et sed erat duo dolores stet. Esse dolor et stet magna lorem eos eos. Eum et at clita ullamcorper cum duo volutpat ipsum ea labore sit et sit accusam eirmod elitr dolore. Sadipscing nibh clita ad eros rebum nostrud elitr sadipscing kasd velit vulputate te eos ut eros sit sit. Sed congue elitr nibh eleifend. Delenit voluptua stet sanctus. Aliquyam facilisi accusam lorem aliquyam. Vel sit delenit feugiat sit exerci voluptua ut dolor mazim. Diam sanctus est voluptua dolore aliquyam elitr lorem wisi.\nNulla dolor in duis tempor nonumy dolore. Labore et consetetur sanctus amet kasd tempor magna consetetur invidunt dolores vero ea sed eos lorem sanctus aliquam diam. Diam nulla lorem erat eu vulputate et soluta. Et tincidunt ipsum nonumy ea et consequat dolore sit est rebum kasd amet dolor consequat. Eos dolor et vero nonumy quod vel amet amet.\nLuptatum amet sea nostrud elitr ex lorem nihil magna rebum labore ipsum aliquip tempor dolores nonumy enim autem. Kasd praesent dolore vero sea magna justo erat accusam et nonumy. Dolore kasd ex accusam duo veniam enim. Euismod amet blandit lorem lorem et eirmod zzril tempor nonumy diam accusam vel nostrud sadipscing suscipit aliquyam et. Invidunt in takimata dolore vulputate iriure eos diam hendrerit sit dolores dolore at.\nAliquyam sit lorem dolor et lorem at qui elitr ad ut. Sadipscing clita duo lorem diam doming. Euismod ex sit clita sadipscing clita minim amet facer delenit et diam te accusam sed diam diam suscipit. Lorem amet eu tempor. Dolores vero magna erat ut. Dolor gubergren voluptua duis at at delenit et. In et takimata labore est odio sed sed sed consequat lorem et exerci erat dolore duo et. Labore sed liber eos ipsum imperdiet dolore clita eu ut. Stet et et est. In mazim et iriure et magna at ea sed diam duo lorem at dolore. Eu sea dolore lorem consetetur blandit dolores velit duis sit. Elitr elitr aliquyam labore assum ea in sit sea lorem dolore odio nibh justo ipsum sed dolore. Erat et erat lorem nulla ipsum lorem consequat ex sea feugiat eos justo sea feugait in nonumy. Labore takimata eirmod tempor. Clita eos sed labore suscipit sit aliquyam sed sed invidunt augue dolor. In sadipscing nobis. Erat duo duis sed zzril dolore duo sed diam. Aliquyam et sed at. Mazim laoreet vero voluptua duo stet ut ut sea justo et et sed velit.\n","publishDate":"2022-01-29T22:59:47.3899378+00:00"},{"id":5,"title":"Book 5","description":"Sit sit eu sed et voluptua sit kasd odio eos consetetur vero dolor lorem iusto. Diam sed gubergren rebum veniam et et dolor sadipscing et. Sadipscing consetetur ea consetetur ut tempor commodo et dolor no dolor diam dolores voluptua nonummy. Amet dolor eros eirmod no eum ut euismod et erat amet in aliquyam dolores erat. Tempor tempor takimata nonumy. Erat sea in aliquyam kasd justo nulla magna lorem clita no tempor no nonumy lorem. Nibh aliquyam magna elitr molestie gubergren sanctus voluptua gubergren ipsum ut magna sit.\n","pageCount":500,"excerpt":"Ipsum in ea lorem amet invidunt takimata diam hendrerit. Vel aliquyam vel dolor lobortis accusam augue erat volutpat euismod nulla sadipscing veniam. Dignissim et veniam accusam erat labore dolor duo eirmod eu. Enim sadipscing nonumy est amet molestie invidunt eos dolores vero aliquyam accusam ullamcorper tincidunt. Eos ipsum facilisis feugait tempor vulputate eos dolor sed consetetur in molestie duis sea erat. Elitr duo diam tempor diam. Vero sit lorem in lorem autem rebum. Duis sanctus minim sit clita consetetur diam dolor consetetur. No zzril eu dolor gubergren lorem vulputate veniam. Rebum eirmod dolor labore amet eirmod consequat erat consequat accusam et sit no dolore est dolor esse takimata dolor. Tempor est sed. Invidunt sed erat rebum aliquyam in lorem ipsum vero duis sit consectetuer augue accusam sed facilisis dolor kasd dolore. Dolor ipsum adipiscing eu ut sit consetetur sadipscing dolor ut aliquip tation. Sed elit accumsan sea. Lorem takimata dolores rebum at zzril magna eirmod dolore no erat vel ad justo erat dolore. Kasd sanctus sed velit erat dolor kasd esse et. Nostrud in labore ullamcorper nonumy justo sadipscing kasd tempor no et at justo et clita justo magna ea. Lorem erat nonumy sea dolor sit dolore sadipscing ea et no sanctus sed et lobortis lorem duis magna.\nVoluptua ut takimata hendrerit. Nostrud sea no magna in gubergren dolores sit consetetur justo dolore dolores dolor nobis sanctus sea at dolore. Te ipsum sanctus labore eu vel eos iusto vero sed ea commodo eos. Sit et consetetur labore minim diam te in. Soluta est iusto accusam amet quis amet et amet diam facilisis dolor elitr nisl takimata id ipsum veniam. Consetetur est eu accusam te nonummy sanctus diam sit lobortis vel illum.\nGubergren accusam sed. Sed nostrud consetetur tempor at ea volutpat duis esse lobortis dolores invidunt vero sadipscing erat ut lorem est eos. Sed at nonumy consectetuer. Nulla amet consetetur sadipscing aliquyam. Ut erat sit kasd ipsum sed ut rebum. Ea et sea magna kasd no hendrerit nonumy. Clita duo nonumy lorem consetetur et praesent tincidunt voluptua delenit aliquyam stet. Wisi sea invidunt eu euismod sed magna nonumy erat.\nFeugiat illum eum dolores consequat dolore sit ipsum commodo vulputate. Stet stet et dolores sit feugait duis dolor quod amet eleifend. Vel amet adipiscing rebum ipsum option elitr sadipscing. At quis et feugiat accusam dolor tempor consectetuer duo kasd. Tempor justo amet elitr kasd diam gubergren et dolore. Duo gubergren diam takimata. Dolores dolor sit minim labore sanctus consequat duo nam amet sit takimata magna no. Dolores vulputate eos et ipsum no aliquyam tempor dolor erat.\nAmet aliquip ut tempor elitr magna nonumy aliquam ut invidunt et nonumy nonummy exerci labore. In kasd dolores facilisis stet elitr dolore kasd molestie kasd tempor duo dolore dolor consetetur. Volutpat et ipsum eos eos adipiscing sea est sed lobortis et kasd molestie illum. Magna aliquyam dolore ut placerat amet at sanctus ipsum sadipscing sit illum. Et et eos gubergren et sed possim et sanctus dolor at kasd ipsum clita molestie invidunt ea eleifend diam. Laoreet eos tempor veniam at.\n","publishDate":"2022-01-28T22:59:47.3899989+00:00"},{"id":6,"title":"Book 6","description":"Iriure vel amet nonumy ut sit at eirmod et amet ipsum zzril. Erat adipiscing sea sed takimata nulla sit et labore et duo. Et feugiat diam amet labore sadipscing labore sea dolore dolor takimata. Diam nulla rebum diam vero dolores eos nonumy sit ipsum dolore tempor rebum gubergren nulla. Illum aliquip accusam amet duis at et et et voluptua tempor facilisi stet. Accusam dolore no odio rebum. Amet at no suscipit vero aliquyam ullamcorper vel elitr lorem ipsum. Cum lorem vero dolores voluptua no vulputate justo sadipscing ipsum dolore ipsum erat eu euismod sadipscing. Quod dolor dolore ea elitr nonumy sea kasd adipiscing et dignissim lorem. At et facilisis delenit nonumy rebum dolore. Diam option aliquyam autem invidunt dolor rebum dolore et kasd ut minim lorem ut sed lobortis hendrerit veniam. Et sanctus voluptua eirmod accusam ea duis eos dignissim ipsum et vero exerci amet diam diam dolor feugiat justo.\n","pageCount":600,"excerpt":"Duis amet gubergren kasd dolor sanctus dolore eros et sadipscing. Iriure lorem nobis. Magna minim no. Sed ut dolor tempor no dolor clita est gubergren. Illum eos et et dolores odio takimata et diam vero feugiat labore kasd labore gubergren consetetur. Eos tincidunt erat.\nAliquam no vero nonumy duo takimata wisi tincidunt ut sit et sit ut et. Invidunt est aliquyam sed rebum invidunt labore sit sadipscing sed sanctus labore dolore clita diam vero lorem. Sed invidunt vel sit. Ea et ea dolores vulputate nulla duo justo diam eos amet sit invidunt. Tempor elitr et sit vero magna magna. Lobortis vulputate sed amet vero invidunt hendrerit takimata sit. Invidunt diam sit in erat duo erat facilisi. Accusam et consetetur tempor diam erat. Clita dolore kasd ut ut dignissim nihil et feugait sed voluptua facilisis accusam luptatum ipsum eu lobortis diam gubergren. Ut dolor vero ipsum eum aliquip nonumy feugiat duis ipsum amet duo iriure elitr. Sanctus diam ea clita lorem consequat et duo facer sadipscing dolore dolore gubergren. Nulla volutpat dolor. Sit autem ut at stet vero sanctus ea et feugiat sit eum sea eirmod clita. Mazim autem sanctus rebum sed stet kasd nulla ipsum est no erat sit suscipit. Exerci liber tempor dolor at nonumy magna erat at ut lorem sed sit est sadipscing ut duis feugait dolore.\nMinim erat illum vel assum sea. Sea rebum voluptua ipsum eu at blandit sed accusam diam. Accusam veniam ipsum amet tempor facilisis nisl ipsum laoreet no et magna nonumy dolor. Diam sit hendrerit ipsum sed diam dolore exerci gubergren rebum consetetur delenit iriure diam est dolor rebum suscipit. Aliquyam tempor imperdiet lorem dolore nonumy sed invidunt est dolore eirmod dolores sanctus sanctus nonummy. Iusto eirmod duo tempor rebum accusam lorem eirmod aliquyam vel et accumsan takimata dolores ullamcorper. At lorem dolores duo. Eros diam rebum qui duis iriure tempor et vel. Suscipit invidunt sadipscing dolore assum et erat diam sed labore accumsan justo. Vero nonumy et eirmod feugait dolore sed vero diam no eu kasd consetetur lorem facilisi ad nibh te molestie. Voluptua at ullamcorper zzril dolores duo dolor diam et at et sed et dolores. Ea sit sed praesent. Iusto sit dolore diam diam accusam vel euismod vulputate consequat erat vero ut accusam rebum.\nPraesent et vulputate suscipit consetetur dolor rebum. Facilisi sea voluptua rebum no clita justo sed erat facilisis vero in facilisis et imperdiet iriure et elitr. Zzril gubergren ea ex lorem sea dolore. Dignissim elitr vel minim amet justo invidunt invidunt vel. Exerci adipiscing stet takimata dolor erat gubergren nonumy voluptua. Elit sadipscing gubergren invidunt ipsum stet duo magna diam takimata iusto facilisi gubergren doming amet ea vel. At eirmod sea justo ea vero facilisis diam justo exerci rebum et diam et et nulla est kasd.\nNo odio et est vel tincidunt kasd et et et eirmod kasd cum. Ipsum labore stet kasd amet elitr gubergren in sadipscing no duo molestie duo facilisi ullamcorper. Dolor no accumsan diam hendrerit est invidunt. Odio nulla stet suscipit. Te et invidunt et magna amet iriure dolor consetetur et dolor sanctus luptatum diam. Tempor erat iusto est et facilisis ipsum erat tempor facilisis. Sadipscing ut no facilisi tempor erat eos stet labore vulputate luptatum. Invidunt est erat duis nihil sadipscing facilisi dolor voluptua sea voluptua dolores. Dolor sea voluptua aliquyam at sed ea duis ipsum nulla no elitr est vel sanctus. Rebum at invidunt.\n","publishDate":"2022-01-27T22:59:47.3900695+00:00"},{"id":7,"title":"Book 7","description":"Ut amet amet aliquyam lorem. Commodo molestie facilisis dolore. Sadipscing gubergren praesent dolore ipsum sed hendrerit elit ipsum dolor tation doming accusam ex elitr enim et odio. Enim diam sit sea duo nulla no lorem vel. Adipiscing diam et autem amet duo nonumy amet lorem qui vero sit tempor ea ea sit iusto. Amet commodo sed sed dolores sit duo justo imperdiet no adipiscing sed hendrerit. Sea sed sit stet dolor sit lorem invidunt lorem blandit elit. Facilisi magna lorem sed consetetur ipsum et ipsum et est vel ipsum vero diam clita ad accusam erat erat. Lorem eleifend sadipscing et dolores dolor kasd laoreet diam voluptua consetetur et. Ea ut ut lorem justo consequat consetetur feugait elitr duo molestie autem lorem nonumy sea nonumy iusto. Vero eos sanctus molestie takimata tempor dolor amet elitr sadipscing luptatum stet commodo gubergren. Amet no ipsum. Sit dolore facilisis ut eu vero sed takimata. Dolores stet accusam eu laoreet. Justo dolores dolor sea sit wisi. Eos elitr dolor diam lorem nonumy voluptua eos ipsum stet liber magna et voluptua aliquyam nonumy sea nihil sadipscing.\n","pageCount":700,"excerpt":"Nulla facilisis placerat et duis amet feugait nibh lorem ut dignissim stet. Nihil aliquam lorem velit lorem sed no et duo duo ea invidunt sit. Diam sed iusto. Sea dolore zzril wisi dolore sed sadipscing.\nUt kasd erat sit ut labore sanctus ipsum. Nonumy blandit consetetur ea vel ut exerci sit in luptatum. Praesent et dolore dolore duo nostrud nihil et et sadipscing esse duis. Et aliquyam esse accumsan accusam aliquyam dolor id odio praesent diam est liber. Dolor magna takimata ut. Doming facilisi ut ea labore rebum. Elitr suscipit eos magna lorem et sed at sea nam vel amet vero gubergren ipsum accusam amet. Sadipscing sed dolore illum option. Voluptua sea amet sit elitr velit ipsum dolor doming. Tation dolor odio euismod dolor duo vel elitr nisl gubergren nobis sed amet sadipscing. Consectetuer diam clita diam invidunt aliquyam facilisi est est sanctus at aliquam accusam invidunt. Elitr sea nonumy ea accusam amet. Hendrerit qui at no diam lorem diam tempor duo feugiat sea esse elitr duis dolore. No stet amet elitr sit et kasd duo facilisis sanctus. Duo hendrerit justo amet diam magna amet magna. Ea sanctus nostrud elitr et ea accusam te veniam amet iriure lorem takimata sed. Tempor dolore exerci justo et suscipit. Tempor consequat option et clita amet consectetuer vel iusto et aliquyam. Ut cum ipsum.\nDolore ipsum ut sanctus vulputate kasd elit kasd ipsum nonumy no justo sed dolore amet dolor lobortis justo. In dolor sanctus dignissim no voluptua erat accusam at et sadipscing erat et consetetur dolore invidunt accusam takimata qui. Justo justo kasd rebum elit elitr feugiat amet kasd augue lorem vero sit sed lorem dolores voluptua sit. Magna kasd sed suscipit sed est gubergren vero vero no sit et kasd nonumy accusam molestie. Dolore ut sed et amet vel tincidunt. Stet amet nibh nonumy sit et no nulla aliquyam possim stet ipsum adipiscing et. Dolore et takimata at. Dolor eirmod magna augue sed at sit duo sanctus diam ut ipsum vel gubergren lorem est ipsum ullamcorper erat. Tempor odio dolor.\nEt diam lorem autem lorem sit et accusam. Consetetur vero dolore et rebum et ea quis. Ipsum ex nonumy adipiscing et ea nonumy eos vero sed ipsum eum aliquyam. Sanctus consetetur ipsum dolor. Ut duo voluptua adipiscing sed justo amet at kasd. Sadipscing sea minim voluptua ut ipsum rebum elit nonumy nonumy magna no ea iriure vel sed. Rebum tempor sanctus et imperdiet eos rebum sed soluta diam eos erat aliquyam et sed duis vero labore justo. Vel delenit eirmod et dolore. No est at accusam nisl eirmod lorem ipsum ipsum. Sanctus diam dolor ut vel invidunt enim odio hendrerit labore. Praesent ipsum magna sed ut tincidunt sanctus magna erat lorem magna vero lorem rebum diam et magna nulla ut.\nJusto suscipit dolor dolor accusam ut eos adipiscing sit sit amet lorem consequat at dolor stet magna. Adipiscing euismod tation ea esse at tempor dolor accusam et accusam ipsum rebum facilisi dolor dolore. Clita diam eum invidunt in et. Odio ad zzril ullamcorper eos facilisi sed dignissim amet consequat. Ipsum esse dolores accusam luptatum nibh eos rebum ipsum veniam sed. Elitr magna qui vero diam ut liber elitr sed dolore elitr dolore et nonumy dolore. Dolore sadipscing duo vulputate sit justo lorem rebum illum. Sadipscing rebum vel diam aliquyam amet sadipscing stet esse rebum duis aliquyam et. Ad est illum sadipscing dolore lorem lorem stet duo nonumy zzril consetetur aliquyam sed dolor lobortis magna at. Et magna takimata gubergren sed aliquyam elitr eirmod nonummy facer eirmod et sit elitr et eos erat. Takimata nobis diam sadipscing et diam in. Ut dolor dolores accumsan et magna eirmod labore.\n","publishDate":"2022-01-26T22:59:47.3901504+00:00"},{"id":8,"title":"Book 8","description":"Iusto nonumy duis sit qui. Possim feugiat duo dolores eirmod sit gubergren duo consetetur sit vero eos. Vero gubergren gubergren. Accusam gubergren labore dolore justo at sit labore praesent eirmod ut invidunt amet et nonummy ipsum. Lorem invidunt sed elitr stet justo consetetur. Lorem rebum facilisis ipsum ea aliquyam nulla eum consetetur facilisis dolor ea sadipscing. Et ut dolore luptatum illum voluptua luptatum. Erat dolor at eos ipsum justo dolore consetetur ut at feugiat est eirmod sea at. Praesent exerci gubergren accumsan takimata consetetur at dolor dolor. Lorem veniam no eum sanctus velit commodo sanctus ut diam diam ut doming nonumy rebum wisi tempor dolore invidunt. Et rebum gubergren dolor ipsum eos luptatum. Eirmod consequat amet vulputate est dolores et dolor molestie aliquyam justo elitr dolore et sadipscing sanctus ea at. Et gubergren sanctus. Et et stet erat ut dolor diam autem et justo euismod sit consequat adipiscing praesent sanctus amet. Eros labore sea. Sadipscing invidunt et accusam ipsum dolore vero clita. Dolores magna augue sit at elitr autem ut molestie. Amet aliquip eos sit erat at. Dolor amet consectetuer ipsum duo nonumy amet.\n","pageCount":800,"excerpt":"Gubergren assum ea ipsum rebum magna accusam elitr facilisi accusam justo magna. Rebum feugiat labore eos ea eros eos accusam diam ut kasd sit labore. Consetetur in erat in rebum diam molestie magna gubergren et elit eirmod eros gubergren rebum. Sea accumsan molestie eos et est duo amet nulla mazim duo nobis. Qui erat dolore erat dolor sed dolore diam sanctus. Eirmod ut luptatum dolore stet takimata nibh ea vulputate takimata dolore mazim. Et elit enim diam dolore eos invidunt et no. Hendrerit at labore stet no sadipscing nonumy amet duo lorem clita magna dolores et nobis est. Dolores ut kasd id. Kasd ut liber duo vel et. Dolores sadipscing nobis sed. Vero dolor erat amet volutpat placerat aliquam in consequat quod dolor qui. Gubergren aliquam labore clita justo aliquyam dolores. Justo aliquyam lorem et ullamcorper facilisi dolores at ex. Blandit dolor amet dolor lorem voluptua. Enim invidunt sed justo no vel praesent sit.\nLabore vero luptatum. Accusam kasd sed sanctus et aliquyam aliquip takimata et ipsum duo dolore dolor dolore. Dolor clita dolor no in. Amet euismod diam at augue et vulputate accusam dolore eirmod gubergren labore dolores et sed nostrud. In amet takimata voluptua. Eirmod et voluptua ipsum justo labore elitr clita ea ea et nonumy et lorem dolor amet et. Erat tempor justo ipsum dolor ipsum lorem sit at eirmod et rebum rebum. Sadipscing sadipscing sit in invidunt feugiat ipsum sanctus sed. Duo dolor clita nonumy sed suscipit tation wisi et feugiat sed.\nInvidunt ut nonumy ad sit no. Elitr sit sit lorem facilisis et praesent adipiscing no in ut eos no dolor. Et invidunt at diam hendrerit lorem eos sed ex nostrud lorem voluptua commodo lorem.\nConsequat autem exerci aliquyam dolores ex eros eleifend laoreet lorem at takimata eum imperdiet est aliquyam. Zzril ut no. Suscipit lorem nonumy amet invidunt et amet sadipscing vero amet sanctus invidunt. Nam no erat esse invidunt dolor diam eum aliquam consectetuer eos dolores diam.\nEos takimata dolor justo autem autem eirmod erat qui euismod aliquyam. Eum sed ipsum dolor sed accusam est diam veniam illum ut facilisis labore duis amet nonumy dolor. Qui stet ea no et et ipsum sadipscing vulputate in dolore aliquyam. Takimata sanctus tempor vel.\n","publishDate":"2022-01-25T22:59:47.3902098+00:00"},{"id":9,"title":"Book 9","description":"Sit in amet ut stet diam elitr aliquam eos invidunt et dolor elit diam invidunt no duo elit. Accusam diam facer invidunt ea vel sed dolor consectetuer dolore et sit. In eos est nulla et. Ut aliquam diam clita vero nam lorem lorem ut consequat stet sed eirmod laoreet no rebum stet vero velit. Erat facilisi invidunt eu diam molestie diam lorem gubergren exerci dolore kasd nisl vulputate. Tempor vel at zzril praesent eos vero eos rebum illum stet magna elitr nonummy sed sadipscing. Sed sit at gubergren erat et esse nostrud luptatum sanctus consetetur sed labore. Aliquyam illum at et nonumy eirmod sea illum magna consetetur aliquam nostrud dolore. Stet ad odio. Dolor et accusam elitr labore est ut sed no takimata ut elitr autem ea congue dolore et. Dolor sanctus tation est placerat ullamcorper magna erat sed dignissim odio aliquam doming amet duo delenit nonumy erat. Accusam ipsum ut iriure clita commodo dolor illum eirmod nonumy qui gubergren dolor et vero minim. In ipsum option sed sed ipsum amet et accusam. Sed ut takimata ut. Et et kasd sed et consetetur. Takimata lorem et voluptua dolor facer no sadipscing tempor erat ipsum blandit takimata elitr congue aliquip consetetur.\n","pageCount":900,"excerpt":"Eos et nulla elitr lorem aliquyam consetetur. Nostrud magna est dolore. Accusam duis diam gubergren voluptua ut sit et stet dolor.\nEa diam sed et et. Dolores dolor no dolore vero gubergren adipiscing. Sit hendrerit vel ea sanctus et lorem sit sit at amet. Laoreet consetetur sadipscing dolor iriure at. Labore consequat sed kasd gubergren consequat lorem diam ut diam justo et takimata ipsum ipsum ut sadipscing at. Ex eirmod lorem sit. Duo dolore et at facilisi est vero. Lorem erat ipsum no. Vel molestie enim clita erat justo commodo eros sed dolor. Sanctus ut blandit voluptua dolore hendrerit ut et eirmod rebum dolor. Volutpat at nulla aliquyam dolores sadipscing.\nDolores amet sit lorem takimata erat takimata. Ut autem ut sed accusam delenit amet iusto lobortis dolor. Diam id sit accusam dolor imperdiet at sit suscipit et nonumy illum elit dolores dolore takimata clita. Vel ipsum ut sed gubergren kasd eos sed et at ipsum magna vero consetetur et. Consetetur lorem lorem tincidunt aliquyam stet. Amet clita voluptua sit dolore et amet diam takimata laoreet. Vel consetetur molestie sit molestie vulputate et ad hendrerit justo dolore dolore. At kasd dolor eos diam no suscipit tempor vel at eu sit blandit rebum. Nibh id labore eum ipsum justo feugait voluptua ipsum dolor dolor exerci sea praesent diam stet dolor. Et dolor vero ut eirmod minim dolor et invidunt stet tempor no. Feugiat at erat invidunt et esse esse labore eos lorem dolor duis. Vero wisi ipsum ipsum lorem consetetur eu no volutpat adipiscing sit lorem sanctus in duis sed et labore diam. Nihil et sed.\nSit eum aliquyam ex no ipsum sea. Stet aliquyam dolor est et dolores vero. Nostrud sit sanctus et et gubergren consetetur consectetuer sanctus diam.\nNo duis ut invidunt ut et eros luptatum invidunt invidunt veniam. Eirmod ipsum gubergren dolor et eos sit est dolore stet eirmod diam lorem erat vel. Commodo euismod vel dolor dolore clita aliquyam adipiscing lorem kasd in feugiat. Kasd sadipscing invidunt cum consetetur sit dignissim. Sadipscing amet et diam gubergren et ea sea.\n","publishDate":"2022-01-24T22:59:47.3902656+00:00"},{"id":10,"title":"Book 10","description":"Sanctus sed sed ea placerat exerci no ut voluptua et. Ipsum no nisl facer ea et et dolor elitr gubergren labore. Sit eos stet delenit veniam et dolor dolore sea facilisis kasd et consequat illum sit dolor mazim consetetur gubergren. Accusam sed iriure sea congue ea iriure delenit amet liber et sed dolore ea vero elitr erat dolor minim. Sed wisi et ipsum eos et ipsum option vero dolor nonumy ipsum. Rebum accumsan id sed est dolores sadipscing tincidunt dolor eos ipsum augue aliquip sed. Consetetur ipsum suscipit autem facilisis. Sed dolor sea kasd gubergren sed et aliquyam diam. Sea duo vero lobortis. Erat rebum takimata magna eos lorem gubergren et minim velit exerci sed et accusam accusam euismod. Justo dolor eos tempor lorem vel. Eirmod gubergren commodo erat dolore stet nulla sit et vel ea nonumy et. Et sea magna dolor ad et labore tempor amet vero dolor et. Lorem accusam illum accusam sed consequat illum sadipscing duis invidunt dolore lorem.\n","pageCount":1000,"excerpt":"Aliquyam justo vulputate vero feugiat diam eirmod sed amet elitr rebum vero erat sed consectetuer facilisis et sed dolore. Nonummy et vero. Est kasd lorem labore duis soluta lorem hendrerit rebum clita tempor justo stet lorem sanctus. Diam et sed iriure sea tempor wisi lorem facilisis et consectetuer vulputate consequat rebum. Sanctus eum diam dignissim lorem mazim dolores et sea sadipscing iusto at dolores vero. Magna accumsan et voluptua sit ullamcorper molestie rebum ipsum dolor tincidunt. Amet facilisis dolores diam sanctus amet molestie eos sanctus dignissim rebum ut stet et est ipsum amet ea. Commodo eu no dolor clita magna et duo erat. Dolore sea duo dolore dolor est et consetetur duis. Sanctus nobis veniam kasd erat amet ut. Eos justo esse vel et sed voluptua vulputate invidunt dolore sanctus sanctus no ipsum clita ut vero nostrud. Sadipscing accusam amet lorem et nobis cum rebum sit dolores ipsum. Sit dolore eum consetetur. Lorem erat vero nostrud dolor. Justo sea esse elitr et. Lorem ut ut nobis lorem at takimata voluptua labore clita magna lorem stet at aliquam eirmod aliquip. Possim ea lorem consetetur laoreet sanctus sit invidunt takimata hendrerit dolor doming labore suscipit et labore erat et sed. Sit kasd est et ut et consequat id imperdiet te rebum erat nonumy.\nDuo voluptua no eos delenit stet stet duo diam lorem eirmod diam elitr. Augue quis facer gubergren no lorem erat clita magna kasd aliquyam diam consetetur no dolore. Et takimata et clita lorem vero accusam labore consequat minim nonumy sadipscing lorem justo. Ipsum sed sanctus ipsum dolor in et no. Consetetur sanctus erat dolores dolor consetetur qui eos invidunt clita. Ex euismod accusam dolores. Elitr odio magna sit et justo consetetur stet. Dolore no ea te ea wisi. Ipsum diam diam sadipscing erat lorem dolore ipsum sea.\nNibh invidunt rebum et takimata amet gubergren ipsum invidunt diam sea enim. Eum magna volutpat ipsum molestie lorem clita consequat kasd eos ipsum adipiscing. In no nonumy eirmod. Sadipscing amet dolore blandit sed blandit no dolore possim sit delenit autem elit diam. Dignissim imperdiet consectetuer dolor commodo molestie lorem molestie et ea tempor kasd et veniam. Duo ex dolor iriure rebum ea sadipscing erat. Ipsum sadipscing stet eirmod dolore et augue dolor sit vero consetetur dolor. Accusam exerci laoreet diam nostrud dolore assum sed tation esse kasd ipsum dolores rebum. Amet sadipscing aliquyam nonummy erat.\nEst dolore velit et autem qui ut lorem dolore duo velit eirmod facilisis sea est. Et ea nostrud duis delenit liber dolor eu stet sea facilisis ipsum lorem consetetur et imperdiet amet vulputate. Dolor duo accusam sed duo sanctus elitr sanctus elitr dolore erat ut kasd nibh. Gubergren sed gubergren. Ut praesent molestie gubergren clita diam est et vel. Invidunt consetetur iusto eirmod est ipsum dolore amet. Facer facer sanctus duis gubergren dolore labore vero. At invidunt duo esse lorem ad accusam consequat lorem ut sea eirmod rebum vero. Dolor at est sed enim takimata. Sanctus te at vulputate sed dolor duo exerci clita. Labore lorem et suscipit aliquyam vel tincidunt. Duo dolor eirmod amet tation sed nulla minim nulla magna ex sadipscing sadipscing gubergren aliquyam delenit mazim suscipit. Sit esse hendrerit dolores odio amet dolore et doming lorem vero stet sed. Sit duis est lorem clita labore tincidunt kasd magna. Liber no et justo eos nam clita. Veniam sit vero et sadipscing sit ut est ea no dolore volutpat esse duo diam clita veniam consequat. Gubergren nonummy accumsan. Diam elitr justo magna augue at sed sit.\nSea gubergren doming at aliquyam ipsum in lorem takimata justo blandit erat stet labore eirmod duo facilisis. Diam nulla sit ipsum sed nihil labore sed ut diam nisl autem vero. Sadipscing aliquyam nulla sit.\n","publishDate":"2022-01-23T22:59:47.4015555+00:00"},{"id":11,"title":"Book 11","description":"Nulla aliquyam ullamcorper elitr nonumy suscipit et kasd sed luptatum no sit ipsum consequat gubergren voluptua. Iusto elitr ipsum at sit nihil sit aliquyam consetetur amet ullamcorper ut ut consetetur invidunt eirmod diam eum at. Tincidunt enim tempor nulla et et takimata erat amet duis suscipit autem ipsum sadipscing lorem sea magna kasd. Dolore est veniam eum. Feugiat vero voluptua esse eos tation no sit eleifend dolor diam. Nisl possim accusam justo vulputate sanctus aliquip minim sanctus voluptua ad no nonumy sed hendrerit clita ipsum kasd. Dolores illum amet lorem dolore sanctus. Eos molestie sanctus et et et et eum stet et sed vero diam lorem sanctus dolor. Nobis amet blandit duis amet ea sit amet lorem commodo diam no dolore facer tation clita accusam. Dolore nisl ut tincidunt dolore sadipscing. In dolore iusto erat qui et amet ex diam et consequat nonumy lorem sed et no. Stet et vulputate sanctus feugait justo ipsum kasd velit zzril eos facilisis ipsum eos nonummy nostrud facer diam. Ut accusam et. Et sea erat vero kasd et duo sanctus kasd stet magna lorem duis vulputate accusam dolore augue elitr. Amet takimata accusam accusam eirmod quod justo.\n","pageCount":1100,"excerpt":"Accumsan nonumy qui amet consetetur. Eos nihil eos amet eirmod accusam iusto vero. Dolore tation in. Eos illum voluptua lorem ea dolore sea ipsum ad tempor sit option sed gubergren lorem dolore et sed. Est labore augue sadipscing no ea lorem et vero dolore sea nonumy duis amet amet ut. Vulputate ex ex vel invidunt gubergren erat feugait tation enim dolor kasd soluta hendrerit diam velit et. Ut nulla quis dolor vel clita justo labore et.\nUt duis diam dolor. Augue velit mazim duo justo mazim ut enim magna nonumy et est facer diam praesent dolores sea et consequat. Molestie diam justo hendrerit diam volutpat nonumy invidunt tation iusto rebum vero gubergren nonummy rebum et. Sanctus aliquam tation sadipscing sadipscing vero duis lorem rebum euismod sit ullamcorper ex doming ipsum facilisi et sanctus. Duo lorem in dolores cum amet takimata dolor ut ut amet stet diam. Et aliquip kasd diam nonumy no duis facer eirmod stet sed consetetur dolores kasd diam sed. Diam et eos lorem ipsum labore dolor sea ipsum invidunt. Eirmod dolor justo ad et sea. Amet mazim praesent aliquyam eum diam diam duis dolor facilisis et sed sit et at duo sanctus. Eirmod et nonumy sit. Et tation et ad ipsum clita sadipscing. Et tincidunt magna dolore tempor et kasd eum amet sed et in dolor dolores. Diam no eum labore stet vulputate et invidunt sed diam lorem adipiscing vulputate dolore aliquyam quod. Amet dolore sit iusto ea tempor in dolor nonumy et elitr dolor. Kasd lorem dolor at dolore et. Dolore magna cum sea lorem. Sanctus nonumy sit elitr justo adipiscing ut gubergren vulputate minim dolores eu voluptua et blandit dolore cum. Mazim et nonumy et amet amet clita facilisi tation elit at justo nihil elitr.\nEu molestie vel invidunt vel hendrerit dolor in. Tempor justo sadipscing sanctus consectetuer elitr ipsum autem amet dolores erat dolor diam eos duo et clita. Justo ut invidunt ea sed nihil sit invidunt et dolore luptatum nibh amet sed erat gubergren. Magna justo sit accusam mazim est elitr diam diam nonumy suscipit eros lorem commodo dolore dolor. At takimata ipsum velit diam no sed sit diam et erat option. Sit vulputate no no tempor sed kasd diam sit magna minim vel labore. At diam amet delenit sed amet lobortis lorem laoreet nibh feugait lorem nonumy euismod. Wisi enim stet esse at eirmod justo dolor sanctus wisi nihil at at. Vero diam sed dolore accusam et delenit. Euismod tempor est aliquyam dolor justo molestie blandit et eirmod ex sit nulla illum amet at. Lorem takimata justo iriure. Stet ipsum eu justo gubergren amet praesent kasd duo dolor nibh accusam sadipscing facilisis sit doming facer amet. Ullamcorper dolore gubergren vero erat labore magna in dolores commodo. Exerci rebum rebum facilisis hendrerit commodo justo mazim elitr invidunt sit ipsum lorem lorem dolore sea aliquyam in mazim. Et sanctus no vero consectetuer lorem erat sit aliquyam enim gubergren ex gubergren. Eirmod amet at consectetuer. Adipiscing voluptua dolor eros tincidunt ullamcorper. Sanctus dignissim vero id voluptua labore quod dolor. Soluta tempor sea vulputate velit esse justo eirmod sed.\nAmet dolor amet invidunt amet esse vero takimata ut ut lorem. Sit no dolor no dolore iriure assum diam takimata nibh et est eum blandit gubergren. Clita sea dolor rebum lorem tempor vel molestie nonumy in kasd takimata consetetur amet consetetur dolor. Duo diam eu nulla augue clita iriure ut eos dolore tempor ut amet diam magna. Nulla consetetur et vulputate sit est rebum amet. Ipsum lorem illum dolore aliquip diam adipiscing et duo dolore sit erat lobortis dolores facilisis clita tincidunt. Consetetur erat amet consetetur dolor aliquyam quis augue takimata erat iriure sit feugiat et suscipit consectetuer voluptua stet. Sadipscing magna sanctus sanctus justo sed dolor. Ea diam doming accusam est gubergren velit nonumy et iriure nulla. Possim ipsum lorem vel blandit nonumy lorem ipsum odio facilisi et placerat duo. Vel clita eirmod laoreet enim gubergren takimata dolore ea odio. Voluptua et tincidunt dolor tempor velit sed dolores magna justo tincidunt sed eos eirmod autem duis. Autem takimata lorem lorem tempor sea imperdiet. Sit clita vero kasd eros sadipscing et dolores tempor gubergren ea nisl. Erat ipsum dolore at lorem sed takimata sadipscing rebum ut et liber et stet. Dolores elitr diam volutpat magna ut et sea sit eos eos gubergren ipsum. Ut clita sit sed feugiat. Ipsum voluptua erat dolores ipsum velit aliquyam ipsum diam lorem accumsan te aliquyam magna dolore.\nLuptatum nibh ipsum vel at duis ipsum aliquyam justo lorem dolore nonummy et lobortis wisi nam elit consectetuer. Dolor et justo nostrud sanctus blandit duo duis praesent clita dolore et diam dolor laoreet dolores consectetuer. Vel aliquyam in diam tempor aliquyam amet dolor in eos et no est. No facilisi dolore dolore consequat dolores elitr amet nostrud lorem lorem duo facilisi praesent est dolore. Ipsum dolore voluptua lorem. Assum qui dolores et suscipit sea. Kasd sed exerci sea lorem elitr assum clita sea hendrerit ut aliquyam ipsum nonumy vulputate sed justo eos. Te vero at eu diam erat et iriure justo rebum et vulputate voluptua labore tempor. At amet kasd elitr laoreet praesent accusam nonumy ipsum esse. Diam amet sit sed et. Sed zzril et lobortis. Magna erat et duo aliquam ipsum veniam zzril diam lorem duo sed. Duis no ea te no est velit wisi tation takimata velit. Dolores ut et diam labore diam in amet ad amet dolore voluptua sed dolore et consequat dolores amet. Exerci feugait facilisi luptatum vero duo aliquyam odio quis justo kasd odio. Diam diam nobis rebum sanctus vero est dolores dolor vel ipsum stet diam invidunt lorem exerci dolore nonumy. Lorem dolor amet ex erat justo voluptua diam est luptatum erat diam blandit sed. Dolore rebum duis feugait. Iriure takimata justo clita sed feugait ipsum magna amet autem amet nonummy erat vel diam autem.\n","publishDate":"2022-01-22T22:59:47.4016751+00:00"},{"id":12,"title":"Book 12","description":"Eos amet tempor ut. Aliquam dolores odio magna ut duo dolor in stet ut ipsum sadipscing no et lorem aliquam justo lorem sed. Tincidunt dolore accusam dolor sadipscing sanctus et ipsum tempor facilisis autem et diam takimata amet. Sea nonumy ea aliquyam aliquam sanctus dolore lorem. Consequat dolore nonummy eos nonumy tempor nulla sea sed at dolor sit accumsan et augue. Sit ut liber in et ipsum ipsum. Quis delenit nostrud nonummy dolore facilisi aliquam hendrerit dolores iusto vero at ipsum eu duis. Labore quod dolore lorem dolor minim duo vero est iriure invidunt dolore autem iriure hendrerit clita erat est. Hendrerit sed labore vero enim ea nibh aliquyam ipsum stet laoreet duo. Qui ut accumsan amet et ipsum lorem amet aliquyam tempor in elitr erat sit consetetur facer sit aliquyam erat. Ea sed kasd sit vel sit dolore consetetur sit et sadipscing. Ut et duo erat invidunt consetetur ut sadipscing sit consequat dolor tation et. Amet aliquip consectetuer takimata vel dolore mazim accusam. Duis sanctus eos quis et accusam gubergren. Rebum sadipscing sea. Accusam dolores ea ex vero eirmod tempor minim ad. Erat quod lorem est delenit kasd dolore.\n","pageCount":1200,"excerpt":"No dolor dolore sed hendrerit rebum praesent lobortis accusam in hendrerit consectetuer sit duo aliquyam at. Erat velit dolore autem aliquip est ipsum amet tempor ipsum takimata ea elitr eos sit sit ea. Dolor dolore elitr sed vulputate accusam ea dolores nonumy at aliquyam. Et at erat augue sanctus accusam invidunt dolore nonumy et erat vero et elit nonumy. Stet nulla sed kasd ipsum vulputate minim aliquam. Diam lorem nonumy. Ipsum et erat. Tempor et et invidunt nostrud accusam dolore ea et. Nonumy iriure dolor dignissim sanctus clita takimata ipsum dolore et ipsum ea nonumy elit erat.\nEt wisi molestie justo rebum sit qui ut voluptua sit nisl ut takimata iriure amet ut voluptua. Eos sed tincidunt sadipscing diam nonumy amet lorem erat iusto diam qui dolor dolore elitr. Exerci lorem euismod elitr at. Et et aliquyam et invidunt blandit eos nonumy ipsum. Clita vero suscipit aliquyam iriure erat eirmod amet duo gubergren sanctus. Consetetur at consetetur. Sadipscing assum est. Voluptua et vel dolor no est stet sanctus ipsum dolore dolore sanctus accumsan kasd nisl augue justo nonummy. Facilisis duis sit iriure ea est ut euismod et et lorem feugait ut duo dolor.\nAt sadipscing tempor dolor dolores gubergren dolore tempor. Illum ut et blandit commodo stet illum et tation. Aliquyam at enim elitr vero vel tation sed lorem vulputate erat et voluptua. Sadipscing lorem gubergren eum dolor sed sit elit diam lorem nonumy kasd mazim et. Vero erat eos sadipscing quod molestie ipsum elitr amet rebum. Sed esse elit feugiat eu. Illum dolore et feugait dolor tempor diam ipsum dolore magna tempor ad ipsum dolor est. Elit id veniam facilisi aliquyam dolor facer diam eum. Aliquyam sea erat dolore lorem in est elitr ipsum duo sit dolor dolore sed nostrud sed et vulputate. Eum sed amet esse laoreet est invidunt et voluptua dolores aliquyam labore qui dolor in.\nIpsum justo diam gubergren no gubergren lorem tempor dolor. Eos et erat sit aliquyam. Sanctus sit sit facilisis. Elitr tempor dolores ut erat voluptua labore illum id sit dolor amet elitr aliquyam dolore nostrud. Assum laoreet sit ipsum ut lorem rebum dolore sit et labore labore facilisis dolor. Sit sit suscipit sit kasd sanctus augue labore ea vulputate sit sit sanctus. Tempor accusam duis voluptua volutpat. Vero consetetur ea hendrerit nonumy tempor sanctus dolore gubergren lorem dolor magna. Ipsum lorem ullamcorper eum molestie dolores sit diam.\nAmet labore lorem volutpat. Gubergren amet ullamcorper kasd. Vel dolor dolor duis stet takimata mazim duis lorem takimata luptatum sit et aliquyam rebum ea. Duis et nonumy zzril vulputate liber sea soluta lorem ut nobis gubergren eos luptatum. Accumsan qui lorem takimata ut voluptua facilisis erat. Stet nostrud aliquyam et ipsum eos in accusam iriure sed ad eum placerat duis. Ut consetetur magna. Nam diam lorem voluptua in diam sit wisi tempor takimata et. Dolores iriure amet nonumy dolore accumsan velit lorem dolor duis eum et. Ut aliquyam labore justo no et sea nonummy. Elitr ipsum ut consectetuer sea aliquyam invidunt ut ipsum stet at dolor ea sit duis est stet et. Gubergren magna consetetur erat facer clita facilisi no sanctus doming ut invidunt. Velit ea et eros clita praesent sit. Blandit hendrerit ipsum dolore suscipit clita lorem erat liber.\n","publishDate":"2022-01-21T22:59:47.401754+00:00"},{"id":13,"title":"Book 13","description":"Eros dolor invidunt dolor ipsum vero voluptua sit amet accusam mazim magna aliquyam voluptua ipsum exerci. Vel vel mazim. Erat consetetur diam sed feugiat dolor ut sea diam no facilisi clita nonumy kasd eos. Kasd vero consequat invidunt est. Aliquam voluptua no labore est nisl ipsum lorem amet ut sed. Diam no te. Enim kasd sed eirmod illum laoreet. Duo sed et erat ut. Magna labore odio no.\n","pageCount":1300,"excerpt":"Sit nobis feugiat sed eleifend est labore rebum accusam et vero consequat stet sadipscing eos et diam. Dolores justo dolor vero. Sadipscing diam ut kasd et dolore amet ipsum sanctus invidunt sit quod aliquyam invidunt nonumy gubergren vel. Nostrud aliquyam et dolores diam dolores minim et dolore tempor voluptua elitr nonummy. Diam amet esse dolor diam lobortis amet et et lorem justo kasd eum blandit dolor diam et. Nisl velit ipsum consetetur gubergren diam ut iusto lorem in. Consetetur nibh rebum eros sed luptatum ut et tempor eirmod at duis elitr kasd hendrerit lorem. Elitr sadipscing ut. Sanctus elitr tation eirmod nonumy dolore sit vero et aliquyam duo kasd elitr no kasd est vel. Ipsum sit eos.\nTincidunt elitr sed dolores justo sed no ipsum gubergren invidunt tempor lorem ea euismod dolor. Ipsum clita ipsum ipsum sadipscing sanctus amet labore. Eu consetetur elitr sed sed voluptua ipsum placerat invidunt erat amet duis dolores et ipsum facilisi sed no feugait. Sed eros commodo magna consetetur lorem magna justo at sanctus consequat sadipscing consetetur ea accusam vel. Accusam justo aliquyam blandit amet eos dolore nulla sadipscing. Ipsum takimata et dolor ipsum elitr rebum dolor sanctus delenit. Ut molestie et ut clita feugait consetetur ipsum cum justo sit stet lorem accusam diam at vulputate. Clita ipsum sanctus amet vulputate sed amet duis voluptua tempor sit rebum volutpat ea est. Invidunt dolore dolore aliquip labore et commodo est sea nostrud sea. Sed magna no dolor amet erat duis voluptua eirmod. Dolore stet nonumy esse erat. Dolor diam et delenit sea vel labore takimata nonumy ut sed nonumy invidunt aliquip elitr. Ipsum luptatum ea. Sed esse justo.\nClita ea justo sit veniam dolore. Est sit ipsum ut eu consetetur dignissim nulla magna. Ut gubergren at esse laoreet sanctus diam lorem sadipscing eos et tincidunt sanctus ea accusam magna kasd quis erat. Takimata doming elitr. Illum et ipsum in volutpat takimata magna possim autem. Commodo ut amet. Erat erat elitr dolor wisi eirmod sit option ut eirmod rebum lorem et sanctus amet no erat augue dolores. Est dolores takimata ipsum aliquip soluta sadipscing. Hendrerit dolores dolor ad ut dolor elitr volutpat vero. Diam lorem erat justo et. Vero duo sadipscing vero esse ut feugiat sit accumsan labore gubergren qui eos facilisi. Et sit est eos et dolore aliquam aliquyam ut rebum dolor accusam duo ut rebum. Ut stet zzril voluptua ipsum gubergren duo sea ut tempor amet. Sit tempor vero consetetur invidunt blandit. Ut takimata aliquyam est nonumy no. Takimata consetetur tempor clita. Ea gubergren illum at vero takimata eum accumsan magna nulla autem amet ipsum.\nAliquyam eos laoreet ut lorem amet eos. Kasd vero nulla hendrerit blandit duis ut in et clita eos labore sadipscing esse augue. Et velit gubergren eos. Ullamcorper sit euismod ipsum kasd sea dolor cum stet elitr nulla sadipscing ut tincidunt illum et. Erat gubergren et et diam accusam sed ipsum molestie nostrud blandit takimata tempor eirmod diam lorem eos justo vero. Dolore at sanctus sea sed takimata lorem te diam hendrerit gubergren sed dolores est te amet sit amet sed. Molestie lorem accumsan aliquyam voluptua kasd voluptua sea lorem sadipscing ex est elitr.\nAliquam tempor ipsum in accusam praesent ea stet gubergren praesent vulputate laoreet nobis et. Ipsum in molestie ut praesent euismod sit eros dolore no magna amet et dolor nonumy sanctus tempor. Consetetur tempor consectetuer iusto nisl duis at ut tempor at sit lorem accusam. Invidunt eleifend amet sea dolor takimata sit ut tempor veniam wisi. Justo aliquam facilisis ea sed kasd duo at nam ut eros. Ut gubergren sadipscing feugiat eirmod feugiat ipsum sit no takimata feugait diam dolor. Laoreet aliquyam et gubergren sit et takimata no justo eirmod at eos rebum dolor vel stet invidunt.\n","publishDate":"2022-01-20T22:59:47.4018216+00:00"},{"id":14,"title":"Book 14","description":"Qui eos no. Lorem ea nulla stet et aliquyam ea erat et stet. Sea eirmod at dolor labore liber diam diam et est sed et ea stet kasd aliquyam accusam. Rebum dolor elitr stet et quis at placerat sea tempor ipsum takimata no amet. Amet diam augue aliquam tation. Tempor magna dolor justo sanctus erat amet stet labore elitr. Ad ut gubergren consetetur. Consetetur facer eu wisi. Augue sit eos adipiscing stet takimata ullamcorper delenit dignissim ipsum facilisi stet hendrerit voluptua tempor. Sed est dolores quis sed eum quis consetetur consetetur dolore nonumy et sit et sea consetetur nonumy. Dolore rebum eos in ea diam duis et stet amet ut option sed labore sea. Ipsum velit stet sanctus eu eirmod erat. Amet feugait duo dolor wisi eirmod diam commodo at in stet eos diam duo diam sadipscing dolor stet nibh.\n","pageCount":1400,"excerpt":"No in est sed ipsum no ipsum dolore. Facer et sea amet nonumy et. Et autem consetetur est molestie vero no diam ut dolor esse doming justo lorem aliquip mazim lorem justo. Et clita labore wisi vero ut dolores et dolor amet sit amet. Dolores et erat ipsum clita ipsum sanctus diam ut dolor nam consequat tation amet sit. Invidunt sed sea feugait. Nisl consetetur accusam sit clita invidunt nonumy lorem veniam. Nonumy nulla diam amet duis. Accusam vero et. Luptatum eu nonumy nostrud dolore vel sed accusam amet clita et nonumy. At quis gubergren no dolor lorem clita dolor laoreet facilisi dolor eu vulputate gubergren labore. Est delenit velit ut magna ut diam lorem consetetur invidunt tempor.\nMolestie ex at sit takimata duis zzril nonumy ea sadipscing vero consetetur diam sed at. Amet et et takimata in in ea. Lorem sanctus id esse takimata rebum kasd stet dolores sit ipsum elitr vel eu. Erat diam nam diam est et te tempor sadipscing et gubergren eos consetetur nisl. Ullamcorper kasd ut mazim. Sit nonumy sadipscing. Dolor dolore kasd voluptua. Tempor et kasd rebum eos minim lorem tempor amet. Labore kasd molestie sit et sit eleifend dolores tincidunt sed eros ut takimata diam vel amet nonumy eum. Nonumy eos voluptua labore hendrerit est et amet. Accusam diam ut et ea at facilisi tempor rebum et accusam invidunt justo ea tempor ipsum et. Tation et stet eos accusam erat magna clita tempor augue sadipscing kasd sit nonumy. Et amet sit consetetur ipsum. Dolore esse ea tempor tation laoreet. Esse nonummy consectetuer et et eirmod diam amet. Ipsum molestie magna elitr laoreet nonumy no kasd. Doming dolore nonumy ipsum. Et lobortis dolores doming eu erat ipsum invidunt rebum takimata euismod accumsan.\nTakimata eirmod takimata dolores luptatum et ipsum sit diam kasd dolor diam dolor tempor et clita diam congue vel. Minim dolores lorem sanctus kasd eirmod nulla stet velit magna adipiscing rebum aliquyam dolor lorem ea eirmod sed. Sea et eos ipsum nonumy tempor ipsum duo gubergren sit. Velit aliquyam eos aliquam. Et et sit ullamcorper sed gubergren ut sea sea lorem vulputate dolor dolor. Dolor vero facilisi sea. Dignissim mazim tempor velit labore sea molestie dolores sadipscing tempor rebum sit laoreet dolore. Et duo sed diam stet consetetur diam ea diam diam diam. Dolore nonummy clita sed.\nDuis rebum eos invidunt erat kasd vel sed sit et lorem amet dolor kasd et et amet labore. Wisi amet rebum dolor eros aliquyam. Amet ipsum dolores tation vero te qui sed elitr sit ut. Eirmod magna congue accusam vero duis. Eum sadipscing erat lobortis est feugiat invidunt nonumy ipsum. Ipsum magna magna nonumy ut dolores te at in consectetuer dolor eum lorem justo ut vulputate diam. Dolor dolores at consequat nonumy sit molestie ipsum.\nStet aliquyam accusam amet sanctus dolores tation sit autem sea invidunt rebum. Nonumy et voluptua ut stet. Gubergren aliquyam ipsum sed facilisi tempor erat tempor dolores. Labore eos lorem amet sea stet delenit aliquyam erat eirmod. Aliquyam nonumy no erat in eirmod rebum delenit ea stet clita rebum nulla. Vulputate sed eirmod et. At rebum lorem elitr sea cum molestie stet dolore ut lorem amet vulputate amet tempor rebum diam labore. Erat sanctus labore nisl lorem vero eos. Ipsum consetetur eos ea at minim et stet sanctus magna sit ipsum at sanctus sea magna. Et dolores est rebum veniam sadipscing duis duis elitr lorem duo sed tempor mazim labore est sed ipsum. Lorem sit feugiat lorem ex. Magna at consetetur magna accusam eos feugiat diam nulla duis ullamcorper sit clita sed dolor amet molestie wisi sit. Est erat magna feugiat ipsum et erat hendrerit eu minim est molestie consequat voluptua nonummy duo ut blandit. Nulla stet consetetur blandit no accumsan ipsum dolore kasd duo nulla et gubergren lorem option et. Consetetur dolore et ut tempor sed ea elitr. Eos duo invidunt erat labore. Et consequat consequat dolores diam. Sanctus et eum ut consetetur et justo zzril sit sit eirmod kasd consetetur.\n","publishDate":"2022-01-19T22:59:47.4018992+00:00"},{"id":15,"title":"Book 15","description":"Velit minim vel kasd erat voluptua rebum consectetuer ipsum sit et et illum sit erat et vel magna. Nisl nostrud accusam justo voluptua eirmod tation sed sed tation dolor at ut kasd. Lorem dolore sanctus takimata ipsum blandit sed. Elitr nonumy sed diam magna autem lorem stet invidunt suscipit amet ut nulla ea voluptua praesent. Ipsum dolore sit erat et accusam magna est diam ut commodo kasd diam vulputate nulla lorem. Feugiat ut lorem praesent tempor nihil lorem amet et assum consectetuer consetetur sed duo. Facilisi qui magna ut sed elitr dolores gubergren sit labore clita sed. Aliquyam duo nulla consetetur tempor et ut at dolore et congue invidunt sit. Ex dolor dolores clita amet et. Nulla nonumy sed iusto vero amet sadipscing sit lorem duis voluptua blandit ea delenit lobortis eos assum ut ut. Et nonumy sit dolore lorem accumsan at ad. Eum eos clita vero amet. Consetetur et voluptua stet magna minim facer erat diam et velit dolor eirmod amet at erat esse ea. Diam duo sadipscing imperdiet eos labore invidunt vel.
[...]
ilisi ut facilisis.\nNibh dolor erat amet eirmod augue tempor vel dolore vero aliquyam. Sit amet sed ea et et consetetur aliquyam elitr. Lorem ea invidunt et velit eleifend magna ipsum sed ipsum ut iriure takimata rebum no. Kasd nonumy justo et sit eos rebum eos nihil wisi amet elit sit. Vel tempor ea labore at amet ea est nonumy tempor et stet et euismod consetetur no sadipscing rebum takimata. Et est facilisis invidunt. Dolore nonumy molestie lorem sanctus nonumy diam ea nonumy amet sea vero cum. Diam exerci est duo. Takimata dolore diam consequat nonumy lorem in magna aliquam ea. Iriure diam lorem sed in eos sed aliquam illum luptatum voluptua et dolor in dolor. Sea voluptua kasd kasd soluta facer ipsum aliquyam gubergren. Vulputate elit consequat ipsum. Dolore ea gubergren sanctus consetetur. Dolore no nulla aliquyam aliquip option ea magna dolor dolor elitr invidunt et sit sanctus minim nonumy te nonumy. Justo vulputate praesent aliquip clita duo lorem accumsan eos.\nOdio in id enim iriure dignissim. Dolor diam et et at iriure vel stet dolore sit dolore eos diam ut dolores kasd takimata eirmod nihil. Dolores dolor sit elitr. Ut dolor diam amet dolor illum te elitr sea clita dolore aliquip et dolore et kasd duis takimata. Tempor sit et praesent aliquip aliquyam assum eu et ad stet. Amet sed sed diam dolores est ea invidunt stet gubergren magna justo eos qui sed invidunt dolor. In diam rebum nisl est sea dolore facilisis vel. Sanctus justo sed consetetur amet consequat invidunt te veniam molestie tincidunt takimata dolor dignissim amet sed justo. Amet amet volutpat dolor ut eros eirmod. Et eos invidunt labore erat sit. In nulla eos nobis nisl vero et dolor blandit facer eos sit erat accusam.\nAt eirmod eros qui ut minim esse in sit est invidunt amet erat dolore. Voluptua invidunt molestie nonummy est accusam feugait illum iriure. Praesent duo clita kasd nibh ut in eos kasd sea sit ex justo volutpat. Elitr lorem ea. Nonumy et nonumy erat no wisi ipsum lorem clita eirmod at et euismod aliquyam. Tempor quod at nibh consetetur et minim diam dolor ut dolor et blandit nonumy nobis. Duo sadipscing dolor sanctus labore.\nDolor rebum sanctus dolore. Ut invidunt eirmod possim aliquam sanctus no sit. Diam facer magna sea amet et elit sadipscing sea elit nibh aliquyam voluptua takimata diam sed at clita sea. Eos clita dolore duo nonumy ut et sed amet. Kasd vero sit amet diam et et autem nonumy suscipit erat feugiat nisl feugiat vulputate dolore no erat clita. Autem consetetur suscipit vel consetetur ea facilisi sit justo vulputate et dolor dolor et ut dignissim amet. Blandit esse clita sed in ut takimata quis vero invidunt stet nonummy praesent eirmod dolores ut. Dolores vulputate tempor sit sea rebum assum augue dolor invidunt sadipscing magna. Sit ut invidunt erat. Vero dolore et et accusam tation lorem gubergren sanctus labore tation justo ut. Duis dolore duo dolor ut sanctus. Vero eos nonummy lorem lorem dolore dolore tincidunt sanctus sea elitr dolor sadipscing.\n","publishDate":"2021-07-19T22:59:47.4405988+00:00"},{"id":199,"title":"Book 199","description":"Labore enim dolores erat erat ipsum nulla aliquyam ipsum et sit takimata velit eu sanctus ea feugait vel. Eirmod gubergren ut volutpat et at consequat ut et et aliquam ea voluptua te veniam ipsum justo sit clita. Aliquyam wisi soluta in accusam ipsum in dolor elitr. Hendrerit et ipsum diam. Sed at sit nostrud et et. Sanctus et dolor blandit in augue at stet nonumy ut sit kasd ut duo tempor lorem imperdiet. Dolore lobortis sadipscing labore lorem lorem clita congue amet clita diam. Ullamcorper no tempor et eirmod invidunt no tempor justo sit et nihil eirmod sed. Sadipscing sanctus elitr ipsum facilisis justo diam vulputate dolor lorem nonumy. Lorem vulputate amet stet magna velit diam amet nam at et option takimata nulla sadipscing labore invidunt eirmod rebum. At soluta et elitr takimata et justo takimata dolores blandit justo stet ipsum. Gubergren nulla erat labore ut clita sed sit stet vel blandit kasd sed duo diam nonumy. Tempor diam accumsan sadipscing vel odio volutpat. Dolore dolores diam eum ipsum. Nostrud dolores eirmod congue duis sanctus dolor et dolor no erat esse. Dolore wisi elit nobis feugiat nulla ipsum ea eos suscipit no dolor. Mazim rebum magna sit ut volutpat gubergren sed sadipscing diam ipsum diam ipsum labore dolores accusam nisl et rebum. Duo sit sea est consequat gubergren justo est hendrerit velit exerci nihil dolore sit vel exerci dignissim.\n","pageCount":19900,"excerpt":"Elit diam sed vel eirmod vero. Sit quod dolore clita ut sadipscing doming justo sed imperdiet lorem no feugiat et ipsum. Tempor vulputate molestie vero dolor dolore et nulla sit consequat lobortis dolor dolore diam consectetuer. Stet ut hendrerit. Vero no dolor duo ipsum et kasd invidunt tempor. Te aliquip dolore justo aliquip facilisi lorem tempor dolor vulputate eos iusto veniam dolor cum tempor lobortis. Rebum labore sit sit consectetuer. Ea invidunt magna et et duo lorem sit. Dolore eos sanctus invidunt consetetur. Diam et gubergren et tempor dolore invidunt ipsum lorem ea feugait augue dolor et. Lorem rebum justo minim sea rebum justo nonumy rebum. Sanctus facilisi delenit tempor erat dolor sed gubergren placerat eos duo dolore. Sit duo erat dolore tincidunt amet quis est dolor exerci labore in. Tempor mazim velit voluptua et diam sit. Rebum stet ullamcorper ea accusam velit velit lorem at adipiscing commodo. Et placerat consetetur vel sadipscing minim velit invidunt vero.\nKasd dolor ipsum voluptua. Nulla delenit labore sed diam clita et eirmod. Liber lorem sed diam ipsum sit diam. Consetetur ut quis dolore nonumy labore sed et no.\nJusto amet justo sit sea ipsum amet gubergren duo voluptua at kasd. Takimata nonumy voluptua no elitr gubergren eirmod nibh duo takimata dolor. Elit esse duo dolore sanctus in aliquyam at in invidunt quis consectetuer ea. Takimata lorem dolor exerci consetetur dolor at lorem elitr amet kasd invidunt. Amet duo et sit stet dolores dolor nulla diam voluptua lorem consetetur sanctus consetetur. Duo et consetetur. Vero aliquip dignissim dolore sed et stet sit no diam. Duo blandit et sea elit nostrud et invidunt voluptua illum ut laoreet accusam nulla. Dolores ullamcorper takimata nonumy clita est dolore et iriure exerci lorem justo elitr no sea dolores consetetur. Sadipscing sea aliquyam sea rebum consequat autem amet vel duo invidunt diam sed. Invidunt lorem sea at diam justo takimata nonumy rebum tempor at. Kasd at magna kasd duo dolores sed diam diam iusto at. Sadipscing elitr vero sed aliquam accusam hendrerit facer elit autem dolores eirmod amet dolore sea invidunt magna est. Dolore et enim duo est ipsum sadipscing. Justo et suscipit eos quis. Duis et ut elitr et lorem iriure tempor cum dolore. Tincidunt dolor gubergren invidunt nonummy consectetuer vero et sadipscing justo gubergren.\nFacilisi diam voluptua et dignissim elitr at sadipscing eirmod tincidunt dolor amet vero ipsum ipsum invidunt est. Veniam amet ut duis cum et zzril gubergren. Illum duo ut at eirmod dolor consetetur ex diam kasd. Invidunt sit takimata vero invidunt nonumy takimata justo lorem molestie te. Et et magna at in sea. Sadipscing diam amet gubergren no elitr vulputate kasd dolor sed eu stet at at illum. Ipsum consetetur doming dolor lorem feugait rebum eos consetetur diam et clita. Nulla minim et te magna ea magna sed esse.\nLorem nulla clita elitr. At magna consetetur nonumy nisl clita eu consetetur. Sadipscing duo at eirmod et aliquam sadipscing tincidunt. Assum vel sea blandit tempor dolore vulputate dolor dolores dolore quis ipsum accusam diam justo ea dignissim. Assum eos invidunt sit ipsum diam et eirmod amet diam ipsum qui dolor. Sadipscing invidunt dolor clita consectetuer in sadipscing lorem magna et consetetur et amet et et consequat dignissim facilisi. Magna justo nobis dolores hendrerit delenit consequat sit aliquyam diam dolor assum et stet et est zzril. Kasd stet ipsum clita ut accusam accusam dolor voluptua sanctus wisi et ea justo rebum eos. Amet elitr vero lorem delenit eirmod dolor. Ipsum eos eum consequat. Tation kasd vero elit et no dolore justo eirmod aliquyam aliquyam facer tempor invidunt et et et. Vero sadipscing ipsum nonumy stet iriure vero dolor te duis vero tempor dolor no et. Consequat elitr quis soluta amet tempor facer.\n","publishDate":"2021-07-18T22:59:47.4406832+00:00"},{"id":200,"title":"Book 200","description":"Duis vero sed voluptua ipsum. Dolor iusto clita et cum kasd tempor. Dolore sanctus duis labore est nonummy sit dolore tempor et justo praesent clita kasd. Labore molestie accusam labore voluptua ut nulla dolor est nulla facilisis iusto consequat invidunt odio et nulla. Sadipscing diam sit ex accusam invidunt. Clita delenit euismod kasd takimata ipsum et magna ea sed labore et dolor kasd clita invidunt gubergren elitr.\n","pageCount":20000,"excerpt":"Eos invidunt et ex dolor consetetur justo duo. Iriure praesent sit ut eirmod rebum et diam qui consequat sanctus sea et justo. Invidunt tempor lorem ipsum magna. Diam no eros feugiat diam in et at rebum dolore dolore ipsum sanctus ut. Nobis magna amet sit elitr clita vero consetetur hendrerit et sed duo eos augue gubergren. Ea tempor voluptua nulla quod euismod sanctus et accusam dolore et invidunt et facer. Dolore dolores nulla lorem est molestie sea nonumy. Clita ipsum voluptua doming invidunt sed amet eu lorem tempor illum et erat sadipscing amet. Voluptua nonumy et velit sit amet facilisis ipsum sed magna dolor elitr consetetur nonumy nulla sea lorem iriure enim.\nAliquyam invidunt magna laoreet dignissim justo aliquyam et tincidunt ipsum sed consetetur tempor veniam dolore. Labore duo clita qui takimata dolores sanctus takimata ipsum invidunt et duis at. Ipsum augue dolor sea aliquyam ipsum doming stet diam magna elit diam aliquam et gubergren dolor dolores nulla. Facilisis rebum amet. Dolor amet clita aliquyam sanctus magna erat lorem nobis. Takimata clita kasd et. Adipiscing dolore est lorem elitr eu ut magna nibh diam ipsum. Ipsum euismod dolore dolores tempor elitr sit sit clita duo et est takimata eros sea et aliquyam lorem. Dolores vel et vero. Odio facilisis ipsum labore accumsan elit duo vulputate diam praesent amet. Aliquyam commodo accusam ut et et nisl praesent ut sit amet luptatum in ipsum. Ea clita aliquyam facilisis invidunt commodo no sit hendrerit nonumy kasd et rebum lorem et dolor laoreet gubergren stet. Luptatum consetetur gubergren dolor duo no et nonumy magna illum stet stet accusam ad molestie hendrerit sit eirmod. Nibh et ea nihil dolores accusam lobortis eum enim elitr aliquam diam. Nibh adipiscing duo accusam ipsum sed vero diam no lorem consetetur no sit. Sit wisi stet voluptua sit sit sit.\nLorem wisi amet magna et dolores in sit ipsum et dolor invidunt est dolores labore velit erat amet tempor. Dolor elitr possim wisi eos lorem diam lobortis et aliquam illum nulla ut ex. Sanctus ipsum dolor stet eros luptatum diam duis duis est amet erat lorem clita nostrud ex. Diam ipsum stet in at lorem nulla aliquyam takimata nonumy sed gubergren. In eum consequat dolore diam duo magna magna. Esse at amet sadipscing veniam vero vero erat. Voluptua et sea lorem gubergren sanctus vel aliquyam. Possim duo eirmod dolore dolor dolore. Sit labore sanctus duo ipsum at erat doming dolores sed eirmod amet et sadipscing lorem et nonummy et lorem. Laoreet assum stet. Ut autem aliquip magna luptatum vero diam. Nonummy voluptua voluptua consetetur stet clita eos dolores elitr feugiat dolore dolore dolores option autem nonumy ipsum dolore gubergren. Tincidunt ipsum ad amet sit ut aliquyam velit nulla ipsum sed facilisis dolor gubergren invidunt accusam dolores. Gubergren feugiat elitr tempor eum diam tation diam sed takimata ea veniam. Accusam sit aliquyam justo erat eos aliquyam consequat minim amet labore iriure consetetur ea accusam.\nStet facilisis eos lorem clita aliquyam ipsum lorem soluta iusto tation laoreet sit invidunt velit dolore iusto sea. Accusam quis eos no invidunt diam dolor lorem no ad ipsum voluptua tempor facilisis iusto sadipscing. Eirmod clita qui gubergren at quis iriure feugait dolor accusam diam diam. Sea ullamcorper doming eirmod kasd delenit nonumy dolores tempor labore euismod ea consetetur diam dolores amet accusam labore. Magna lorem diam. Ullamcorper amet in dolor imperdiet eirmod rebum.\nEirmod rebum invidunt magna dolore dolore. Elitr ipsum sed duo accumsan amet ut illum velit at sed et nam sit nulla nulla consequat kasd nonumy. Duo dolore clita labore sanctus dolore accumsan dolore aliquyam at ut esse velit ut. Nulla sea dolor invidunt kasd. At aliquyam dolores est consetetur blandit et iriure dolores ipsum ipsum lobortis. Magna elitr quis takimata amet vero est diam ipsum veniam in. Lorem accusam takimata stet sed nonumy at. Accusam elitr et vel sed magna consectetuer lorem justo. Eos praesent magna sed eirmod et dolores ex et sed. Nibh eos duo sadipscing dolores consetetur magna vel et at stet nulla stet vulputate diam accusam et quis. Amet sit et aliquyam aliquyam sed sea labore et et ipsum sed accumsan et assum rebum et nisl sit. Invidunt dolores et dolor nam sadipscing ut duo suscipit wisi amet sit invidunt ut eirmod dolore qui praesent congue. Sadipscing facilisi ipsum eirmod dolor ut takimata clita iriure sed dolores ipsum ea. Vel dolor voluptua vero dolore sit ea nonumy et. Ipsum dolor est diam labore rebum iriure. Lorem dolore consequat euismod velit tempor amet dolore ut dolor autem aliquyam ut no tempor justo liber. Congue consetetur labore nisl amet cum diam ut nulla justo.\n","publishDate":"2021-07-17T22:59:47.4407646+00:00"}]</msg>
<status status="PASS" starttime="20220202 19:59:49.189" endtime="20220202 19:59:49.211"/>
</kw>
<kw name="Set Test Variable" library="BuiltIn">
<arg>${RESPOSTA}</arg>
<doc>Makes a variable available everywhere within the scope of the current test.</doc>
<msg timestamp="20220202 19:59:49.211" level="INFO">${RESPOSTA} = &lt;Response [200]&gt;</msg>
<status status="PASS" starttime="20220202 19:59:49.211" endtime="20220202 19:59:49.211"/>
</kw>
<status status="PASS" starttime="20220202 19:59:46.785" endtime="20220202 19:59:49.212"/>
</kw>
<kw name="Então deverá ser retornada uma lista com &quot;200&quot; livros" library="kws_api" sourcename="Então deverá ser retornada uma lista com &quot;${QTD_LIVROS}&quot; livros">
<kw name="Length Should Be" library="BuiltIn">
<arg>${RESPOSTA.json()}</arg>
<arg>${QTD_LIVROS}</arg>
<doc>Verifies that the length of the given item is correct.</doc>
<msg timestamp="20220202 19:59:49.217" level="INFO">Length is 200</msg>
<status status="PASS" starttime="20220202 19:59:49.212" endtime="20220202 19:59:49.217"/>
</kw>
<status status="PASS" starttime="20220202 19:59:49.212" endtime="20220202 19:59:49.217"/>
</kw>
<kw name="E o status code" library="kws_api">
<arg>200</arg>
<kw name="Should Be Equal As Strings" library="BuiltIn">
<arg>${RESPOSTA.status_code}</arg>
<arg>${STATUS_CODE}</arg>
<doc>Fails if objects are unequal after converting them to strings.</doc>
<msg timestamp="20220202 19:59:49.219" level="INFO">Argument types are:
&lt;class 'int'&gt;
&lt;type 'unicode'&gt;</msg>
<status status="PASS" starttime="20220202 19:59:49.218" endtime="20220202 19:59:49.219"/>
</kw>
<status status="PASS" starttime="20220202 19:59:49.218" endtime="20220202 19:59:49.220"/>
</kw>
<tag>GET</tag>
<status status="PASS" starttime="20220202 19:59:46.782" endtime="20220202 19:59:49.220"/>
</test>
<test id="s1-t2" name="Cenario: Buscar livros não cadastrados na base">
<kw name="Dado que eu tenha o endpoint de consulta de livros" library="kws_api">
<kw name="Log" library="BuiltIn">
<arg>https://fakerestapi.azurewebsites.net/api/v1</arg>
<doc>Logs the given message with the given level.</doc>
<msg timestamp="20220202 19:59:49.224" level="INFO">https://fakerestapi.azurewebsites.net/api/v1</msg>
<status status="PASS" starttime="20220202 19:59:49.223" endtime="20220202 19:59:49.224"/>
</kw>
<status status="PASS" starttime="20220202 19:59:49.223" endtime="20220202 19:59:49.225"/>
</kw>
<kw name="Quando executar a requisição de consulta do livro" library="kws_api">
<arg>205</arg>
<kw name="GET On Session" library="RequestsLibrary">
<var>${RESPOSTA}</var>
<arg>booksAPI</arg>
<arg>Books/${ID_LIVRO}</arg>
<arg>expected_status=any</arg>
<doc>Sends a GET request on a previously created HTTP Session.</doc>
<msg timestamp="20220202 19:59:49.477" level="INFO">GET Request : url=https://fakerestapi.azurewebsites.net/api/v1/Books/205 
 path_url=/api/v1/Books/205 
 headers={'User-Agent': 'python-requests/2.27.1', 'Accept-Encoding': 'gzip, deflate', 'Accept': '*/*', 'Connection': 'keep-alive'} 
 body=None 
 </msg>
<msg timestamp="20220202 19:59:49.478" level="INFO">GET Response : url=https://fakerestapi.azurewebsites.net/api/v1/Books/205 
 status=404, reason=Not Found 
 headers={'Transfer-Encoding': 'chunked', 'Content-Type': 'application/problem+json; charset=utf-8; v=1.0', 'Server': 'Kestrel', 'api-supported-versions': '1.0', 'Date': 'Wed, 02 Feb 2022 22:59:48 GMT'} 
 body={"type":"https://tools.ietf.org/html/rfc7231#section-6.5.4","title":"Not Found","status":404,"traceId":"00-873594947dc59c43ad918c31e4ce7882-29cdba36fd6b7741-00"} 
 </msg>
<msg timestamp="20220202 19:59:49.478" level="INFO">${RESPOSTA} = &lt;Response [404]&gt;</msg>
<status status="PASS" starttime="20220202 19:59:49.225" endtime="20220202 19:59:49.480"/>
</kw>
<kw name="Log" library="BuiltIn">
<arg>${RESPOSTA.text}</arg>
<doc>Logs the given message with the given level.</doc>
<msg timestamp="20220202 19:59:49.482" level="INFO">{"type":"https://tools.ietf.org/html/rfc7231#section-6.5.4","title":"Not Found","status":404,"traceId":"00-873594947dc59c43ad918c31e4ce7882-29cdba36fd6b7741-00"}</msg>
<status status="PASS" starttime="20220202 19:59:49.480" endtime="20220202 19:59:49.482"/>
</kw>
<kw name="Set Test Variable" library="BuiltIn">
<arg>${RESPOSTA}</arg>
<doc>Makes a variable available everywhere within the scope of the current test.</doc>
<msg timestamp="20220202 19:59:49.485" level="INFO">${RESPOSTA} = &lt;Response [404]&gt;</msg>
<status status="PASS" starttime="20220202 19:59:49.484" endtime="20220202 19:59:49.485"/>
</kw>
<status status="PASS" starttime="20220202 19:59:49.225" endtime="20220202 19:59:49.485"/>
</kw>
<kw name="E o status code" library="kws_api">
<arg>404</arg>
<kw name="Should Be Equal As Strings" library="BuiltIn">
<arg>${RESPOSTA.status_code}</arg>
<arg>${STATUS_CODE}</arg>
<doc>Fails if objects are unequal after converting them to strings.</doc>
<msg timestamp="20220202 19:59:49.492" level="INFO">Argument types are:
&lt;class 'int'&gt;
&lt;type 'unicode'&gt;</msg>
<status status="PASS" starttime="20220202 19:59:49.488" endtime="20220202 19:59:49.492"/>
</kw>
<status status="PASS" starttime="20220202 19:59:49.486" endtime="20220202 19:59:49.492"/>
</kw>
<kw name="E a mensagem &quot;Not Found&quot;" library="kws_api" sourcename="E a mensagem &quot;${ERROR_MESSAGE}&quot;">
<kw name="Dictionary Should Contain Item" library="Collections">
<arg>${RESPOSTA.json()}</arg>
<arg>title</arg>
<arg>${ERROR_MESSAGE}</arg>
<doc>An item of ``key`` / ``value`` must be found in a ``dictionary``.</doc>
<status status="PASS" starttime="20220202 19:59:49.494" endtime="20220202 19:59:49.497"/>
</kw>
<status status="PASS" starttime="20220202 19:59:49.493" endtime="20220202 19:59:49.498"/>
</kw>
<tag>GET</tag>
<status status="PASS" starttime="20220202 19:59:49.222" endtime="20220202 19:59:49.499"/>
</test>
<doc>Aqui estarão presentes os testes de API automatizados</doc>
<status status="PASS" starttime="20220202 19:59:46.492" endtime="20220202 19:59:49.503"/>
</suite>
<statistics>
<total>
<stat pass="2" fail="0" skip="0">All Tests</stat>
</total>
<tag>
<stat pass="2" fail="0" skip="0">GET</stat>
</tag>
<suite>
<stat pass="2" fail="0" skip="0" id="s1" name="Apiautomation">Apiautomation</stat>
</suite>
</statistics>
<errors>
</errors>
</robot>
