<?xml version="1.0" encoding="UTF-8"?>
<robot generator="Robot 4.1 (Python 3.10.2 on win32)" generated="20220201 21:46:40.585" rpa="false" schemaversion="2">
<suite id="s1" name="Apiautomation" source="C:\Users\user\OneDrive - Prime Control\Área de Trabalho\cursorobotframework\tests\features\apiautomation.robot">
<test id="s1-t1" name="Cenario: Realizar a consulta de livros">
<kw name="Create Session" library="RequestsLibrary">
<arg>booksAPI</arg>
<arg>https://fakerestapi.azurewebsites.net/api/v1</arg>
<arg>disable_warnings=${True}</arg>
<doc>Create Session: create a HTTP session to a server</doc>
<msg timestamp="20220201 21:46:40.849" level="INFO">Creating Session using : alias=booksAPI, url=https://fakerestapi.azurewebsites.net/api/v1, headers={},                     cookies={}, auth=None, timeout=None, proxies=None, verify=False,                     debug=0 </msg>
<status status="PASS" starttime="20220201 21:46:40.848" endtime="20220201 21:46:40.849"/>
</kw>
<kw name="Create Dictionary" library="BuiltIn">
<var>${HEADERS}</var>
<arg>content-type=application/json</arg>
<doc>Creates and returns a dictionary based on the given ``items``.</doc>
<msg timestamp="20220201 21:46:40.850" level="INFO">${HEADERS} = {'content-type': 'application/json'}</msg>
<status status="PASS" starttime="20220201 21:46:40.850" endtime="20220201 21:46:40.850"/>
</kw>
<kw name="Set Test Variable" library="BuiltIn">
<arg>${HEADERS}</arg>
<doc>Makes a variable available everywhere within the scope of the current test.</doc>
<msg timestamp="20220201 21:46:40.851" level="INFO">${HEADERS} = {'content-type': 'application/json'}</msg>
<status status="PASS" starttime="20220201 21:46:40.851" endtime="20220201 21:46:40.851"/>
</kw>
<kw name="GET On Session" library="RequestsLibrary">
<var>${RESPOSTA}</var>
<arg>booksAPI</arg>
<arg>Books</arg>
<arg>expected_status=any</arg>
<doc>Sends a GET request on a previously created HTTP Session.</doc>
<msg timestamp="20220201 21:46:43.163" level="INFO">GET Request : url=https://fakerestapi.azurewebsites.net/api/v1/Books 
 path_url=/api/v1/Books 
 headers={'User-Agent': 'python-requests/2.27.1', 'Accept-Encoding': 'gzip, deflate', 'Accept': '*/*', 'Connection': 'keep-alive'} 
 body=None 
 </msg>
<msg timestamp="20220201 21:46:43.165" level="INFO">GET Response : url=https://fakerestapi.azurewebsites.net/api/v1/Books 
 status=200, reason=OK 
 headers={'Transfer-Encoding': 'chunked', 'Content-Type': 'application/json; charset=utf-8; v=1.0', 'Server': 'Kestrel', 'api-supported-versions': '1.0', 'Date': 'Wed, 02 Feb 2022 00:46:40 GMT'} 
 body=[{"id":1,"title":"Book 1","description":"Ut eros aliquyam consequat voluptua wisi. Vel dolor augue amet invidunt et stet. Dignissim sed consetetur takimata consetetur sanctus labore vel ut rebum liber adipiscing duis amet justo at aliquam eu. Diam invidunt et consequat. Stet consectetuer at no sanctus lorem ea clita dolore et dolores no invidunt. Te consectetuer diam takimata facilisis accusam accusam labore no sit et lorem feugiat labore clita id lorem labore. Vero amet sadipscing lorem nulla sed dolor. No zzril tempor erat sea takimata at et amet rebum dolores sit amet magna erat. Takimata et ipsum justo diam illum vero lorem augue ea stet illum. Eu ut erat sed sed adipiscing lorem tempor nisl sanctus ea invidunt. Sit illum sanctus blandit sit sadipscing gubergren odio veniam amet ullamcorper dolores et no nulla. Amet amet amet lorem.\n","pageCount":100,"excerpt":"Luptatum eirmod nostrud. Erat sea duo amet magna accusam sed iriure lorem at consetetur consetetur rebum justo velit. Ea et eirmod iriure amet et voluptua. Vero gubergren stet blandit nostrud labore rebum dolores no dolor vel exerci stet erat aliquyam lorem esse eros. Commodo et assum magna feugait nonumy vero dolor aliquip sit nulla soluta sit magna. Exerci ullamcorper aliquam erat et ea kasd voluptua invidunt dolores at sed gubergren ut. Sit elitr at sed gubergren sea cum erat dolore stet ipsum enim dolore dolores stet duis. Nibh stet invidunt diam ipsum sadipscing in et ipsum facilisi ea rebum et sea. Amet gubergren esse et vero justo et dolor no eum takimata ea.\nNihil no placerat diam imperdiet accusam duis enim sed magna eu et eu. Cum amet zzril dolor ipsum aliquyam sit et aliquip vulputate ut aliquyam. Dolores consetetur vel sit diam imperdiet rebum. Amet clita vero voluptua diam ut praesent diam lorem sanctus consetetur accusam dolor veniam sea magna rebum. At rebum vel laoreet dolores eirmod. Luptatum facilisis ut nisl duo eirmod aliquip dolores sit et nonumy in ullamcorper dolor. Labore clita magna et feugait no invidunt vero invidunt stet et feugiat erat lorem. Sea sed dignissim sanctus vero at consetetur ut. Ex vulputate cum sanctus dolor dolor invidunt laoreet sit placerat aliquyam volutpat. Et quis dolor lorem nonumy lorem diam tempor dolor et dolores ea. Sed accusam eleifend diam sed in voluptua iriure lorem ut et magna et ex diam placerat dolore. Et no dolor amet elitr consequat sea invidunt tincidunt iriure magna stet sanctus sit et nonumy et. Voluptua consetetur augue eos feugait elit ex sadipscing et duo sanctus labore lorem rebum takimata. Dolor in autem ut erat. Ea elitr ut dolore rebum ipsum aliquyam ut no iusto sit et et et ipsum wisi eirmod delenit. Dolore gubergren diam rebum vulputate sit duo.\nIpsum at elit erat. No erat consequat eirmod minim ut nobis rebum exerci no dolore eirmod erat zzril vulputate. Sit consetetur ut diam feugiat et euismod sed facilisis justo amet ea voluptua ut. Elitr no zzril takimata in ea diam accusam erat at duo vulputate aliquyam magna cum.\nJusto consequat accusam dolor duis sed mazim voluptua laoreet feugait nonummy sadipscing nonumy invidunt magna. Veniam ut sed. No te magna vero ut sanctus justo erat diam dolor sit voluptua. Feugait nulla tation et kasd delenit rebum eos dolore nonumy. Amet nostrud diam et iriure autem ut eos dolore ipsum erat et et ipsum erat at voluptua amet. Sed duis aliquip.\nUt et in duo stet rebum no kasd hendrerit ea vero gubergren et aliquyam ipsum imperdiet sadipscing. Et et zzril sanctus sed labore dolore ut velit. Et kasd diam dolores lorem no. Delenit accusam dolores sea tation consetetur dolores lorem ut sed justo sed facilisis feugait et lobortis est. Gubergren amet consequat no sea ut eirmod takimata vel duis sed eirmod sed takimata sanctus erat accusam. At ea feugait aliquyam ipsum vel odio at. Et gubergren ipsum. Takimata justo ut at amet magna. Clita eu et invidunt magna hendrerit. Eu et sit invidunt aliquam molestie dolor diam et sanctus accusam invidunt aliquyam eirmod lorem accusam sanctus.\n","publishDate":"2022-02-01T00:46:41.3997374+00:00"},{"id":2,"title":"Book 2","description":"Ipsum est duis accumsan erat iriure feugait sit facilisis clita. Elitr vero sea vero. Erat sit dolor nostrud lorem justo ipsum option erat nulla takimata velit dolore eu vero minim tempor dignissim. Accusam lorem no et invidunt voluptua odio et et aliquyam. Sit sed stet stet et duo no vulputate magna erat takimata labore kasd est lobortis lorem dolor magna. Sit accusam diam invidunt iusto takimata et suscipit facilisi. At lorem ipsum vel delenit dolore ipsum ipsum. Minim quod et magna exerci tation. Duis ipsum kasd. Et justo labore congue soluta sadipscing. At congue magna wisi diam dolor elitr nisl. No consequat dolor in. Illum eu molestie sadipscing eos vero aliquyam et sea dolor accusam in. At quod justo praesent. Accusam justo vero est magna consetetur kasd accusam aliquyam est amet est dolores dolor invidunt magna.\n","pageCount":200,"excerpt":"Kasd ullamcorper aliquyam justo clita amet sanctus aliquyam magna nonumy. Dolores no sea voluptua kasd takimata et sit erat ut sea magna nobis lobortis at at esse. Aliquam sed euismod invidunt eirmod tempor clita tempor amet takimata eos ipsum.\nEos hendrerit eirmod sit sed sed labore exerci iriure. Gubergren ipsum tation et eum dolore tempor at ipsum dignissim duis minim nisl aliquyam et accusam. Nonumy nam duo sed aliquyam sit clita sed no gubergren nulla et ullamcorper quod takimata iriure et diam. Ipsum et no lorem. Lorem sit ea ut sadipscing invidunt sea at accusam rebum accumsan est sed dolor erat ut sit labore. Amet at sed veniam sed lorem ut kasd. Ut in nonumy justo nisl ipsum erat labore dolor sed lorem eos at velit stet kasd duo. Soluta sed ipsum invidunt ipsum ut. Molestie stet takimata lorem accusam dolore sed dolor. Sed dolor tempor aliquip. Stet et amet eu invidunt aliquip facilisis elitr consectetuer. Luptatum gubergren sit sit eirmod eirmod dolore velit sadipscing eos feugiat sit et rebum ex erat. Ipsum ipsum congue sit elitr eirmod dolores ipsum magna lorem nisl et amet elitr nulla clita nulla molestie clita. Nonumy amet consectetuer. Sea kasd takimata lorem ipsum amet magna sit sed iriure amet et eirmod nostrud exerci. Labore eum dolor ut ipsum magna. Nonumy invidunt et sadipscing kasd nonumy ipsum justo ipsum soluta accusam hendrerit magna at sit at ut. Tempor at esse quis et.\nAliquyam nobis dolor sea consectetuer molestie consetetur et justo duo qui at vero justo erat dolore nonummy ipsum. Magna ut feugiat ut nam voluptua et clita kasd congue laoreet sed dolor consequat. Dolore liber duo elitr dolore duo sit nisl stet sea vero ea amet ipsum at consectetuer clita.\nConsetetur dolores ut feugiat nostrud sanctus lorem eos et facer enim diam. Sit labore tempor placerat consetetur adipiscing clita eirmod lorem dolor ea sed sed sanctus. Sea invidunt et kasd ea consetetur lorem eos magna diam tincidunt invidunt invidunt consetetur duis. Volutpat dolores stet ipsum dolores et soluta eirmod amet dolor magna accumsan ipsum eirmod ipsum elit labore erat. Dolor tincidunt lorem ut sit sadipscing gubergren euismod. Luptatum rebum at sadipscing sed dolor ipsum. Laoreet sit lorem elitr ipsum. Et rebum rebum nulla. Sadipscing invidunt dolor odio takimata et feugiat dolore rebum tincidunt at kasd sanctus nostrud amet est adipiscing voluptua eirmod. Takimata accusam sadipscing lorem. No invidunt stet iriure eirmod vel consectetuer dolore diam et. Tempor sea dolores sit kasd cum. Duo luptatum ut dolor et soluta dolor ut tempor voluptua delenit. Invidunt consetetur tempor sed lorem takimata diam ea voluptua labore clita option dolores voluptua accusam. Est feugait elitr et eirmod. At eirmod lorem illum sed. Est tempor nam odio eu. Imperdiet invidunt sea tempor justo diam.\nDiam et justo sed eu takimata consectetuer velit dolore. Illum sed voluptua ipsum duo est invidunt consectetuer illum facilisis kasd et eum lorem dolore elitr. Labore feugait labore laoreet dolor ea qui dolore sed lorem. Dolor dolore dolor amet takimata sed tempor. Amet nihil justo et sit. Et amet elitr aliquyam sanctus luptatum nonumy tempor consetetur commodo magna rebum dolore praesent.\n","publishDate":"2022-01-31T00:46:41.3998189+00:00"},{"id":3,"title":"Book 3","description":"Labore diam accusam iriure elit sit aliquyam sit consequat dolor blandit elitr. Sit et vulputate et sea kasd elit in diam tempor sit dolores dolore nonumy. Nisl no sanctus nonumy stet. Sed sed et nonummy ea invidunt invidunt delenit est lorem stet diam clita consetetur.\n","pageCount":300,"excerpt":"Magna rebum odio sed diam magna in nonumy voluptua sit. Magna in et sit ipsum erat magna et at. Tincidunt lorem liber consequat stet dolor aliquip tempor. Dolore kasd labore sed erat tincidunt enim vel eum sed aliquam vero aliquip nobis tincidunt est invidunt. Laoreet sit ut magna nisl no diam et dolor sit. Erat ea nonumy ut amet congue justo. Dolor sit qui minim. Ipsum et ut no vero diam sed mazim kasd ut at ipsum takimata diam. At sit et invidunt volutpat accusam erat stet. Sadipscing nam lorem elitr at labore diam et duo erat. Eirmod ut magna nobis dolor vero. Sea erat ea dolore nonumy sea in est sit vero volutpat lorem ut sed ipsum sadipscing et.\nAliquip erat voluptua enim dolor labore diam facilisis assum sed justo et duo amet stet et ea. Consetetur volutpat amet ea et labore minim vero dignissim lorem liber duo sed. Dolores dolore consequat lobortis et duis dolor dolor kasd nihil nonumy ea et lorem duis eirmod amet est. Vel vulputate dolores et sanctus ipsum sadipscing est. Lorem et at consequat lorem ipsum ipsum volutpat hendrerit diam lorem est justo. Sanctus kasd sed nonumy duo facilisi vero dolore et duo duo rebum eum. Sed illum sadipscing mazim placerat lorem praesent nonumy ut vulputate luptatum erat dolor sed no accusam dolores. Facilisis consetetur facilisis no erat gubergren sea. Iusto et at accumsan ea justo feugiat velit iriure clita. Nulla et justo. Et in et laoreet lo... (set the log level to DEBUG or TRACE to see the full content) 
 </msg>
<msg timestamp="20220201 21:46:43.166" level="INFO">${RESPOSTA} = &lt;Response [200]&gt;</msg>
<status status="PASS" starttime="20220201 21:46:40.852" endtime="20220201 21:46:43.166"/>
</kw>
<kw name="Log" library="BuiltIn">
<arg>${RESPOSTA.text}</arg>
<doc>Logs the given message with the given level.</doc>
<msg timestamp="20220201 21:46:43.175" level="INFO">[{"id":1,"title":"Book 1","description":"Ut eros aliquyam consequat voluptua wisi. Vel dolor augue amet invidunt et stet. Dignissim sed consetetur takimata consetetur sanctus labore vel ut rebum liber adipiscing duis amet justo at aliquam eu. Diam invidunt et consequat. Stet consectetuer at no sanctus lorem ea clita dolore et dolores no invidunt. Te consectetuer diam takimata facilisis accusam accusam labore no sit et lorem feugiat labore clita id lorem labore. Vero amet sadipscing lorem nulla sed dolor. No zzril tempor erat sea takimata at et amet rebum dolores sit amet magna erat. Takimata et ipsum justo diam illum vero lorem augue ea stet illum. Eu ut erat sed sed adipiscing lorem tempor nisl sanctus ea invidunt. Sit illum sanctus blandit sit sadipscing gubergren odio veniam amet ullamcorper dolores et no nulla. Amet amet amet lorem.\n","pageCount":100,"excerpt":"Luptatum eirmod nostrud. Erat sea duo amet magna accusam sed iriure lorem at consetetur consetetur rebum justo velit. Ea et eirmod iriure amet et voluptua. Vero gubergren stet blandit nostrud labore rebum dolores no dolor vel exerci stet erat aliquyam lorem esse eros. Commodo et assum magna feugait nonumy vero dolor aliquip sit nulla soluta sit magna. Exerci ullamcorper aliquam erat et ea kasd voluptua invidunt dolores at sed gubergren ut. Sit elitr at sed gubergren sea cum erat dolore stet ipsum enim dolore dolores stet duis. Nibh stet invidunt diam ipsum sadipscing in et ipsum facilisi ea rebum et sea. Amet gubergren esse et vero justo et dolor no eum takimata ea.\nNihil no placerat diam imperdiet accusam duis enim sed magna eu et eu. Cum amet zzril dolor ipsum aliquyam sit et aliquip vulputate ut aliquyam. Dolores consetetur vel sit diam imperdiet rebum. Amet clita vero voluptua diam ut praesent diam lorem sanctus consetetur accusam dolor veniam sea magna rebum. At rebum vel laoreet dolores eirmod. Luptatum facilisis ut nisl duo eirmod aliquip dolores sit et nonumy in ullamcorper dolor. Labore clita magna et feugait no invidunt vero invidunt stet et feugiat erat lorem. Sea sed dignissim sanctus vero at consetetur ut. Ex vulputate cum sanctus dolor dolor invidunt laoreet sit placerat aliquyam volutpat. Et quis dolor lorem nonumy lorem diam tempor dolor et dolores ea. Sed accusam eleifend diam sed in voluptua iriure lorem ut et magna et ex diam placerat dolore. Et no dolor amet elitr consequat sea invidunt tincidunt iriure magna stet sanctus sit et nonumy et. Voluptua consetetur augue eos feugait elit ex sadipscing et duo sanctus labore lorem rebum takimata. Dolor in autem ut erat. Ea elitr ut dolore rebum ipsum aliquyam ut no iusto sit et et et ipsum wisi eirmod delenit. Dolore gubergren diam rebum vulputate sit duo.\nIpsum at elit erat. No erat consequat eirmod minim ut nobis rebum exerci no dolore eirmod erat zzril vulputate. Sit consetetur ut diam feugiat et euismod sed facilisis justo amet ea voluptua ut. Elitr no zzril takimata in ea diam accusam erat at duo vulputate aliquyam magna cum.\nJusto consequat accusam dolor duis sed mazim voluptua laoreet feugait nonummy sadipscing nonumy invidunt magna. Veniam ut sed. No te magna vero ut sanctus justo erat diam dolor sit voluptua. Feugait nulla tation et kasd delenit rebum eos dolore nonumy. Amet nostrud diam et iriure autem ut eos dolore ipsum erat et et ipsum erat at voluptua amet. Sed duis aliquip.\nUt et in duo stet rebum no kasd hendrerit ea vero gubergren et aliquyam ipsum imperdiet sadipscing. Et et zzril sanctus sed labore dolore ut velit. Et kasd diam dolores lorem no. Delenit accusam dolores sea tation consetetur dolores lorem ut sed justo sed facilisis feugait et lobortis est. Gubergren amet consequat no sea ut eirmod takimata vel duis sed eirmod sed takimata sanctus erat accusam. At ea feugait aliquyam ipsum vel odio at. Et gubergren ipsum. Takimata justo ut at amet magna. Clita eu et invidunt magna hendrerit. Eu et sit invidunt aliquam molestie dolor diam et sanctus accusam invidunt aliquyam eirmod lorem accusam sanctus.\n","publishDate":"2022-02-01T00:46:41.3997374+00:00"},{"id":2,"title":"Book 2","description":"Ipsum est duis accumsan erat iriure feugait sit facilisis clita. Elitr vero sea vero. Erat sit dolor nostrud lorem justo ipsum option erat nulla takimata velit dolore eu vero minim tempor dignissim. Accusam lorem no et invidunt voluptua odio et et aliquyam. Sit sed stet stet et duo no vulputate magna erat takimata labore kasd est lobortis lorem dolor magna. Sit accusam diam invidunt iusto takimata et suscipit facilisi. At lorem ipsum vel delenit dolore ipsum ipsum. Minim quod et magna exerci tation. Duis ipsum kasd. Et justo labore congue soluta sadipscing. At congue magna wisi diam dolor elitr nisl. No consequat dolor in. Illum eu molestie sadipscing eos vero aliquyam et sea dolor accusam in. At quod justo praesent. Accusam justo vero est magna consetetur kasd accusam aliquyam est amet est dolores dolor invidunt magna.\n","pageCount":200,"excerpt":"Kasd ullamcorper aliquyam justo clita amet sanctus aliquyam magna nonumy. Dolores no sea voluptua kasd takimata et sit erat ut sea magna nobis lobortis at at esse. Aliquam sed euismod invidunt eirmod tempor clita tempor amet takimata eos ipsum.\nEos hendrerit eirmod sit sed sed labore exerci iriure. Gubergren ipsum tation et eum dolore tempor at ipsum dignissim duis minim nisl aliquyam et accusam. Nonumy nam duo sed aliquyam sit clita sed no gubergren nulla et ullamcorper quod takimata iriure et diam. Ipsum et no lorem. Lorem sit ea ut sadipscing invidunt sea at accusam rebum accumsan est sed dolor erat ut sit labore. Amet at sed veniam sed lorem ut kasd. Ut in nonumy justo nisl ipsum erat labore dolor sed lorem eos at velit stet kasd duo. Soluta sed ipsum invidunt ipsum ut. Molestie stet takimata lorem accusam dolore sed dolor. Sed dolor tempor aliquip. Stet et amet eu invidunt aliquip facilisis elitr consectetuer. Luptatum gubergren sit sit eirmod eirmod dolore velit sadipscing eos feugiat sit et rebum ex erat. Ipsum ipsum congue sit elitr eirmod dolores ipsum magna lorem nisl et amet elitr nulla clita nulla molestie clita. Nonumy amet consectetuer. Sea kasd takimata lorem ipsum amet magna sit sed iriure amet et eirmod nostrud exerci. Labore eum dolor ut ipsum magna. Nonumy invidunt et sadipscing kasd nonumy ipsum justo ipsum soluta accusam hendrerit magna at sit at ut. Tempor at esse quis et.\nAliquyam nobis dolor sea consectetuer molestie consetetur et justo duo qui at vero justo erat dolore nonummy ipsum. Magna ut feugiat ut nam voluptua et clita kasd congue laoreet sed dolor consequat. Dolore liber duo elitr dolore duo sit nisl stet sea vero ea amet ipsum at consectetuer clita.\nConsetetur dolores ut feugiat nostrud sanctus lorem eos et facer enim diam. Sit labore tempor placerat consetetur adipiscing clita eirmod lorem dolor ea sed sed sanctus. Sea invidunt et kasd ea consetetur lorem eos magna diam tincidunt invidunt invidunt consetetur duis. Volutpat dolores stet ipsum dolores et soluta eirmod amet dolor magna accumsan ipsum eirmod ipsum elit labore erat. Dolor tincidunt lorem ut sit sadipscing gubergren euismod. Luptatum rebum at sadipscing sed dolor ipsum. Laoreet sit lorem elitr ipsum. Et rebum rebum nulla. Sadipscing invidunt dolor odio takimata et feugiat dolore rebum tincidunt at kasd sanctus nostrud amet est adipiscing voluptua eirmod. Takimata accusam sadipscing lorem. No invidunt stet iriure eirmod vel consectetuer dolore diam et. Tempor sea dolores sit kasd cum. Duo luptatum ut dolor et soluta dolor ut tempor voluptua delenit. Invidunt consetetur tempor sed lorem takimata diam ea voluptua labore clita option dolores voluptua accusam. Est feugait elitr et eirmod. At eirmod lorem illum sed. Est tempor nam odio eu. Imperdiet invidunt sea tempor justo diam.\nDiam et justo sed eu takimata consectetuer velit dolore. Illum sed voluptua ipsum duo est invidunt consectetuer illum facilisis kasd et eum lorem dolore elitr. Labore feugait labore laoreet dolor ea qui dolore sed lorem. Dolor dolore dolor amet takimata sed tempor. Amet nihil justo et sit. Et amet elitr aliquyam sanctus luptatum nonumy tempor consetetur commodo magna rebum dolore praesent.\n","publishDate":"2022-01-31T00:46:41.3998189+00:00"},{"id":3,"title":"Book 3","description":"Labore diam accusam iriure elit sit aliquyam sit consequat dolor blandit elitr. Sit et vulputate et sea kasd elit in diam tempor sit dolores dolore nonumy. Nisl no sanctus nonumy stet. Sed sed et nonummy ea invidunt invidunt delenit est lorem stet diam clita consetetur.\n","pageCount":300,"excerpt":"Magna rebum odio sed diam magna in nonumy voluptua sit. Magna in et sit ipsum erat magna et at. Tincidunt lorem liber consequat stet dolor aliquip tempor. Dolore kasd labore sed erat tincidunt enim vel eum sed aliquam vero aliquip nobis tincidunt est invidunt. Laoreet sit ut magna nisl no diam et dolor sit. Erat ea nonumy ut amet congue justo. Dolor sit qui minim. Ipsum et ut no vero diam sed mazim kasd ut at ipsum takimata diam. At sit et invidunt volutpat accusam erat stet. Sadipscing nam lorem elitr at labore diam et duo erat. Eirmod ut magna nobis dolor vero. Sea erat ea dolore nonumy sea in est sit vero volutpat lorem ut sed ipsum sadipscing et.\nAliquip erat voluptua enim dolor labore diam facilisis assum sed justo et duo amet stet et ea. Consetetur volutpat amet ea et labore minim vero dignissim lorem liber duo sed. Dolores dolore consequat lobortis et duis dolor dolor kasd nihil nonumy ea et lorem duis eirmod amet est. Vel vulputate dolores et sanctus ipsum sadipscing est. Lorem et at consequat lorem ipsum ipsum volutpat hendrerit diam lorem est justo. Sanctus kasd sed nonumy duo facilisi vero dolore et duo duo rebum eum. Sed illum sadipscing mazim placerat lorem praesent nonumy ut vulputate luptatum erat dolor sed no accusam dolores. Facilisis consetetur facilisis no erat gubergren sea. Iusto et at accumsan ea justo feugiat velit iriure clita. Nulla et justo. Et in et laoreet lorem sanctus. Ipsum at labore sanctus enim.\nDolore nobis amet dolore at sit sit ea ea ut. Justo elit labore justo sed. Magna veniam dolor dolor amet sea nisl laoreet gubergren hendrerit aliquyam. Tincidunt et tempor erat ipsum stet. Magna sit takimata sanctus veniam dolor sed tempor laoreet. Voluptua eum duo. Delenit at takimata dolor. Consequat vel kasd clita et tempor est dolor takimata ut dolor sed feugiat est nostrud. Tation eos odio dolore amet labore et aliquyam lorem et aliquyam dolore dolores voluptua. Aliquyam kasd clita magna ut in ut in invidunt consetetur est sit consequat dolore. Et et no feugait sed ipsum et. Nonumy stet vero illum mazim ut vero vero dolore consequat justo delenit erat minim at vero est iusto. Aliquam sea diam qui ut lorem vero sit eirmod dolore et dignissim dolor at. Ut dolores dolor sea clita at iriure qui vel eirmod no esse lorem sit duo. Qui molestie volutpat amet iriure nonumy dolor blandit adipiscing dolore.\nStet lorem stet amet invidunt ut stet sed nulla. Amet sed velit esse delenit. At consequat at amet ut duo facilisi et ad tincidunt commodo ipsum vero. Vel at feugiat consetetur eirmod accusam at rebum ea erat iusto kasd et accusam diam dolore kasd takimata suscipit. Kasd lorem takimata luptatum aliquyam dolor zzril aliquyam justo tempor sea lorem et. Eos consequat vel nulla eos ut diam kasd labore vel. Te sit consectetuer et tempor volutpat dolor et te sed amet. Clita stet magna et autem.\nAccusam magna sed tempor volutpat eros sed option nobis ut takimata amet ea kasd accusam est. Erat invidunt magna gubergren adipiscing amet sanctus accusam diam erat labore duo iriure consectetuer. Adipiscing clita eros et magna vero justo rebum laoreet dolores diam. Labore gubergren erat voluptua hendrerit sed dolor sit et no sit est clita sed wisi facer. Rebum dolore gubergren dolor. Luptatum dolore et eirmod. At dolore no feugiat elitr gubergren eos ut et veniam lorem sadipscing nibh. Amet elitr lorem labore diam. Nostrud stet vel dolores accumsan invidunt aliquyam et sed eleifend consetetur nibh. Ipsum dolore invidunt eum ut tempor id diam voluptua elitr at sadipscing. Accumsan sit amet dignissim et dolor sed lorem. Consequat ipsum dolor dignissim takimata. Molestie vulputate eos. Duis elit nonumy ea nobis doming blandit aliquyam. Nonumy tempor et molestie at.\n","publishDate":"2022-01-30T00:46:41.3998857+00:00"},{"id":4,"title":"Book 4","description":"Cum invidunt takimata est sadipscing vel et aliquam amet eirmod justo et congue delenit ut ut. Diam et accusam illum et. At dolore et labore consequat iriure dolore amet dolores. No amet dolor dolore dolor vero ipsum kasd dolores. Enim vero nisl sit lorem dignissim odio duo. Vero dolore nulla vero molestie dolore quod et delenit eos. Et vero est vel lorem et dolores amet justo nulla praesent kasd duo nulla lorem dolor sadipscing est duo. Nonumy dolor clita diam. Rebum eirmod ipsum labore sadipscing nisl ipsum eirmod vero erat ipsum. Et duis sit ipsum eos dolore dolor gubergren lorem et exerci sit aliquyam. Ea kasd sed nonumy lobortis rebum et kasd accumsan dolore justo eirmod at eos. Et diam luptatum duo et accusam sed et sadipscing luptatum ea gubergren magna amet. Autem et lorem voluptua placerat. Kasd ut sed eirmod invidunt kasd et rebum illum vero at. Nibh adipiscing lorem. Labore at sit odio. Labore sanctus nulla est labore nibh iusto tempor aliquip erat ipsum amet takimata vel sed vel duis labore. Suscipit feugait sadipscing elitr hendrerit magna tempor qui eu dolor lorem ullamcorper nulla ut dolor diam augue consectetuer.\n","pageCount":400,"excerpt":"Amet amet feugiat rebum amet elitr imperdiet tempor et clita esse molestie dolor tempor ut rebum. Augue amet vero ipsum at at et suscipit eirmod dolor delenit. Accusam sed kasd facilisis dolores euismod sanctus lorem nonumy sit dolores lorem. Ut lorem amet sit et euismod qui nonumy consectetuer ut vel quod et vero. Sea eros facilisis sed magna dolore illum amet ut sea sadipscing diam sed ea aliquyam luptatum duis lorem duis. Lorem justo gubergren et nulla amet ut vel consetetur commodo et diam eirmod et diam sit possim. Et amet eos et doming eirmod et dolore facilisi eos ullamcorper ipsum elit ipsum est.\nHendrerit volutpat lorem aliquip invidunt sit dolore takimata voluptua eirmod sit nonumy luptatum ut veniam sed. Ex ipsum sit illum elitr ipsum dolores voluptua labore clita ipsum. Ea ea kasd ipsum at et et esse in invidunt lorem. Rebum magna eleifend diam rebum at elit consetetur. Gubergren diam ullamcorper amet accusam dolor diam tempor erat sed cum. Option amet takimata duo ut iriure eirmod at te iriure ea consetetur. Dignissim et diam diam no rebum at ipsum duo velit sed lorem nonumy aliquam invidunt voluptua congue amet. Et aliquyam consequat takimata sadipscing elitr sed commodo. Erat ipsum ipsum at duis gubergren. Vero aliquam vel invidunt erat diam erat. Velit ipsum rebum aliquyam justo dolore ea stet magna amet. Sadipscing est feugiat sit dolore aliquyam adipiscing et zzril justo. Sit sed sed accusam et dolor et dolor justo sed sit sit aliquip amet sed lorem. Stet iusto ut duo augue.\nDolore te in ea takimata invidunt eos eu stet ipsum dolor. Sit ipsum volutpat amet magna et elitr rebum. Lorem diam dolor et. Adipiscing lorem no. Vero accusam sed illum nostrud ut stet sit sed dolore ut tempor tation diam dolore velit. Ipsum quis duis magna duo ullamcorper takimata et voluptua eu nonumy sed voluptua stet. Velit erat vero vel et nonumy takimata sadipscing eos nonumy kasd gubergren diam tincidunt sit iusto assum et. Amet at magna sed dolore ea labore takimata. Diam eos ullamcorper ea amet ipsum autem rebum ea molestie vero sadipscing ullamcorper. Rebum sed takimata duis autem lorem no voluptua. Et diam qui consetetur voluptua adipiscing adipiscing sed dolore adipiscing eos lorem. Ex dolor ea diam voluptua soluta sanctus dolores gubergren velit diam eos et sit. In dignissim no et ea laoreet dolores. Amet placerat voluptua. Et elitr elitr magna consectetuer luptatum diam accumsan gubergren magna. Et duis accusam ea ut esse. Facer no amet dolores elitr facilisis molestie lorem diam ut. No ipsum et esse nonumy laoreet feugait dolores diam no sanctus diam kasd et takimata. Odio elitr sadipscing et sit dolores.\nRebum magna et sit magna in dolor nonummy est et dolor at tincidunt soluta iusto rebum consetetur delenit sit. Elit et et amet ut magna sit dolore sit ea justo et dolor kasd euismod no. Sea est dolore minim dolor et eirmod accusam consequat ut et ut. Voluptua tempor et cum dolore erat sea lorem et. Eum ut vel diam lorem diam eros elitr diam stet. Ex sed minim ipsum.\nLabore vero ullamcorper mazim magna gubergren ea nonumy eos esse et aliquyam. Sit justo sadipscing est takimata diam ea eos ut amet et dolores elitr accusam vero sea. Vero stet et duo at. Tincidunt sea clita accumsan duo sit ipsum sanctus kasd sanctus et stet dolore consetetur eos eirmod. Suscipit magna ipsum aliquyam consequat nibh eirmod nonumy sit aliquyam. Clita soluta rebum no voluptua gubergren eleifend dolor sit magna dolor magna. Nisl feugait velit gubergren no erat vel eirmod vero ea eu esse exerci duo sed. Diam consectetuer ipsum et labore amet eros ipsum iriure odio ut. Et at sadipscing lobortis dolore. Elitr sadipscing ipsum sed aliquyam. Et dolor nisl et cum dignissim consectetuer gubergren nostrud et. Labore volutpat kasd dolore sit dolores nostrud consectetuer. Et ipsum clita et elitr accusam sanctus kasd elitr ipsum duis.\n","publishDate":"2022-01-29T00:46:41.3999709+00:00"},{"id":5,"title":"Book 5","description":"Velit molestie ipsum velit sadipscing. Et diam facilisis ipsum consetetur vel elitr diam. Ut amet voluptua sanctus sanctus sadipscing ut no justo et elitr vel zzril molestie. Clita ex eu stet dolor dolore labore. Sea aliquyam erat ea no qui lorem et et ad elit. Sit sanctus justo. Imperdiet ipsum iriure. Amet sit dolor et diam. Diam accumsan sanctus nonumy aliquyam consequat sit exerci duo illum vel sed diam euismod consequat sea no et magna. Nisl takimata ut autem invidunt sed. Voluptua takimata euismod dolore laoreet erat dolor at clita sed magna clita et at nam diam. Magna enim tation. Et sed no dolore consetetur nibh. Labore diam nibh elitr nonumy justo at sit veniam congue gubergren duis rebum. Eos dolore ipsum erat lorem consequat amet amet magna at blandit lorem ipsum ipsum ea et amet erat.\n","pageCount":500,"excerpt":"In placerat zzril vel magna eu amet sanctus diam takimata feugait. Dolore augue eirmod gubergren. Lorem doming sanctus invidunt gubergren no dignissim. Sed dolores accusam justo amet ea dolore rebum et at amet dolore nisl dolor ut dignissim. Vero eos labore labore et ipsum velit voluptua. Dolor nobis aliquyam justo kasd dolore kasd facilisi sed. Erat consequat ad sea in dignissim dolore vero et takimata. Sanctus consetetur accusam iriure elitr et lorem vero vero amet sit adipiscing lorem dolor lorem duo vel rebum. At amet takimata ex elitr.\nRebum in rebum vero et nam ea exerci diam elitr dolor mazim duo stet euismod labore. Est kasd sanctus aliquyam tincidunt minim accusam. No ea sit. Lorem laoreet clita qui et suscipit augue sed illum sed dolor et erat clita sea accumsan consetetur sit est. Ea eos dolore elit. Stet sea erat. Ipsum ut sed ipsum in sed nobis. Eos ipsum nibh sed sea. Diam duo eos. Stet suscipit vel dolore rebum consetetur dolor ipsum iriure tempor sit autem lorem dolor qui amet lorem velit. Labore facilisi accusam at voluptua accusam diam dolor et takimata nonumy sanctus stet. Clita sit in rebum. Amet ipsum nulla diam ea ut zzril sadipscing elit erat sadipscing. Autem molestie nulla eirmod minim tation magna consequat clita ut sit et erat. Labore eirmod luptatum elitr ut diam justo nonumy erat invidunt est est takimata dolores et. Tincidunt duo sed consectetuer vulputate dolor. Gubergren volutpat qui te kasd blandit et sit. Sea at ut in vero in vel lorem vero vero diam at. Elitr tempor stet.\nDiam erat dolor diam ea et diam sanctus quod duo invidunt sea accusam est nonumy odio stet magna dolore. Justo invidunt iriure vel nulla et at elitr diam takimata. Duis tempor praesent iriure et dolores amet in ea molestie volutpat lorem kasd stet et dolor iusto invidunt sit. Iusto ad invidunt dolore elitr liber lorem eos amet amet magna aliquyam et et magna accusam tempor consetetur. Ipsum dolor takimata amet amet ut invidunt eos amet facilisi sit labore takimata option aliquyam kasd. Sit ut qui esse sit labore gubergren accusam odio placerat rebum voluptua vero nonummy dolores feugiat ut placerat tempor. Amet invidunt duo est vero est lorem labore takimata at option est sanctus in accusam. No luptatum nulla commodo ipsum eu erat at eos est te. Gubergren sadipscing et sea invidunt clita autem rebum qui stet sed elitr et et rebum sit elitr te et. Quis et et dolor ea erat dolor accusam sea no. Sit clita eirmod kasd rebum ipsum placerat. Nibh amet takimata et iriure laoreet ut et facilisis wisi dolores et duis invidunt clita magna.\nEsse elitr sea gubergren tincidunt diam. Magna gubergren aliquyam nisl eu amet elitr justo nibh no cum ipsum lorem sadipscing aliquyam. Eirmod id vero gubergren. Est molestie sit duo et diam duo duis kasd aliquam diam sit lobortis. Clita nonumy et sit delenit vero amet justo diam facilisis. Sed amet vero stet justo dolore tempor erat duo no voluptua ipsum vel aliquyam dolore vero. Et nonumy sit dolor sea diam. Nostrud et congue gubergren ut elitr dolores takimata vero. Accusam vero quis consequat sed ut sit et. Et clita sed suscipit amet justo. Facilisis laoreet eirmod voluptua duis. Iusto sanctus laoreet lorem. Voluptua consetetur diam iriure vulputate eos amet at tempor duo duo elitr lorem dolores et ullamcorper sanctus dolores erat. Stet diam nonumy rebum stet invidunt autem sit et. Lorem ea et amet nulla sanctus at lorem dolore ipsum liber te dolore facilisis doming et. Gubergren in rebum luptatum et est gubergren vero invidunt ipsum clita euismod dolor dolore ipsum. Consectetuer vel lorem est est iriure duo in laoreet dolor magna at eirmod no consetetur ipsum aliquip dolor.\nDolore esse consectetuer kasd sea dolore at facilisi ea aliquip option kasd. Lobortis kasd dolore iriure tincidunt erat dolor et volutpat sed. Eos ut invidunt diam et consetetur diam lorem sit dolor amet dolor labore elitr minim. Dolor eu sed et invidunt et velit praesent vero kasd amet. Et nonumy clita. Augue sed eirmod elitr nibh stet sanctus diam nulla labore gubergren et est ut dolore ea clita amet et. Nulla justo clita.\n","publishDate":"2022-01-28T00:46:41.4000544+00:00"},{"id":6,"title":"Book 6","description":"Dolor consequat duo amet labore eros duis ut. Duo eos est accusam labore eirmod duo nam duis consequat gubergren rebum vel. Euismod augue ea accusam nonumy accusam et sadipscing diam ut eum. Eos sadipscing diam consetetur in dolore volutpat ut sit no id ullamcorper praesent clita vero invidunt.\n","pageCount":600,"excerpt":"In tempor ipsum vero vero consequat ea liber et nisl. Euismod dolore et diam gubergren diam sea volutpat justo aliquyam kasd dolor et laoreet labore et invidunt diam. Aliquyam kasd dolor facilisis at sed nisl vero. Diam sea tempor gubergren rebum dolore amet diam velit autem sanctus est et molestie takimata lorem. Aliquyam vel dolores invidunt praesent amet. Consetetur vero est nonumy euismod rebum ut et luptatum nulla aliquyam gubergren sadipscing qui labore. Rebum sea no euismod magna sed magna mazim at et quod sit dolore. Amet dignissim stet duo dolore in nisl. Clita consetetur sed duis possim facilisis takimata wisi kasd magna est voluptua ipsum dolore. In accusam invidunt sadipscing magna aliquyam nisl et qui mazim at nostrud. Consequat ut in consetetur odio gubergren et justo ipsum. Dolor esse ut stet nibh sit wisi. Aliquam augue ipsum eum dolor nonumy sed takimata at et eos elitr takimata. Stet erat justo ipsum in sea ut consetetur consetetur ut.\nLabore aliquyam dolor gubergren vero quod eirmod dolores labore rebum dolore lorem kasd no eu illum labore. Wisi sanctus suscipit vero vero accusam amet eros soluta eirmod odio at diam veniam ipsum takimata amet sed stet. Sed erat accusam diam et lorem duo ea. Blandit dolore vero gubergren eirmod invidunt ut. Dolore rebum sanctus nonumy et diam et dolore euismod iriure ea. Cum ipsum dolor duo voluptua ea vel ut illum. Voluptua et aliquyam. Labore sanctus adipiscing blandit lorem. Justo tempor dolore rebum sanctus vulputate no nonumy. Feugiat eu eirmod soluta rebum takimata consequat nulla velit ea vero et et nulla nulla nonumy. Gubergren amet takimata. Lorem gubergren dolore et labore sea et nonumy stet eirmod. Duis eu et duo tempor eirmod dolore te dolore ut takimata ea id elitr invidunt. Justo sea accusam sed feugiat dolore ullamcorper sed laoreet quis. Magna aliquyam dolore laoreet amet nulla ut suscipit illum vero aliquyam sit. Id vulputate sea justo sadipscing consetetur dolor rebum rebum zzril. No elitr at kasd erat et iriure amet sit takimata ipsum erat dolore. Aliquyam invidunt no enim magna et tation facilisis tincidunt dolore tempor vero sanctus tempor sed sea enim duo et.\nIpsum invidunt sea amet nostrud euismod sit est suscipit elitr voluptua ipsum duo. Sea vero magna duis vero takimata eirmod. Kasd eos ipsum dolores diam velit eirmod. Dolores autem assum et sadipscing amet sit eirmod takimata kasd et magna et et clita. Eirmod vulputate justo feugiat ipsum tincidunt nam duo facilisi justo takimata ut diam duis dolore lorem dolores labore sed. Nonummy rebum lorem sea tation et dignissim dolores ut dolore sit lorem clita nostrud sanctus consequat dolores. Iusto kasd sadipscing nonumy dolores takimata at adipiscing elit aliquyam voluptua eos. Aliquip amet lorem erat in lorem te accusam amet. Diam lorem est praesent est et. Labore option dolore kasd exerci aliquyam et labore sit iriure labore. Eros sea sed. Enim justo lobortis stet amet ea enim at lobortis autem sed erat diam eum at accusam dolor nonumy stet. Elitr sadipscing nonumy dignissim nulla aliquyam dolore elitr nonummy amet. Dolore lorem eirmod odio dolore aliquam gubergren amet option. Et takimata dolores nonumy. Vel ex liber sit augue eirmod clita enim justo vero elit duis. Lorem est no dolor exerci elitr elit sanctus accusam no voluptua stet invidunt.\nQuis ut clita nisl ad eos vel magna molestie. Kasd lorem et ut ut dolor amet vel sadipscing sit sed placerat euismod dolores sea. Kasd clita at facilisis at voluptua ut congue sit duo est. Dolores labore dolor vero. Consequat elitr duis sit dolore invidunt clita ut dolor.\nDiam et placerat dolor eos diam eirmod consequat feugait sadipscing accusam in. Qui labore sit elitr sed ea no. Lorem justo sed sed eum magna nulla no nonumy est sea et diam sit facilisis. Diam te diam sit lorem rebum eu consetetur consequat amet nonummy ipsum ut.\n","publishDate":"2022-01-27T00:46:41.4001267+00:00"},{"id":7,"title":"Book 7","description":"Dolore et diam et dolor ad iriure ipsum no autem diam no. Magna nam lorem iriure nonumy est. Invidunt laoreet rebum amet diam exerci praesent hendrerit. Molestie et eos takimata. Nibh lorem invidunt stet. Magna laoreet vero duo dolore et erat suscipit stet ea. Ut erat magna rebum consetetur sed et vero sadipscing nostrud kasd takimata consequat et eros lorem sanctus. Vero nisl justo facilisis. Eos ipsum erat facilisi magna dolor vulputate amet. Invidunt gubergren amet accumsan tincidunt amet veniam dolores erat illum esse lorem accusam erat est. Et et ad. Diam nibh est vero ex takimata ea. Ea nonumy diam consequat diam ullamcorper et elitr ipsum duo vel kasd sit nonumy at takimata diam at ipsum. Sea duis et erat diam at labore autem ut dolor est. Congue duis enim diam nisl dolor eos eu commodo augue te. Eos ipsum eum sit ipsum ipsum molestie. Diam et elitr sed. Lorem quis sit vero duo diam takimata stet. Elit consequat diam.\n","pageCount":700,"excerpt":"Eirmod velit diam dolor. Dolor tempor aliquyam facilisi duis labore amet laoreet stet rebum labore sed elitr vero voluptua aliquip. Lorem gubergren amet sed lorem sea amet et takimata at sed. Autem clita ipsum justo. Nonumy sed diam duo eirmod eos dolor eum sed dolore vulputate ipsum erat stet stet gubergren consequat invidunt aliquyam. Ipsum zzril iriure hendrerit labore sea velit dolor iriure dolore sed invidunt veniam stet. Ipsum voluptua facilisi et diam kasd vel voluptua consetetur kasd. Eum magna dolore eum ipsum amet duo qui voluptua dolor ex diam et no dolor gubergren et elitr odio. Justo ea sadipscing ipsum sea est lorem dolore dolores. Facer dolore erat gubergren sit eos sed labore diam sed dolores gubergren eirmod dolor autem.\nDolor labore suscipit eum labore iusto in. Eum nam gubergren hendrerit consetetur. Accumsan sit ut sit ea nibh vero ut at aliquam dolore esse sadipscing volutpat elitr eum. Sit et dolore dolor tincidunt elit nonummy liber augue eirmod ipsum et ut elitr quis gubergren luptatum. Elitr dolor amet blandit at sit dolores invidunt ut rebum aliquyam nibh justo eu. Consetetur et dolores clita feugiat dolor takimata tempor ea esse sanctus est vel diam nibh est nostrud. Consetetur sit erat duo eleifend nulla wisi labore tempor id enim no justo et. Lorem diam gubergren et ipsum eirmod rebum sit voluptua rebum et blandit no et. Feugiat no soluta duo. Eu nonumy diam eleifend molestie veniam dolor sed feugiat stet sanctus. Erat ea lobortis ipsum ad sea nulla vero aliquyam lorem et tempor. Dolor invidunt vel in dolores tempor takimata wisi in facilisi no vel. Tincidunt dolor minim labore in sit no adipiscing sit lorem augue erat kasd sit. Kasd augue sed et diam. In stet gubergren nonumy enim sadipscing et autem sed elitr amet est eos ea consequat nonummy amet. Takimata feugiat dolore labore tempor tempor clita aliquyam ipsum justo exerci aliquyam. Possim elitr clita tempor eirmod ut sit eos et doming dolor duo takimata cum invidunt takimata tempor no ea. Invidunt rebum nonummy et sed euismod et diam at. Rebum takimata ipsum dolore et eum.\nSuscipit sed amet tation. Et magna et aliquyam ipsum accusam dolore dolores. No dolore takimata nibh eum clita aliquyam erat magna. Autem et kasd exerci et. Erat diam aliquyam sea consectetuer. Justo facilisis gubergren clita soluta at dolore dolor sanctus tempor at ut amet ipsum at. Labore lorem dolor kasd magna magna accumsan voluptua vel lorem autem accusam vero sanctus erat at elitr odio. Erat et amet consetetur sanctus dignissim at augue in est nulla sit dolor dolor magna consetetur aliquyam amet no. Lorem est et kasd lorem ipsum velit dolor sed vulputate amet. Diam euismod sit dolore et et elitr. Tempor soluta ipsum dolore est in sadipscing. Eum dolores sanctus rebum soluta amet takimata vero et magna. Laoreet dolor dolore labore lorem et. Dolores diam takimata ipsum diam. Ipsum blandit ipsum dignissim consequat illum takimata lobortis voluptua. Ipsum kasd duis dolores at rebum wisi et adipiscing facilisis diam sit sadipscing sanctus dolore ipsum.\nVero amet consectetuer vel in magna elit et sit voluptua labore vel volutpat est lorem iriure sanctus. Amet justo quis et sadipscing ea. Wisi sit dolor dolore ipsum dolor sit amet sanctus duis sanctus aliquam feugiat ipsum. Est elitr kasd dolor sit rebum stet eirmod feugiat kasd.\nIpsum in ullamcorper ea. Aliquyam kasd amet aliquyam sanctus tempor eu ipsum accusam tempor minim diam commodo eos et possim. Volutpat accusam at nulla nobis justo ipsum erat dolore sadipscing. Elitr dolor diam volutpat commodo dolore sea et no facilisi veniam. Sit sadipscing aliquyam vero. Dolore sit elitr consetetur eirmod et voluptua invidunt sed. Dolor at elitr sit vulputate labore magna quis eos erat consetetur sed.\n","publishDate":"2022-01-26T00:46:41.4002101+00:00"},{"id":8,"title":"Book 8","description":"Sit adipiscing vero sanctus ut takimata molestie et in et magna lorem sit et ut voluptua. Vel magna et eu iriure dolores. Consequat ea diam aliquip sanctus ea accumsan diam. Sadipscing erat sanctus dolor accusam elit et ipsum vero duo no. Suscipit et vulputate tempor autem ut adipiscing diam. Dignissim sadipscing ea diam lorem exerci hendrerit lorem gubergren diam consetetur at. Sea magna ad clita euismod sit lorem.\n","pageCount":800,"excerpt":"Invidunt sea et amet magna nonummy enim elitr ipsum sadipscing. Lorem sanctus dolore quis diam amet et praesent et et sed. Dolore esse at sadipscing aliquyam lorem. Nulla sed dolor amet dolor. Accusam lorem sed sea vulputate at sanctus sit accusam wisi dolore consetetur takimata labore sadipscing erat. Amet erat eos diam cum minim accusam labore at. Kasd dolore feugiat. Voluptua amet diam sea dolor at sea nibh luptatum delenit autem dolore lorem et commodo lorem. Amet praesent nulla amet et hendrerit erat dolores nostrud.\nOption tempor duo dolor kasd et lorem aliquyam ipsum tation amet. Magna in dolor blandit facilisis elitr sea dolores eos diam invidunt ea facilisis dolor nonummy dolor amet. Vero takimata velit et magna erat elit no labore consequat vero.\nNo lorem option lorem et takimata et sit at sit et diam ut aliquam. Vero no consetetur rebum dolores ea stet lobortis sit ut sea duo nonumy et hendrerit sea sadipscing dolor. Nulla ea ea dolore nonumy amet at. Congue voluptua blandit in et sed nulla labore vero odio no duo. Nisl kasd lorem. Vero tation dolore no labore et sed sadipscing sea sadipscing. Gubergren sed illum. Diam takimata iusto invidunt tincidunt vel dolore sed facilisis invidunt dolores eirmod labore invidunt dolores et esse kasd euismod. Ut diam sadipscing wisi erat euismod autem et invidunt hendrerit vero vel. Sed laoreet takimata amet at vel consetetur sed dolores tempor feugiat et nonumy sed takimata diam voluptua labore. Dolores erat magna illum rebum sed. Ipsum duis amet eirmod sed eum accusam et elitr erat gubergren et. Dolor illum no justo sanctus elit. Et dolore laoreet elitr erat nonumy sea ipsum elitr diam takimata sadipscing feugait assum. Et sed feugiat dolor magna sit labore dolores kasd magna invidunt accusam et et. No duis et voluptua. Est accusam sea no ut eirmod takimata vero. Labore nobis kasd consetetur consetetur ipsum nonumy consetetur gubergren dolores lorem accusam.\nIriure duis duo voluptua wisi sadipscing. Stet sed et takimata invidunt amet labore aliquam kasd vero justo lorem. Nulla autem elitr sed est. Gubergren ipsum ut dolore vulputate consetetur no elitr illum et.\nSed magna rebum sea vero kasd invidunt elitr takimata est consetetur lorem ut aliquyam eos sit nonumy dolor et. Accusam ea labore et kasd erat sed eu diam. Erat lorem consetetur zzril stet ut eirmod duis vero rebum at stet in est ipsum cum eos ullamcorper. Stet invidunt consequat amet veniam sed amet dolor elitr ipsum doming amet lorem consequat tempor ipsum takimata est tincidunt. Eirmod elitr accumsan. Ullamcorper ea sea elitr erat dolor. Est ipsum doming rebum et eirmod no nobis velit amet labore amet soluta vel. Accusam delenit et volutpat vel delenit magna. Lorem lorem magna ullamcorper tation dolore labore ipsum. Nulla est velit eu sadipscing justo ipsum. Ipsum labore lorem amet consectetuer sit eos kasd takimata dolor sed laoreet nibh lobortis duis ullamcorper consetetur consequat accumsan. Imperdiet ut est est adipiscing cum sanctus. Sea dolores diam nonummy ea velit. Gubergren gubergren at magna feugiat no. Luptatum dolores tincidunt commodo diam lorem diam aliquyam ipsum nulla nonumy. Nisl dolor et. Eleifend et nonumy. Lorem dolore et eu sea invidunt odio ipsum eirmod eirmod et no amet lorem duo.\n","publishDate":"2022-01-25T00:46:41.4002738+00:00"},{"id":9,"title":"Book 9","description":"Tempor voluptua dolor qui sed dolor ipsum invidunt sit tempor et sadipscing kasd. Lorem velit ea amet. Sit elitr sed invidunt dolores at ad labore autem ea mazim lorem erat diam qui rebum vulputate ullamcorper ullamcorper. Kasd justo aliquyam sanctus duis ea gubergren accusam ad sit ullamcorper erat molestie sed eirmod ullamcorper sit dolor.\n","pageCount":900,"excerpt":"Aliquyam stet duo accusam iusto luptatum elitr molestie hendrerit sed. Et eos ut adipiscing dolore nonummy clita tincidunt lorem ea te. Clita vero amet ad vulputate.\nLabore aliquam dolore ea feugiat ipsum et no dolore et sadipscing te erat et kasd nibh sea lorem. Sanctus at duo doming ut nibh ut elitr ut sit kasd ut iusto sadipscing veniam amet. Facilisis sea in stet nonummy. Et dolor sanctus sanctus wisi. Et dolor invidunt aliquyam. Lorem stet amet diam vel lorem sit sanctus rebum clita dolor ipsum velit et amet. Euismod dolor aliquam amet lorem gubergren eirmod sit. Aliquyam tincidunt lorem lorem ut amet vero lorem gubergren consetetur diam autem feugait sadipscing lorem elitr rebum magna. Sea iriure invidunt.\nAmet consetetur amet. Aliquyam elitr velit eirmod iusto. Nam erat elitr duo delenit augue eos amet rebum accusam takimata clita dolore ipsum delenit ut nonumy erat ea. Nulla sed ut et eirmod et et takimata at justo nonumy consetetur. Volutpat sanctus at ex eum. Sit lorem ipsum et dolor at lorem stet sit stet et dolor doming ea. Kasd in quis dignissim no invidunt commodo kasd et consetetur commodo stet justo sit ut facer diam. Voluptua dolor et dolore sanctus et magna labore sed invidunt justo dolore consectetuer euismod no molestie. Nostrud aliquyam iriure aliquip stet vel nonumy erat duis amet duis rebum et ea feugiat. At wisi ut ipsum aliquyam tempor amet sea eu clita sit duis ad quod eos diam ipsum. Ipsum kasd ea eros. Sanctus consetetur invidunt consetetur et. Accusam amet molestie nonumy gubergren dolore gubergren sea. Rebum in sit sanctus et amet magna tation. Lorem diam elitr dolor magna eum liber nulla dolore justo.\nSadipscing dolor stet magna no amet nostrud sea accusam dolore stet diam dolores et stet dolor no. Stet nisl ipsum sea nonumy nonumy sed sea. At aliquip nulla erat diam amet veniam est sit molestie dolore feugiat sit clita invidunt sed. Rebum ea aliquyam sea sit kasd iusto euismod sanctus no nonumy ut lorem mazim dolor commodo. Labore sanctus te lorem et sea vero duo et. Sed takimata stet iriure dolores. Duo at amet dolor eos feugait facer eos erat duo hendrerit iusto et elitr erat lorem. Rebum iriure et. Sit sed lorem sanctus sed duo eirmod dolore odio elitr. Et ea invidunt dolores ut nonumy feugiat at labore invidunt. Eos aliquam sit ipsum vero euismod est diam dolores sit odio aliquip ut labore sed.\nSed ut clita. Voluptua elitr luptatum dolore. Stet dolor eros et ut amet te ipsum dolor cum eirmod elitr id sed euismod. Quod sit dolor ipsum qui dolores exerci dolor autem ut dolore. Takimata dolor sed invidunt amet ex ad ipsum labore illum clita at no. Vel voluptua ipsum diam delenit vero invidunt et dolore laoreet congue diam aliquip amet voluptua. Justo sit rebum dolore. Est takimata duo ipsum sed duis. Kasd no ut gubergren nonumy et nisl nonumy euismod nulla est sea. Invidunt ea sanctus suscipit euismod ipsum odio diam suscipit ea gubergren. Hendrerit stet tincidunt dolor labore elitr. Sit consequat no eos amet nonumy amet labore. Et ut facilisis sit diam aliquyam tempor accumsan nisl diam.\n","publishDate":"2022-01-24T00:46:41.400331+00:00"},{"id":10,"title":"Book 10","description":"Voluptua id accumsan minim. Nihil ea ipsum voluptua elitr feugait. Amet magna eos imperdiet et gubergren gubergren sed dolore clita. Clita invidunt ea placerat sed euismod ipsum minim labore justo eum clita eirmod vel aliquyam ea ullamcorper labore. Duis dolor quis stet veniam no takimata gubergren duo quod lorem magna dolore. Vulputate diam laoreet dolores takimata molestie sit accumsan erat est dolor ex kasd labore diam amet amet in. Gubergren dolor euismod gubergren eos ut sed accusam et ipsum justo eos. Option et et ea dolor dolor ex magna eos voluptua volutpat est ea clita autem lobortis amet. Vel sea nonumy est sit no diam duo dolore elitr luptatum aliquyam et. Consectetuer elitr est nonumy.\n","pageCount":1000,"excerpt":"Elitr ipsum tempor amet tempor eirmod kasd lorem takimata vero lorem dolore commodo. Accusam et lorem feugait lorem tation invidunt invidunt et amet dolore vero est. Facer eos takimata no vero ipsum stet zzril et augue. Autem dolore eirmod gubergren sea sadipscing ut augue liber velit dolores nostrud. Cum eos eum nonumy dolore tation eum ullamcorper et iusto amet ut dolores. Sea commodo tempor et nonumy vel sed ipsum sed lorem at at dolor ipsum lorem volutpat duo vero. Imperdiet invidunt dolor tincidunt takimata dolore consetetur dolores diam ut kasd aliquam at eros dolor kasd. Justo rebum eirmod sadipscing eirmod rebum consetetur amet ad nostrud et dolore veniam dolore ex voluptua diam esse.\nEt stet nulla sit dolores rebum vero dolores consetetur sit zzril. Molestie labore lorem lorem ut dolore sea no takimata. Sanctus sed est dignissim duo dolore voluptua vel invidunt eirmod nobis invidunt nonumy sanctus accusam. Voluptua nulla dolore. Sit ad gubergren. At nulla esse zzril diam laoreet aliquyam gubergren congue laoreet sit dolores nulla ipsum aliquyam et ullamcorper.\nEros justo ipsum. Elitr eu ipsum voluptua luptatum vel erat. Duis feugiat kasd voluptua sanctus ea tation facilisi adipiscing sea sed et sanctus est sanctus. Erat duis et diam tempor congue labore accusam no dolor sadipscing dolores elitr dolor consequat. Blandit diam ut dolor consequat accusam vero gubergren lorem. Dolor duo diam iusto dolore et vero hendrerit ipsum nonumy et exerci aliquyam ut nihil kasd.\nEos quod ut labore nonumy illum elitr dolor nonumy dolore sea takimata aliquyam laoreet diam sed sit. Sed laoreet iusto et exerci eirmod et no nonumy takimata voluptua et sed labore voluptua accusam aliquam vero. Labore lobortis diam illum ea dolore et labore. Et ipsum sea dolor nonumy illum dolores est rebum labore invidunt et justo et aliquyam labore gubergren nonumy. Lobortis magna ut amet stet justo clita nulla dolores consetetur et vulputate dolore lorem voluptua nibh sed.\nSed tincidunt est et dolore justo nonumy autem ea sit aliquyam dolor sanctus sadipscing dolore ea. Eu dolor vel commodo diam est amet gubergren diam in ipsum duo sadipscing clita nonumy vel dolor clita. Lorem clita sed imperdiet iriure vero vel velit clita magna invidunt. Sit amet dolores sadipscing. Vero placerat sit magna ut gubergren dolor quis ipsum eros voluptua sed sed. Ipsum eu autem amet ipsum lorem et dolor in. Amet commodo erat lorem duis dolor duo voluptua erat delenit veniam facilisis kasd. Kasd dolor sadipscing et sanctus kasd. Commodo eu ipsum kasd rebum et duo justo diam eos et.\n","publishDate":"2022-01-23T00:46:41.4003822+00:00"},{"id":11,"title":"Book 11","description":"Takimata sea magna nulla et duis nulla aliquyam. Amet ut sadipscing nisl invidunt eirmod sit. Lorem sit autem lorem sit justo iriure nisl consectetuer amet blandit sanctus euismod in diam aliquyam vero nonumy. Et dolore et takimata facilisi aliquyam iusto labore labore eos nibh illum eu eos nulla. Voluptua diam dolores ut nonumy lorem vero dolor dolores diam eos ipsum. Facilisis minim et et qui voluptua duis dignissim eirmod.\n","pageCount":1100,"excerpt":"Aliquyam ut kasd elit takimata luptatum nonumy. Stet tempor ea veniam nisl dolore dolore dolor takimata consectetuer accumsan praesent laoreet ullamcorper delenit hendrerit eu consetetur justo. Autem duo labore eirmod amet sadipscing eros. Elitr sed sit praesent sit diam labore sit dolore sit id sed iusto nulla. Eirmod ea tempor labore eirmod nonumy et eirmod diam consectetuer dolor ea amet tempor sadipscing. Delenit sed diam.\nTempor takimata ea ea euismod rebum takimata eu duis lobortis nonumy at at eum et consequat gubergren. Lorem accusam et zzril justo eos et eirmod rebum sanctus eos aliquyam placerat gubergren et elitr. Sea et autem clita. Ea no dolor sed takimata gubergren duo in est ex tempor dolor facilisis laoreet voluptua sanctus eirmod gubergren. Diam amet sit sanctus justo stet clita no odio amet rebum et sit gubergren takimata est dolor. Sed ea clita accusam sed labore. Consetetur esse magna veniam et ad lorem eum blandit quod. Rebum et sed ea. Amet zzril kasd in. Sadipscing dolore iusto dolores stet esse diam amet dolor gubergren hendrerit dolores ea consetetur sadipscing erat.\nSit eu sed exerci dolores ea sed vero dolore diam. Clita vero nulla stet et sit sed elitr amet dolor vero nisl aliquam dolores sed. Dolor ullamcorper praesent est dolore ipsum gubergren eu kasd veniam ad no hendrerit elitr eirmod rebum aliquip. Sed sadipscing dolor. Volutpat consetetur kasd nonumy dolore ipsum facilisis et gubergren. Nibh ea sed tempor et voluptua ex elitr rebum sit ipsum amet dolor dolor adipiscing ipsum. No ipsum nibh voluptua et ipsum consetetur nonumy elitr tation dolor feugiat et ipsum eirmod aliquip et. Tincidunt ipsum dignissim elitr et takimata et dolor amet justo aliquyam sed ea justo aliquam.\nEt aliquip dolor gubergren clita et dolor congue autem gubergren kasd. Ipsum magna et aliquyam lorem. Lorem dolore dolores molestie et consetetur justo sea sed gubergren aliquip eum est magna et suscipit dolor ipsum qui. Nulla rebum vero stet illum ipsum eirmod nulla ipsum eirmod autem gubergren ea kasd ea nostrud option. Eos feugait sed est sadipscing tempor dolor justo magna rebum in exerci stet erat erat diam. Invidunt tempor ut ipsum sanctus sanctus eu no dolor sit placerat feugiat diam ea facilisi. Ut lorem voluptua justo. Et et et amet ullamcorper ut. Accusam voluptua duo option vero est elitr sed diam rebum facilisis sit facilisis eum laoreet sed tincidunt amet. Ipsum eum iusto imperdiet at nisl iusto velit ipsum. Takimata ut magna eu no eirmod voluptua nonummy sed est invidunt vero. Sed tempor dolor vero tation aliquyam rebum aliquyam elitr ex voluptua takimata. Consequat vel consetetur dolor velit lorem eos sadipscing justo ullamcorper amet et est sea. Eirmod consectetuer feugait congue vero lorem sadipscing. Eum nonumy labore takimata eirmod diam lorem voluptua sanctus dolor sit.\nSed amet duo volutpat dolor iusto gubergren congue dolor tempor invidunt est duis aliquyam. Sed duis dolor no velit eirmod dolore sit invidunt aliquyam ut euismod possim erat. Commodo est ipsum invidunt illum molestie sanctus dolore eos vero labore kasd vel sadipscing dolor dolor vero ullamcorper. Et euismod diam sed et voluptua ex consetetur eleifend tempor dolores ipsum in dolor dolor esse magna ipsum ipsum. Laoreet invidunt rebum erat kasd accusam voluptua iusto nulla nonumy sed eum justo erat stet amet. Rebum justo diam labore vel diam quis sanctus veniam rebum euismod ipsum diam dolores lorem no tempor rebum. Ipsum veniam feugait stet lorem dolor justo sit sea in erat justo nonumy ut veniam amet ea. Sit dolore amet sit eos consequat facilisis ut elitr eirmod eirmod erat esse eros est rebum ipsum zzril cum. Sed vero at diam nonumy vel vel consetetur eos facilisis suscipit lorem wisi accusam magna. Tempor consequat sit sea ut aliquip accusam magna at facilisis amet diam ea at laoreet lorem et. Gubergren lorem takimata justo adipiscing et dolor dolore consetetur augue nulla eos eirmod.\n","publishDate":"2022-01-22T00:46:41.4004506+00:00"},{"id":12,"title":"Book 12","description":"Takimata iriure wisi sed duis vel te dolor sadipscing ipsum in. Eos facilisis ipsum sed feugait dolore. Clita tincidunt sed ut ea wisi takimata accumsan sea sea duo ut erat justo vero sea nulla. Accusam ut dolor amet lorem. Lorem tempor sanctus sit et sit et sanctus laoreet stet tempor eirmod ea gubergren qui magna diam. Stet amet tincidunt lorem dolor luptatum exerci tempor sit et eirmod doming at clita consequat sed et sed gubergren. Lorem kasd lobortis amet quod labore eu ut in diam ut vero lorem. Stet feugait lobortis duis feugait nonumy aliquyam.\n","pageCount":1200,"excerpt":"Sit dolor aliquyam et hendrerit tempor tempor in. Labore ipsum takimata no nulla amet sadipscing aliquyam. Magna consetetur rebum. Delenit et in amet sed sadipscing elitr vulputate lorem vero possim autem lobortis diam stet. Diam luptatum placerat dolor feugiat dolore dolor vero lorem invidunt et blandit erat sanctus. Possim duis vel eos labore rebum quod voluptua diam et eirmod. Erat dolore kasd lorem takimata congue duo elitr takimata magna et no consetetur labore illum sit sed et tincidunt. Ipsum enim sit et et accusam facilisis ipsum et sed veniam dolore diam nisl duo facilisi elitr dolore. Est veniam stet duo et consequat.\nAmet rebum consequat et ut feugait aliquyam molestie sit dolore diam ea invidunt duo dignissim doming elit. Nobis assum nulla illum clita. Gubergren nulla justo delenit dolor et aliquyam wisi consequat elitr amet blandit duo vero sed diam voluptua.\nEst rebum consectetuer sed invidunt takimata dolore vel rebum dolore duo possim sit ipsum consetetur. Rebum sea sit ipsum dolor sanctus sed at amet vero dolor eros. Zzril exerci clita nulla dolor diam nonumy gubergren eum amet. Et commodo dolores sit dolore magna. Molestie in consectetuer voluptua nobis te stet vero.\nTakimata dolore clita sanctus te gubergren vel diam. Dolor tempor clita et ipsum justo vero eros lorem duo assum nibh tempor sadipscing stet dolor et vero tincidunt. Dolor amet et sed nobis ipsum stet eirmod dolores ut diam ipsum elit erat magna takimata eos laoreet. Sea diam lorem sea sanctus erat erat rebum exerci enim diam vero.\nSit lorem sit rebum. Assum clita aliquyam tempor te amet aliquyam ut sit amet dignissim liber clita. Accusam ut praesent ipsum invidunt dolores nulla eos justo vero nonumy kasd. Duo amet ut sadipscing molestie elitr. Et sed amet diam diam vero voluptua. Et duo lorem clita diam kasd lorem gubergren clita sit ea ipsum vulputate et et ea eu. Assum stet vero nulla. Et augue ut duis kasd. Autem stet sed diam et at. Dignissim tempor labore enim duo labore et sed et amet sit. Tempor molestie exerci sed nonumy. Et dolore ea accusam volutpat ut et. Feugiat et labore liber in aliquyam sea tempor. Eos rebum vero consetetur nonumy lobortis kasd kasd duo nonummy vero takimata elitr invidunt. Aliquyam quis amet et possim ea gubergren lorem.\n","publishDate":"2022-01-21T00:46:41.4004983+00:00"},{"id":13,"title":"Book 13","description":"Et sanctus sit ut magna ut gubergren sit elitr invidunt sea. Justo adipiscing stet est dolor lorem eos diam magna possim aliquyam consequat sit et nonumy eirmod ipsum congue nostrud. Ipsum amet velit commodo sea gubergren ipsum est volutpat sanctus enim amet erat invidunt lorem lorem sanctus molestie. Duis consetetur volutpat eu et voluptua eirmod et tempor accusam et ipsum consetetur elitr stet consectetuer eirmod. Magna dolor elit amet justo euismod at accusam aliquyam voluptua diam kasd amet dolore dolore sadipscing ea dolor. Dolores ex et et voluptua elit. Amet esse nonumy nonummy et iusto diam iriure te lorem.\n","pageCount":1300,"excerpt":"At nonumy tation clita sit et takimata voluptua illum sed. Justo facilisis iriure et dignissim gubergren. Diam et esse dolores gubergren suscipit dolore magna diam. Vero erat sanctus amet ipsum tempor facilisis sed nonumy facilisi at diam justo. Et est lorem eirmod sit accumsan praesent luptatum dolore est. Dolore no sea placerat ipsum aliquyam vel. Commodo dolor tincidunt blandit no ut diam. Erat et qui clita tation ipsum labore. Kasd nisl exerci et lorem nisl sed stet sit accusam accusam feugiat ut justo tempor voluptua labore dolore dolore. Tempor consequat diam et clita consetetur eirmod. Sit consetetur invidunt erat at eos facilisis rebum tempor at sit amet. Kasd velit eirmod sit facilisis sea eu ipsum sadipscing diam sit esse.\nSadipscing eu est no lorem labore magna. Vero duo sed cum eu. Clita facilisi gubergren et at. Et sit dolor id amet tempor sed kasd ipsum dolores accusam ad mazim magna stet. Vel illum elitr clita consequat quis sanctus et et. Eum velit tempor lorem dolores nulla amet amet at sea minim erat no dolores at possim et sea nihil. Kasd dolor lorem ipsum voluptua eum vero. Sea vero eos magna eos vero clita esse vero amet et feugait justo commodo hendrerit erat dolores. Et in odio sea consetetur est sed consetetur et elitr dolor et consetetur elitr in lorem. Justo ea sit sanctus ex sanctus amet ea dolores hendrerit tempor kasd adipiscing clita no. Eos duo ea sea amet magna consequat et aliquyam sea clita erat commodo. Sed duo et sed et. Dolor dolore et molestie et. Te eum lorem labore nisl no exerci.\nVero sadipscing feugait et eirmod ad voluptua vero et qui et consectetuer minim nobis. Sed ipsum hendrerit delenit sed kasd amet kasd nonumy sea erat diam diam amet lorem takimata gubergren et aliquam. At gubergren hendrerit dolore clita et qui exerci labore. Erat et sit labore sadipscing sit dolore dolor et elitr diam magna et clita dolore ut ullamcorper feugiat at. Sanctus elitr elitr et consetetur magna te. Dolor accusam nulla ipsum diam ut clita hendrerit amet. Ipsum dolor nisl stet. Vero takimata sed et. Aliquyam lobortis et eirmod invidunt accusam ipsum tempor diam erat sanctus clita nulla. Nostrud stet ut sed. Justo ex sit vel cum diam molestie consetetur sadipscing amet labore gubergren elit et. Aliquyam ipsum dolor dignissim et sanctus tempor vero lorem et autem elitr magna vero ea erat elitr. Sed et ipsum et et sit. Consequat diam sanctus nisl diam ipsum dolor vero amet sit nulla iriure commodo consetetur adipiscing sit eros.\nEt vel in. Sea et sed aliquyam iriure dolores lorem dolor at. Id praesent erat dolore invidunt sea consectetuer. Justo qui consectetuer assum ut consetetur odio tincidunt diam at ut hendrerit nulla no elitr. Lorem tempor lorem nonumy ipsum hendrerit dolor et facer erat lorem dolor blandit et. No dolores enim et tempor lorem eirmod dolores ipsum nulla rebum sit takimata. Et tempor ut vulputate vulputate eos et feugait sadipscing et lorem nam. Ipsum takimata nonumy voluptua at justo et sadipscing consetetur labore eum lorem vero consetetur. Dolor eum ut sadipscing. Dolor vero sed et justo lorem nisl no praesent at eirmod vel amet lorem diam erat.\nEirmod voluptua diam tempor eos molestie ullamcorper invidunt aliquyam eirmod magna. Imperdiet sea voluptua dolores elit vero. Et sea te stet eros in ut stet takimata et nisl magna dolore euismod magna aliquyam et et sit. Diam amet labore invidunt ipsum erat gubergren imperdiet aliquyam rebum et elitr ea erat eirmod sadipscing sed rebum et. Tempor accumsan duo magna te delenit vero erat kasd. Sanctus labore sit eos dolore at vero. Diam dolore ipsum lobortis dolore minim velit sit. Autem est et dolor dolor lorem sanctus rebum augue kasd invidunt no assum lorem. Magna dolor vero lorem amet iriure ut rebum. Vulputate aliquip sit iriure lorem sed et eros consequat sed sed takimata consetetur. Eirmod et sed no dolore sed eirmod dolores nonumy vero dolores diam. Diam sanctus sit amet sadipscing sed dolore ea kasd lorem clita. Esse tempor erat at ipsum. Sadipscing et et et option accusam. Et dolores ipsum dolor veniam sed duis et. Invidunt ut consequat placerat labore et et veniam accusam justo sed no sed iriure. No elitr dolores. Ullamcorper nonummy dolores sed erat.\n","publishDate":"2022-01-20T00:46:41.4005837+00:00"},{"id":14,"title":"Book 14","description":"Et vero vel consequat nulla blandit diam amet amet. Kasd et elitr diam ipsum tempor ipsum magna et velit sed possim est. Eirmod accumsan qui labore et molestie facilisis. Diam kasd lorem ut dolores lorem elitr nonumy dolore. Imperdiet praesent ipsum. Vero magna exerci labore justo kasd dolore sit consequat accusam invidunt invidunt rebum dolor rebum duis. Dolore rebum takimata invidunt ex accusam ex sed quis nonumy. Sanctus gubergren sadipscing. Vero odio duis esse voluptua blandit ipsum aliquam et sadipscing. Aliquam erat magna possim diam ea nonumy. Et justo elitr ea eum gubergren sea vero lorem accusam euismod velit in. Autem no diam tempor voluptua consectetuer sadipscing diam no ullamcorper sadipscing est volutpat et sit vero. Eleifend invidunt esse. Dolor magna nam takimata. Duo in nihil. Et et ipsum elitr ad accusam clita dolor accusam sit. Eirmod tincidunt nobis et sit at tempor erat luptatum eos vero eirmod lorem.\n","pageCount":1400,"excerpt":"Lobortis esse magna dolor et. Autem luptatum labore lorem amet clita laoreet vero iriure sit consetetur elit sadipscing. Dolor justo amet. Lorem dolore aliquyam magna accumsan commodo ut amet no et eirmod accumsan. No et sed takimata eos. Dolores sit eum duo velit invidunt diam zzril assum kasd amet. Sit lorem dolore tempor dolor assum enim diam sit. Molestie ipsum praesent at et vero dolor. Et delenit eos et et vulputate. Feugiat voluptua amet duis sit delenit justo sed accusam facilisis justo nonumy ea justo exerci et nonummy dolores. Dolore clita luptatum nulla rebum sit vel et nulla nulla kasd dolor et at ut accusam. Laoreet lorem ea sed ipsum ut adipiscing no dolor erat invidunt te ut eos. Lorem dignissim sanctus veniam amet eu rebum. Justo lorem tincidunt dolor kasd clita ipsum accusam veniam ipsum sit lorem kasd consequat takimata labore sanctus invidunt molestie.\nKasd et lorem tation dolor dolor. Et possim accusam et no diam voluptua stet ut cum magna sit. Feugait possim eum elit et autem blandit enim et vero rebum amet praesent labore. Nonumy velit augue vero rebum. Sit voluptua diam dolor amet at gubergren et sit tempor amet amet sadipscing. Accusam tempor elitr vulputate sanctus aliquyam est dolor minim takimata eirmod at et lorem illum magna diam sadipscing. Diam mazim rebum et et at qui et te dolor erat. Dolore elitr justo nonumy accusam et voluptua volutpat ut iriure. Eu ipsum no in dolor kasd takimata wisi aliquyam vulputate sed ipsum placerat facilisis et vero clita.\nAliquyam et sadipscing consetetur. Et lorem no kasd sit ea sed est dolores eirmod labore dolores. Ut magna magna accusam. Facilisis takimata ipsum nonumy doming consectetuer lobortis sadipscing vel ipsum dolor sit et velit voluptua dolore est. Consequat dolor aliquyam ea labore sanctus ut lorem dolor. Rebum facilisi at facilisi. Sadipscing ipsum clita eos consetetur. Diam tincidunt et duo elitr sea accusam odio volutpat diam diam. Magna eu vero lorem kasd mazim vel lorem elitr sed cum amet diam eos velit tempor. Lorem diam gubergren kasd no no et magna dolor dolor. Rebum eleifend vero kasd tempor. Kasd sit ut kasd at at consetetur diam ut consequat et. Sed et diam duo aliquyam praesent amet dolores et et magna invidunt eum ipsum sit ea. Sed dolores eum sea praesent duis sed soluta vel eum stet esse labore vero eos dolor.\nEt sed sit dolore at kasd et blandit nonumy eros praesent vel vero exerci facilisis amet. Aliquip autem justo eu at no ut luptatum at molestie luptatum qui magna dolor. Dolores vel vel est consetetur diam eros eirmod tempor ipsum et commodo labore. Ea aliquam sanctus accusam minim. At lorem vulputate dolore qui eum est amet takimata nonumy. Hendrerit ipsum labore. Aliquyam ea sea in eirmod consetetur clita dolores dolore. Et amet vel consetetur invidunt no ipsum eleifend gubergren. Clita eos wisi ut illum et vel voluptua dolore lorem magna eirmod amet sit ut suscipit ut aliquyam ut. Erat ipsum sed consectetuer sed enim et sanctus accusam. Sit diam molestie voluptua iusto sea volutpat magna gubergren accumsan duo clita nobis. Vel eirmod ea exerci no feugiat clita dolor eos sit erat gubergren.\nVoluptua dolores aliquyam. Lorem eos lorem est vel feugait ut sed tempor sadipscing ut ipsum. Sadipscing clita dolor sit diam ea nibh minim eos dolores erat diam velit aliquyam augue minim. Eos sadipscing consetetur erat delenit sed eirmod sit accusam diam. Adipiscing in aliquam. Et at invidunt et eu tempor invidunt dolor. Eos sit takimata autem velit lorem erat at duo et sed. Ut magna dolor sea consectetuer sit justo at te ut nonummy wisi. Ut veniam eum nonumy iriure. Stet invidunt voluptua sanctus dolor est wisi sed justo dolore gubergren.\n","publishDate":"2022-01-19T00:46:41.4006582+00:00"},{"id":15,"title":"Book 15","description":"Nonumy dolor erat facilisis facilisi duis labore invidunt amet diam eos aliquam liber sed. Justo nisl dignissim ut assum at. Nonumy et sed sit tempor rebum lorem wisi ipsum sit eirmod at nibh. Eirmod vel ut no imperdiet veniam sit consequat ipsum aliquip. Ea sanctus sea commodo sed sea ut. In aliquyam sit magna facilisi dolor ipsum no ut ipsum ut amet magna. Elitr eleifend vero labore autem elitr vel dolore tation augue facilisi elitr eirmod no. Stet takimata voluptua aliquyam kasd labore vero elitr no sit kasd sadipscing magna kasd lorem. Luptatum imperdiet zzril dolore sea hendrerit. Stet adipiscing magna et in dolore et amet voluptua amet dolor et sed ipsum possim accusam lorem. Exerci et ullamcorper sit amet invidunt. Dolore et sanctus nonummy tation sadipscing sea et amet dolor elit. Ea invidunt nulla elitr sit consequat magna et nonumy takimata eu clita at dolores magna justo voluptua. Dolor lorem veniam vero voluptua zzril sadipscing ex. Sit nulla sit et illum gubergren sadipscing dolore. Dolore eos nostrud rebum duo ipsum.\n","pageCount":1500,"excerpt":"Dolor nibh aliquyam et duis diam sit luptatum sit nulla vel. Gubergren vero dolore clita labore erat ullamcorper tempor ea dolor ipsum eirmod consectetuer lorem diam ipsum. Amet dolore exerci lorem diam nihil congue lorem wisi sea aliquam lorem consetetur illum ipsum at kasd. Diam sed ipsum feugiat eirmod clita invidunt. Est nonummy sanctus suscipit duis vel elitr takimata esse option et justo dolor rebum et stet ipsum. Diam wisi eirmod ipsum esse ipsum ut sanctus lorem. Kasd duo sadipscing duo dolor sit sadipscing et sadipscing gubergren iriure duis augue odio gubergren lorem eos sadipscing. Diam et invidunt erat gubergren eirmod dignissim dolor sed lorem duo dolore duo vel magna sit enim sanctus suscipit. Accusam est lorem sit nonummy gubergren at duo ex aliquyam nonumy magna rebum amet gubergren elitr at et. Clita et lorem ut sit. Kasd dolore rebum magna sadipscing dolore kasd diam sed zzril justo iusto et ut takimata dolor sit et gubergren. Ipsum dolores diam at dolore.\nImperdiet sadipscing et eos labore magna euismod feugiat lorem kasd invidunt sea ea consequat augue liber veniam quis. Nulla lorem accusam lorem magna erat placerat tempor accumsan stet diam. Elitr et facer rebum sadipscing consetetur iriure dolor sed molestie lorem no suscipit rebum rebum augue invidunt. Kasd consetetur labore accusam consetetur. Voluptua amet consequat consetetur nulla minim lorem diam no nonumy consetetur et at eu volutpat clita et. Exerci ipsum lorem stet dolor sit illum sed dolor sit commodo sit. Et at amet velit autem sea lorem. Ipsum wisi vel sit kasd et sadipscing lorem ipsum lorem illum nonumy accusam diam. Diam diam ut clita vero dolor veniam diam ut clita molestie eos in. No tempor tempor sanctus stet ipsum et et stet duis magna facilisi vero. Feugiat duo takimata dolores kasd vero sea sadipscing dolore ullamcorper nisl congue invidunt ea et eirmod.\nClita erat consetetur sit magna gubergren no magna sit in dolor nonumy diam ut duis no. Ea eirmod enim illum dolor dolore dolores ut. Et consectetuer veniam dolore. At quis sit sanctus sed diam ea et nostrud sea magna vero. Vero eum dolores consequat invidunt placerat tation eos illum lorem duis. Dolor sed vero amet ipsum sit sit tation sadipscing diam consetetur nonumy commodo duis voluptua sea ipsum at et.\nNulla elitr magna vel consectetuer doming et ea labore lorem wisi invidunt eirmod option voluptua esse. Veniam feugiat diam dolore diam dolor et erat vero tempor zzril dolore. Sanctus sea amet vero commodo ut nonummy duo esse amet eu iriure. Accusam facilisis tempor kasd labore amet dignissim sed invidunt sed lorem sit lorem amet dolore lorem. No vero augue wisi consectetuer takimata sit augue ipsum elitr takimata qui diam dolor clita. Dolor voluptua lobortis mazim stet ipsum magna. Sanctus lorem erat elitr sed magna diam rebum ea voluptua. Voluptua ipsum euismod lorem lobortis ut wisi clita nulla stet no at. Consetetur gubergren dolor justo sit sed stet sanctus quod dolore duis dolor gubergren gubergren illum. Dolor sadipscing et amet sanctus lorem eirmod vel. Dolor sea minim praesent eos duo erat augue et ipsum duo. Accusam ipsum lorem rebum ipsum et. Stet ullamcorper stet ut magna blandit. Dignissim eirmod sea no exerci est. Eum ea et ea. Et ipsum kasd ipsum dolor kasd feugiat et magna.\nMolestie ipsum dignissim eos adipiscing labore et amet amet labore. Lorem elitr nonumy takimata sea feugiat et elitr eirmod ipsum enim vel dolore vulputate. Lorem justo dolor amet dolore vero erat eos. Tincidunt tempor et amet exerci wisi et minim suscipit. Lorem eos rebum iusto dolore labore dolor exerci in invidunt lorem et nonumy cum ea magna ea invidunt. Sanctus facilisis justo justo commodo consequat magna et vel. Facer voluptua ipsum diam sanctus eirmod nulla. Wisi voluptua et feugait ut et tempor volutpat ex elit veniam sed sit consequat tempor aliquyam lorem nostrud. Lorem dolore accusam sit vel nibh in dolor diam dolor sadipscing kasd et. In justo kasd qui augue elitr consetetur dolore ut sit tempor qui rebum labore diam diam et. Illum sed esse at.\n","publishDate":"2022-01-18T00:46:41.4007407+00:00"},{"id":16,"title":"Book 16","description":"No duo in sed no et. Molestie eos et sanctus kasd voluptua feugiat. Dignissim tempor est sit at stet dolores dolore no sea eirmod aliquyam et. Tincidunt lorem dolor voluptua ut accusam sed duo lorem et sit est amet est. Sed hendrerit stet minim nibh rebum et dolores gubergren praesent. Dolor et autem et iusto dolore te kasd takimata. No in diam nonumy diam. Tempor eos in dolor stet nulla lorem dolore et at consequat tation eos sit et rebum sadipscing. Consetetur lorem volutpat diam ut ut doming lobortis vel in. Ipsum eos vero consectetuer gubergren.\n","pageCount":1600,"excerpt":"Suscipit erat amet commodo et luptatum sanctus consectetuer adipiscing tempor erat sanctus consequat sit dolor dolor sit invidunt aliquip. Ipsum elitr consetetur vero dolore sadipscing stet aliquyam dolor dolor accusam accusam labore. Diam dolor vero gubergren dolor justo eos sit consectetuer sea sed takimata voluptua eos nonumy dolor sed. Sed sadipscing tempor amet consequat gubergren. Dolores assum voluptua aliquyam et lorem ut vulputate. Est amet nonumy ex facilisi adipiscing est sed placerat et amet. Et eos accusam illum duo takimata sadipscing sed dolor vero dolore stet hendrerit aliquyam lorem sit. Dolor sea dolor dolor at duo nonumy consetetur ullamcorper sadipscing sit nonumy vero no.\nEum labore et et ipsum lobortis sadipscing dolore zzril justo magna takimata et voluptua eros et. Eirmod sed kasd sadipscing vero laoreet lorem amet eirmod tempor rebum magna ipsum assum. Iriure autem gubergren.\nDiam sadipscing in sit eirmod accusam consetetur tempor consequat erat autem illum delenit delenit facer option. Eos et duis iriure assum kasd diam facilisis tempor kasd magna et duis praesent at clita et eos. Dolor sit eirmod odio rebum ut adipiscing gubergren. Rebum ut nonumy dolor labore facer tation dolor justo vulputate. Adipiscing nobis lorem sit feugait stet accusam ipsum eu est esse. Amet diam ea hendrerit ea ipsum. Ipsum lorem sit minim ea et et et zzril sanctus takimata 
[...]
d sed et dolores ipsum nibh nisl lorem sit aliquyam vero lobortis amet vel. Iriure sadipscing amet ipsum suscipit facilisis magna justo dolores tempor dolor et dolores suscipit eirmod diam clita et. Eirmod elitr diam eos. Magna illum vero vulputate. Eos vulputate amet eirmod rebum sit volutpat magna tempor vel hendrerit diam accusam est rebum sit accusam vulputate. Clita eros iriure labore dolor sadipscing et kasd et et eos at dolor in gubergren vero. Dolor dignissim invidunt facilisi diam et at et sit ipsum et. Suscipit sed gubergren diam lorem augue dolores at vulputate ad sed duis. Luptatum option ea iusto sea erat. Erat dolore amet justo eirmod vel no no eirmod sed sit amet amet. Et sadipscing clita labore cum.\n","pageCount":19700,"excerpt":"Et sanctus lorem facilisi velit lorem odio ut kasd et diam erat. Diam takimata et nostrud accusam dolore qui takimata diam clita lorem. Velit no lorem tation dolor laoreet lorem in et amet eu ullamcorper nostrud sit dolor vero feugait sed nostrud. Ea wisi aliquip eos gubergren erat vel sanctus no est sadipscing iriure.\nDolor amet dolores at exerci stet vero vero. Vel diam elitr dolor aliquam ut dolore delenit stet dolores voluptua. Et nulla dolore ipsum et in et consequat erat ipsum adipiscing dignissim lorem est ipsum sanctus aliquyam assum. Amet tincidunt no justo dolor sit diam sit et duis invidunt nulla sit sed.\nInvidunt dignissim ipsum elitr. Et vero adipiscing dolore sed laoreet sadipscing ea et. Dolore hendrerit labore doming no clita sea labore dolor no enim duis consequat. Voluptua et hendrerit illum sed illum et nobis. Augue vero justo eum facilisi duo dolor sit aliquyam nam sanctus placerat et erat sit dolore. Sed est sit dolore takimata aliquyam eirmod takimata vero nonumy eum aliquyam tempor duis est et dolor est. Facer sit amet wisi sit clita elit. Lorem dolore amet gubergren. Amet rebum ut ea eleifend dolor vulputate nibh magna lorem labore aliquyam commodo vel. Eos sit at feugait takimata minim te stet sed nonumy.\nElitr diam lobortis et vero quis est magna diam. Nonumy illum amet ea elitr accumsan magna esse velit dolores vero et et ipsum in at tempor. Velit sit diam voluptua option hendrerit dolore hendrerit. Erat gubergren ut magna tempor et nonummy kasd in id elitr et dolor nobis exerci et ea. Clita at feugait labore. Sea vero et eirmod blandit rebum ut euismod nobis. Option dolor voluptua sit tempor sea wisi lorem dignissim. Magna consetetur est tempor blandit et eirmod dolor feugiat clita ea blandit amet hendrerit vero lobortis rebum consequat stet. Lorem justo gubergren lorem stet et ipsum stet ut qui. Dolor lorem labore amet et nisl eirmod nonumy praesent. Eirmod gubergren esse. Magna ut dolores diam commodo sed ut at sea sed clita labore dolor illum justo. Ipsum amet clita amet tation facilisis kasd sed sed dolor at amet aliquyam odio. Sadipscing accusam vel accusam at justo consetetur rebum sed sit. Diam dolore nonumy dolore liber ipsum et invidunt sea odio autem tempor delenit. Stet et dignissim justo ipsum diam kasd tempor accumsan esse stet aliquyam nonumy consetetur dolor elitr. Accusam consetetur rebum dolore lorem ut sea sea eos voluptua. Stet dolor autem. Dolores lorem clita voluptua et sit eirmod sea et diam ea.\nAmet eum dolor diam dolore accusam dolore. Dolore accusam in elitr aliquyam nonummy aliquyam ea dolores sed diam consetetur enim. Elitr feugiat lorem consequat in et commodo elitr est in ea esse kasd vel lorem velit magna. Et magna ea dolore et ut consetetur ipsum. Stet nisl qui nonumy. Tempor erat dolor rebum ut augue zzril erat feugiat vel amet justo diam in volutpat sit elit erat. Ut consetetur lorem vero sadipscing dolore justo sadipscing ipsum sea hendrerit sea. Lorem et nobis magna aliquyam invidunt ipsum invidunt kasd aliquam et nonumy commodo feugiat sea velit. Laoreet consequat invidunt tempor eirmod dolore volutpat est sea et dolor accusam clita accusam sed invidunt magna eos lorem. Vel et erat gubergren at justo nam est dolores ut sit tation sanctus labore dolore elitr. Elitr dolore sed ut diam et et invidunt magna amet dolores eos lorem odio takimata ipsum sanctus dolor et. Rebum ipsum amet amet stet eirmod sit accumsan at ipsum diam eirmod et dolor eirmod erat. Sed feugait dolores. Vero sadipscing diam dolor dolore eu est eirmod et quis aliquip clita diam. Suscipit sed aliquyam ipsum eirmod accusam kasd kasd dolores voluptua erat nonumy duo consequat id in. Elitr et labore laoreet no consetetur facer erat vero clita vel lorem qui amet voluptua dolor dolore.\n","publishDate":"2021-07-20T00:46:41.4395389+00:00"},{"id":198,"title":"Book 198","description":"Labore justo dolore dolor est sit voluptua dolores at elitr ea vulputate stet aliquyam nibh. Feugait elitr ad et ea sea elitr sed. Et takimata dolores kasd dolor dolores clita ut et facilisi amet accusam at aliquyam consetetur consectetuer nibh veniam sanctus. Facer eos et sadipscing. Sit commodo tempor lorem consequat feugait diam. Eirmod rebum sea diam takimata. No sit aliquip nonumy ullamcorper nonumy dolor molestie clita ut consectetuer voluptua euismod diam velit vulputate. Sed invidunt vero lorem duo dolore odio aliquam ipsum tation. Accusam dolor lorem est aliquam vel aliquyam rebum invidunt ut tempor. Ipsum sit dolore blandit congue quis et et amet sit eros eros nonumy dolore dolores. Dolor ipsum molestie.\n","pageCount":19800,"excerpt":"Sit augue iriure lorem nonummy et labore sea at eleifend nisl eu invidunt ipsum lorem eleifend ea. Stet dolore dolor sit et at euismod amet consequat nulla nonumy dolor tempor blandit facilisis diam soluta. Laoreet in dolores ut magna consequat at ut sed kasd justo. Stet no lorem in labore euismod sit duo vel ut tempor sit eirmod in dolor sea. Labore luptatum sit eirmod praesent at te et sea sit. Tempor labore cum dolor zzril no enim aliquyam vulputate magna erat eirmod sed labore clita. Et et dolor sed stet. Vulputate sanctus option eos sed ea sit et. Kasd vero vero sed feugait sit sea amet nihil sit eos accusam. Iusto minim duo lorem liber et voluptua lorem rebum kasd tation vero rebum. Dolor elitr duo amet magna ea eum stet dolor ipsum elitr accusam iusto eros velit duo.\nFacilisis ut illum eirmod sanctus eirmod no. Doming magna veniam no velit consectetuer et accusam consetetur takimata erat. In sanctus dignissim dolore veniam ipsum kasd ut ea sit delenit sit kasd feugiat stet sanctus consequat gubergren. Erat vero amet assum duis vulputate nobis invidunt feugiat sed soluta amet sed. Luptatum lorem eos erat dolores sed ut diam ullamcorper amet autem amet wisi ipsum dignissim ut et. Sit assum dolore iusto sed diam et nonummy stet kasd.\nClita wisi dolores. Option eu diam dolor magna. Dolore est zzril adipiscing sadipscing labore et cum ad no amet kasd et. Vero consetetur no liber luptatum consequat sed nulla vel minim tempor diam labore sed duo eirmod euismod. Veniam dolor sadipscing. Sea et consetetur odio accumsan diam no sanctus consetetur. Duo et tempor tempor accumsan. Consequat sed gubergren aliquyam gubergren labore consequat amet lorem magna invidunt tincidunt. Diam volutpat qui dolores iriure tempor praesent amet consetetur stet duis molestie sit laoreet justo gubergren veniam voluptua. Lorem takimata est labore tempor.\nEos diam consetetur et vero. Dignissim laoreet amet ipsum lorem nam sea praesent takimata no in magna consetetur. Takimata elit erat sed sanctus sea voluptua stet diam placerat eirmod. Et gubergren rebum nonumy sit eos lorem at. Stet voluptua dolores kasd est.\nElitr et delenit ipsum vero et dolor clita elit molestie sit illum tempor sea sit. Et lorem labore lorem tempor duo hendrerit. Kasd justo commodo amet ut clita et sit elit sed et. Elitr aliquyam sanctus takimata et qui diam augue. Ut eirmod lorem kasd imperdiet sit elit accusam rebum te. Sea aliquyam sadipscing sea delenit adipiscing lorem iusto facilisis labore nonumy sit ut diam et suscipit eum. Labore labore diam stet clita voluptua zzril gubergren et dolore ea duis facilisis et magna dolore ut vel diam. Voluptua amet et consequat eirmod et illum no odio labore nonummy takimata tempor dolor magna eros dolor. Dolor et consetetur lorem et facilisis tation ut ut sanctus rebum ipsum at eirmod est. Ut duo lorem takimata voluptua exerci facilisis vulputate diam lorem et in augue sit. Assum justo diam aliquyam accusam est iusto amet nonumy aliquyam eu lorem accumsan erat. No facilisis ipsum et no dolor. Tempor ut in eirmod accusam congue et gubergren feugiat erat aliquam assum consetetur ut ut takimata. Diam dolor ipsum nihil.\n","publishDate":"2021-07-19T00:46:41.4396037+00:00"},{"id":199,"title":"Book 199","description":"Nulla nonumy sit takimata sed facilisi velit tempor hendrerit diam. Magna est consequat eirmod ea at enim nihil dolore ex amet tempor labore. Eos qui justo nisl stet sadipscing dolor elitr. Justo ipsum voluptua elitr vero dolor elitr sed sit. Erat diam aliquyam nonumy qui iusto eos qui sit vel et. Ipsum veniam velit duo eirmod ut ut facilisis sit dignissim nonumy dolor dolores duo. Dolore nulla te diam exerci lorem nam est rebum. Rebum volutpat magna nonumy elitr. Sit laoreet est sit consectetuer invidunt sanctus rebum est. Dolores ipsum sadipscing dolor sed accusam ea amet diam diam invidunt. Et ipsum wisi nam consetetur voluptua hendrerit eirmod odio vulputate aliquam kasd consetetur. Duis eirmod amet wisi consequat sit invidunt dolor lorem. Nonummy duo ea mazim dolore ut amet wisi lorem dolor dolor takimata amet at elitr magna diam. Ut kasd nulla lorem ipsum ipsum consetetur magna sit in takimata feugiat accusam accumsan amet kasd. Diam consetetur amet nonumy. Diam takimata vulputate sed praesent dignissim eirmod justo. Nam accumsan dolor et odio takimata consectetuer eu invidunt lorem sit.\n","pageCount":19900,"excerpt":"Sed voluptua dolore at sea nonumy amet illum et sanctus tempor labore dolore nulla elitr erat. Tation elitr dolore et amet ipsum in nostrud. Lorem clita dolor sea vel facilisi blandit elit amet stet elitr consetetur augue lorem et nonumy dolor.\nMagna ut lorem diam lorem ipsum sed no dolor et. Vero consetetur dolore sed labore odio est kasd est dignissim. Tempor lobortis diam accusam stet gubergren sadipscing stet magna amet ipsum. Vero sadipscing sanctus nonumy. Lorem sadipscing ipsum nobis duis aliquyam diam dolor duis labore ea eos labore diam. Eirmod sit dolore voluptua facilisis labore dolor dolore ea eos diam esse velit lorem nonumy ut erat volutpat ut. Veniam nam ipsum consetetur sanctus dolor. Nulla at sed ea ipsum kasd eirmod takimata diam elit erat vero. Vel clita praesent sed erat hendrerit invidunt ipsum vero lorem molestie ea dolor dolore laoreet. Ut eirmod ipsum sed facilisis te sanctus eirmod vero hendrerit diam ut sadipscing stet vero. Diam sed vero autem est odio facilisi aliquam nisl euismod ipsum diam at adipiscing nulla erat et. Feugait sadipscing magna consectetuer nonummy.\nConsequat diam amet et labore sanctus. Sadipscing iusto vero amet no eos consetetur vel option dolor takimata est at erat. Vero sit ea duo ipsum diam. Duo nonumy diam dolor sea diam sit nostrud stet erat magna sed praesent dolor at clita et sadipscing rebum. Consetetur soluta rebum. Wisi voluptua adipiscing aliquyam duis dolore vel dolor at. Est volutpat et kasd et duo rebum invidunt diam eirmod soluta labore dolor gubergren. Gubergren dolore at nisl voluptua tempor dolore no dolor ipsum dolore ut stet. Lorem dolore praesent dolores. Et diam nisl no diam sit zzril takimata at vero vero et congue. Feugiat eirmod labore amet no enim sed. Eros rebum diam labore no consetetur. Nulla takimata ut dolores eos ad sadipscing at accusam dolor amet gubergren no sea cum sed aliquyam aliquip ipsum. Diam lorem nisl diam ea dolore dolor dolor velit sit. Eirmod laoreet lorem. Duo nonumy sit laoreet consetetur. Consectetuer amet ipsum et et kasd autem takimata ut ea aliquip. Laoreet justo sadipscing duo ad lorem ullamcorper justo amet consequat voluptua ipsum. Voluptua ea et ut diam erat voluptua euismod labore nulla lorem vero et sit accusam amet.\nTincidunt veniam duis lorem magna quod sit diam amet. Vero tation kasd et stet sit illum enim sea accusam amet eos laoreet vero hendrerit te consetetur id dolore. Justo vero et et et elitr mazim. Molestie eu ut duo quis gubergren diam sed minim magna erat et kasd sanctus nisl. Quis nonumy ut tempor sed aliquyam autem at no ea vero ex eirmod nonummy tempor. Labore clita magna et molestie te clita magna sea lorem consetetur. Ea no at et invidunt aliquyam accumsan sed takimata aliquip at amet duo dolor gubergren. Labore tempor ipsum labore aliquyam sea amet dolores voluptua magna. Et et lorem commodo dolore amet consetetur sed amet nonumy. Ipsum eu takimata et rebum ea illum ut exerci sadipscing ea invidunt ipsum dignissim. Gubergren sea at no nonummy velit et. Eos invidunt ipsum sanctus kasd illum. Ut gubergren nam esse facilisi dignissim sed magna. Ut et sed placerat assum wisi nonumy sanctus diam luptatum molestie dolor. Invidunt dolore dolore.\nGubergren aliquyam sea. Ipsum sit et nostrud sea erat kasd stet sadipscing et duis. Sanctus te delenit autem. Tempor sit ipsum rebum option ea takimata amet tempor voluptua lorem enim iriure facilisis dolor. Et ea vulputate vulputate aliquyam facilisi kasd amet rebum nulla dolor eos sed stet consequat at clita. Diam et aliquyam labore ipsum et in. Et dolor clita. Wisi accusam quis vero sadipscing erat vero eos at qui invidunt. Ipsum sed et labore eum at eos eos dolor nonumy esse duo et ut dolore eos dolore lorem. Diam et et sadipscing aliquyam illum ipsum ipsum. Sit possim adipiscing voluptua erat sed et clita lorem no aliquip. Lorem nonumy ea et et. Lorem takimata erat dolor hendrerit accusam duo enim justo. Ipsum invidunt molestie amet est dolor et adipiscing diam dolores liber consetetur et lorem eos facilisi odio ipsum elitr. Sit esse ipsum eirmod quod ea sea lorem clita kasd eirmod dolores gubergren esse stet rebum erat sanctus. Aliquip dolores et et molestie tempor gubergren sed blandit sed. Erat ea eos vero aliquyam vel velit ipsum qui nonumy diam eos vel ea aliquyam lorem ut sanctus tempor. Et lorem sed nulla sanctus justo.\n","publishDate":"2021-07-18T00:46:41.4396961+00:00"},{"id":200,"title":"Book 200","description":"Sit dolore eos takimata iusto at elitr nonumy. Ut hendrerit lorem sea velit molestie aliquam exerci facilisis lorem gubergren lorem gubergren voluptua. Consectetuer dolor ea lorem eirmod ea eum clita aliquyam elitr dolor invidunt ea sit molestie takimata eos. Gubergren lorem ex ut accusam magna minim iusto sit ad et duo clita nisl exerci consetetur at diam. Lobortis amet consequat diam adipiscing justo kasd. Amet iusto amet amet elitr amet sanctus takimata sed. Diam magna illum hendrerit dolores duo rebum elitr sanctus augue nostrud. Et nibh sit sed labore sed clita dolor eos velit est. Vero ea volutpat laoreet at nulla sit iriure. Dolores ipsum takimata erat magna ipsum diam voluptua aliquyam sed soluta stet stet vel qui ipsum. Gubergren accusam amet consequat eos. Voluptua amet ea et gubergren te consequat cum vel duo amet esse. Et lorem nisl sadipscing dolor erat dolores doming odio eros vero. Dolores ut aliquyam ipsum delenit luptatum zzril consetetur facilisi adipiscing labore et dolor amet sit. Takimata lorem amet et stet. Voluptua volutpat voluptua sed veniam et liber rebum diam ipsum nulla eos amet tempor luptatum odio.\n","pageCount":20000,"excerpt":"Ut in et sed rebum molestie veniam takimata labore at eirmod ad aliquyam ipsum. Hendrerit ipsum dolore dolor lorem nonumy vel takimata feugait elitr eleifend et sed. Consequat consetetur vel sanctus. Accusam et nonumy amet ipsum esse autem lorem lorem.\nPlacerat laoreet sanctus et nulla et ut lorem. Stet tempor lorem sit dolores rebum amet vero sit suscipit zzril. Tation invidunt et no dolore dolor nonumy blandit sanctus. Duo diam et amet sed. Dolor est vulputate at accusam quis ut sit amet sadipscing et nonumy kasd vero sea exerci aliquyam. Aliquyam diam vero nibh tempor consetetur diam adipiscing et sadipscing invidunt nonummy erat dolores tempor voluptua et sed. Laoreet ut sit sit magna enim diam. Takimata et luptatum kasd nisl sit sadipscing justo accumsan stet voluptua et. Ut diam dolor justo ipsum elitr ea et ut invidunt ipsum dolores.\nNonumy nulla dolore elitr clita nonummy aliquyam et diam elitr et ipsum nulla ut erat stet. Sit in dolores placerat consetetur dolore ipsum ea vero facilisis autem ipsum nonumy stet facilisis eros facilisi. Diam voluptua et rebum in amet dolores blandit iriure takimata lorem iriure zzril nisl justo nonumy sea. Facilisis enim stet et ut nulla velit stet sit erat.\nTempor laoreet eirmod aliquyam sea tempor voluptua. Ea dolor diam voluptua molestie placerat ea iriure lorem amet sit sit sanctus invidunt magna. Eros takimata diam magna voluptua diam gubergren eos sit ipsum accusam duis et dolor sit dolores diam eros euismod. Kasd molestie at nostrud est. Duis et dolore dolores invidunt dolor sed stet diam labore dolor amet sanctus eirmod nisl labore sadipscing. Magna takimata eirmod feugiat et. Diam nonummy at labore feugiat vero rebum dolor et dolor sit kasd autem ut hendrerit ipsum est no. Kasd eirmod ipsum tempor est sea sed consetetur est elitr duis diam justo justo facilisis stet. Amet et amet aliquyam tempor labore ipsum sea te. Facilisi sea magna dolor dolor erat labore accusam clita sit voluptua qui stet eirmod. Elitr accusam nonummy sea. Accusam ea accusam ea sea ut vero duo et lorem sed dolor aliquyam et. Tempor feugait vero sed clita ex. Dolore clita ut at sanctus clita dolores sed delenit amet labore kasd. Facilisi accusam et sadipscing et justo et sit nulla ipsum augue diam. Duo sadipscing et aliquyam.\nUllamcorper vulputate dolore takimata adipiscing labore aliquyam zzril praesent. Ipsum et stet dolor. Stet lorem sadipscing ex praesent eros stet vero et no. Ipsum elitr duis dolor amet ut. Ipsum vulputate labore te elit ex gubergren ea ipsum autem et.\n","publishDate":"2021-07-17T00:46:41.439756+00:00"}]</msg>
<status status="PASS" starttime="20220201 21:46:43.167" endtime="20220201 21:46:43.183"/>
</kw>
<kw name="Set Test Variable" library="BuiltIn">
<arg>${RESPOSTA}</arg>
<doc>Makes a variable available everywhere within the scope of the current test.</doc>
<msg timestamp="20220201 21:46:43.184" level="INFO">${RESPOSTA} = &lt;Response [200]&gt;</msg>
<status status="PASS" starttime="20220201 21:46:43.183" endtime="20220201 21:46:43.184"/>
</kw>
<kw name="Should Be Equal As Strings" library="BuiltIn">
<arg>${RESPOSTA.status_code}</arg>
<arg>200</arg>
<doc>Fails if objects are unequal after converting them to strings.</doc>
<msg timestamp="20220201 21:46:43.185" level="INFO">Argument types are:
&lt;class 'int'&gt;
&lt;type 'unicode'&gt;</msg>
<status status="PASS" starttime="20220201 21:46:43.184" endtime="20220201 21:46:43.185"/>
</kw>
<kw name="Should Be Equal As Strings" library="BuiltIn">
<arg>${RESPOSTA.reason}</arg>
<arg>OK</arg>
<doc>Fails if objects are unequal after converting them to strings.</doc>
<status status="PASS" starttime="20220201 21:46:43.185" endtime="20220201 21:46:43.186"/>
</kw>
<status status="PASS" starttime="20220201 21:46:40.847" endtime="20220201 21:46:43.186"/>
</test>
<doc>Aqui estarão presentes os testes de API automatizados</doc>
<status status="PASS" starttime="20220201 21:46:40.587" endtime="20220201 21:46:43.188"/>
</suite>
<statistics>
<total>
<stat pass="1" fail="0" skip="0">All Tests</stat>
</total>
<tag>
</tag>
<suite>
<stat pass="1" fail="0" skip="0" id="s1" name="Apiautomation">Apiautomation</stat>
</suite>
</statistics>
<errors>
<msg timestamp="20220201 21:46:40.842" level="ERROR">Error in resource file 'C:\Users\user\OneDrive - Prime Control\Área de Trabalho\cursorobotframework\src\auto\keywords\kws_web.robot': Creating keyword 'Então deve ser apresentada a mensagem "Usuário criado com sucesso"' failed: Keyword with same name defined multiple times.</msg>
</errors>
</robot>
